mode: atomic
github.com/felixgeelhaar/roady/cmd/roady/main.go:9.13,10.38 1 0
github.com/felixgeelhaar/roady/cmd/roady/main.go:10.38,12.3 1 0
github.com/felixgeelhaar/roady/internal/application/ai_planning_service.go:18.122,20.2 1 0
github.com/felixgeelhaar/roady/internal/application/ai_planning_service.go:22.88,25.16 2 0
github.com/felixgeelhaar/roady/internal/application/ai_planning_service.go:25.16,27.3 1 0
github.com/felixgeelhaar/roady/internal/application/ai_planning_service.go:28.2,28.18 1 0
github.com/felixgeelhaar/roady/internal/application/ai_planning_service.go:28.18,30.3 1 0
github.com/felixgeelhaar/roady/internal/application/ai_planning_service.go:33.2,34.16 2 0
github.com/felixgeelhaar/roady/internal/application/ai_planning_service.go:34.16,36.3 1 0
github.com/felixgeelhaar/roady/internal/application/ai_planning_service.go:39.2,46.16 3 0
github.com/felixgeelhaar/roady/internal/application/ai_planning_service.go:46.16,48.3 1 0
github.com/felixgeelhaar/roady/internal/application/ai_planning_service.go:51.2,55.17 1 0
github.com/felixgeelhaar/roady/internal/application/ai_planning_service.go:55.17,57.3 1 0
github.com/felixgeelhaar/roady/internal/application/ai_planning_service.go:62.2,65.82 3 0
github.com/felixgeelhaar/roady/internal/application/audit_service.go:14.69,16.2 1 0
github.com/felixgeelhaar/roady/internal/application/audit_service.go:18.96,27.50 2 0
github.com/felixgeelhaar/roady/internal/application/audit_service.go:27.50,29.3 1 0
github.com/felixgeelhaar/roady/internal/application/audit_service.go:32.2,40.34 3 0
github.com/felixgeelhaar/roady/internal/application/drift_service.go:17.69,19.2 1 0
github.com/felixgeelhaar/roady/internal/application/drift_service.go:22.61,24.16 2 0
github.com/felixgeelhaar/roady/internal/application/drift_service.go:24.16,26.3 1 0
github.com/felixgeelhaar/roady/internal/application/drift_service.go:28.2,29.16 2 0
github.com/felixgeelhaar/roady/internal/application/drift_service.go:29.16,31.3 1 0
github.com/felixgeelhaar/roady/internal/application/drift_service.go:33.2,41.34 3 0
github.com/felixgeelhaar/roady/internal/application/drift_service.go:41.34,42.27 1 0
github.com/felixgeelhaar/roady/internal/application/drift_service.go:42.27,44.4 1 0
github.com/felixgeelhaar/roady/internal/application/drift_service.go:47.2,47.40 1 0
github.com/felixgeelhaar/roady/internal/application/drift_service.go:47.40,48.34 1 0
github.com/felixgeelhaar/roady/internal/application/drift_service.go:48.34,56.4 1 0
github.com/felixgeelhaar/roady/internal/application/drift_service.go:60.2,60.34 1 0
github.com/felixgeelhaar/roady/internal/application/drift_service.go:60.34,61.22 1 0
github.com/felixgeelhaar/roady/internal/application/drift_service.go:61.22,62.12 1 0
github.com/felixgeelhaar/roady/internal/application/drift_service.go:65.3,68.41 3 0
github.com/felixgeelhaar/roady/internal/application/drift_service.go:68.41,69.15 1 0
github.com/felixgeelhaar/roady/internal/application/drift_service.go:69.15,77.5 1 0
github.com/felixgeelhaar/roady/internal/application/drift_service.go:77.10,77.31 1 0
github.com/felixgeelhaar/roady/internal/application/drift_service.go:77.31,85.5 1 0
github.com/felixgeelhaar/roady/internal/application/drift_service.go:88.3,88.51 1 0
github.com/felixgeelhaar/roady/internal/application/drift_service.go:88.51,92.24 2 0
github.com/felixgeelhaar/roady/internal/application/drift_service.go:92.24,94.5 1 0
github.com/felixgeelhaar/roady/internal/application/drift_service.go:96.4,102.6 1 0
github.com/felixgeelhaar/roady/internal/application/drift_service.go:106.2,106.20 1 0
github.com/felixgeelhaar/roady/internal/application/init_service.go:14.88,16.2 1 0
github.com/felixgeelhaar/roady/internal/application/init_service.go:18.60,19.28 1 0
github.com/felixgeelhaar/roady/internal/application/init_service.go:19.28,21.3 1 0
github.com/felixgeelhaar/roady/internal/application/init_service.go:23.2,23.44 1 0
github.com/felixgeelhaar/roady/internal/application/init_service.go:23.44,25.3 1 0
github.com/felixgeelhaar/roady/internal/application/init_service.go:27.2,29.17 1 0
github.com/felixgeelhaar/roady/internal/application/init_service.go:29.17,32.3 1 0
github.com/felixgeelhaar/roady/internal/application/init_service.go:35.2,49.53 2 0
github.com/felixgeelhaar/roady/internal/application/init_service.go:49.53,51.3 1 0
github.com/felixgeelhaar/roady/internal/application/init_service.go:53.2,53.57 1 0
github.com/felixgeelhaar/roady/internal/application/init_service.go:53.57,55.3 1 0
github.com/felixgeelhaar/roady/internal/application/init_service.go:58.2,62.57 2 0
github.com/felixgeelhaar/roady/internal/application/init_service.go:62.57,64.3 1 0
github.com/felixgeelhaar/roady/internal/application/init_service.go:66.2,66.48 1 0
github.com/felixgeelhaar/roady/internal/application/plan_service.go:16.88,18.2 1 0
github.com/felixgeelhaar/roady/internal/application/plan_service.go:21.62,22.65 1 0
github.com/felixgeelhaar/roady/internal/application/plan_service.go:22.65,24.3 1 0
github.com/felixgeelhaar/roady/internal/application/plan_service.go:25.2,26.16 2 0
github.com/felixgeelhaar/roady/internal/application/plan_service.go:26.16,28.3 1 0
github.com/felixgeelhaar/roady/internal/application/plan_service.go:31.2,32.37 2 0
github.com/felixgeelhaar/roady/internal/application/plan_service.go:32.37,41.3 1 0
github.com/felixgeelhaar/roady/internal/application/plan_service.go:43.2,43.40 1 0
github.com/felixgeelhaar/roady/internal/application/plan_service.go:47.81,50.17 1 0
github.com/felixgeelhaar/roady/internal/application/plan_service.go:50.17,52.3 1 0
github.com/felixgeelhaar/roady/internal/application/plan_service.go:53.2,53.31 1 0
github.com/felixgeelhaar/roady/internal/application/plan_service.go:56.57,58.2 1 0
github.com/felixgeelhaar/roady/internal/application/plan_service.go:61.92,63.16 2 0
github.com/felixgeelhaar/roady/internal/application/plan_service.go:63.16,65.3 1 0
github.com/felixgeelhaar/roady/internal/application/plan_service.go:67.2,74.39 5 0
github.com/felixgeelhaar/roady/internal/application/plan_service.go:74.39,77.40 3 0
github.com/felixgeelhaar/roady/internal/application/plan_service.go:77.40,79.4 1 0
github.com/felixgeelhaar/roady/internal/application/plan_service.go:82.2,90.41 2 0
github.com/felixgeelhaar/roady/internal/application/plan_service.go:90.41,92.56 1 0
github.com/felixgeelhaar/roady/internal/application/plan_service.go:92.56,96.4 3 0
github.com/felixgeelhaar/roady/internal/application/plan_service.go:97.3,97.50 1 0
github.com/felixgeelhaar/roady/internal/application/plan_service.go:101.2,101.42 1 0
github.com/felixgeelhaar/roady/internal/application/plan_service.go:101.42,103.3 1 0
github.com/felixgeelhaar/roady/internal/application/plan_service.go:105.2,105.46 1 0
github.com/felixgeelhaar/roady/internal/application/plan_service.go:105.46,107.3 1 0
github.com/felixgeelhaar/roady/internal/application/plan_service.go:109.2,109.49 1 0
github.com/felixgeelhaar/roady/internal/application/plan_service.go:109.49,111.3 1 0
github.com/felixgeelhaar/roady/internal/application/plan_service.go:113.2,113.21 1 0
github.com/felixgeelhaar/roady/internal/application/policy_service.go:15.71,17.2 1 0
github.com/felixgeelhaar/roady/internal/application/policy_service.go:20.71,22.16 2 0
github.com/felixgeelhaar/roady/internal/application/policy_service.go:22.16,24.3 1 0
github.com/felixgeelhaar/roady/internal/application/policy_service.go:26.2,27.16 2 0
github.com/felixgeelhaar/roady/internal/application/policy_service.go:27.16,29.3 1 0
github.com/felixgeelhaar/roady/internal/application/policy_service.go:31.2,37.38 2 0
github.com/felixgeelhaar/roady/internal/application/spec_service.go:18.67,20.2 1 0
github.com/felixgeelhaar/roady/internal/application/spec_service.go:23.82,26.16 3 0
github.com/felixgeelhaar/roady/internal/application/spec_service.go:26.16,28.3 1 0
github.com/felixgeelhaar/roady/internal/application/spec_service.go:29.2,43.21 6 0
github.com/felixgeelhaar/roady/internal/application/spec_service.go:43.21,46.36 2 0
github.com/felixgeelhaar/roady/internal/application/spec_service.go:46.36,48.4 1 0
github.com/felixgeelhaar/roady/internal/application/spec_service.go:48.9,48.44 1 0
github.com/felixgeelhaar/roady/internal/application/spec_service.go:48.44,49.29 1 0
github.com/felixgeelhaar/roady/internal/application/spec_service.go:49.29,53.5 3 0
github.com/felixgeelhaar/roady/internal/application/spec_service.go:55.4,60.5 3 0
github.com/felixgeelhaar/roady/internal/application/spec_service.go:61.9,62.29 1 0
github.com/felixgeelhaar/roady/internal/application/spec_service.go:62.29,64.5 1 0
github.com/felixgeelhaar/roady/internal/application/spec_service.go:64.10,64.58 1 0
github.com/felixgeelhaar/roady/internal/application/spec_service.go:64.58,66.5 1 0
github.com/felixgeelhaar/roady/internal/application/spec_service.go:70.2,70.27 1 0
github.com/felixgeelhaar/roady/internal/application/spec_service.go:70.27,73.3 2 0
github.com/felixgeelhaar/roady/internal/application/spec_service.go:75.2,75.38 1 0
github.com/felixgeelhaar/roady/internal/application/spec_service.go:75.38,77.3 1 0
github.com/felixgeelhaar/roady/internal/application/spec_service.go:79.2,79.53 1 0
github.com/felixgeelhaar/roady/internal/application/spec_service.go:79.53,81.3 1 0
github.com/felixgeelhaar/roady/internal/application/spec_service.go:83.2,83.25 1 0
github.com/felixgeelhaar/roady/internal/application/spec_service.go:86.60,88.2 1 0
github.com/felixgeelhaar/roady/internal/application/task_service.go:14.67,16.2 1 0
github.com/felixgeelhaar/roady/internal/application/task_service.go:19.73,21.16 2 0
github.com/felixgeelhaar/roady/internal/application/task_service.go:21.16,23.3 1 0
github.com/felixgeelhaar/roady/internal/application/task_service.go:26.2,28.31 3 0
github.com/felixgeelhaar/roady/internal/application/task_service.go:28.31,29.21 1 0
github.com/felixgeelhaar/roady/internal/application/task_service.go:29.21,32.9 3 0
github.com/felixgeelhaar/roady/internal/application/task_service.go:36.2,36.23 1 0
github.com/felixgeelhaar/roady/internal/application/task_service.go:36.23,38.3 1 0
github.com/felixgeelhaar/roady/internal/application/task_service.go:41.2,42.16 2 0
github.com/felixgeelhaar/roady/internal/application/task_service.go:42.16,44.3 1 0
github.com/felixgeelhaar/roady/internal/application/task_service.go:47.2,48.46 2 0
github.com/felixgeelhaar/roady/internal/application/task_service.go:48.46,50.3 1 0
github.com/felixgeelhaar/roady/internal/application/task_service.go:51.2,56.30 2 0
github.com/felixgeelhaar/roady/internal/application/task_service.go:56.30,58.3 1 0
github.com/felixgeelhaar/roady/internal/application/task_service.go:61.2,64.30 3 0
github.com/felixgeelhaar/roady/internal/domain/drift/drift.go:41.42,42.29 1 3
github.com/felixgeelhaar/roady/internal/domain/drift/drift.go:42.29,43.37 1 2
github.com/felixgeelhaar/roady/internal/domain/drift/drift.go:43.37,45.4 1 1
github.com/felixgeelhaar/roady/internal/domain/drift/drift.go:47.2,47.14 1 2
github.com/felixgeelhaar/roady/internal/domain/planning/dag.go:7.36,13.28 4 0
github.com/felixgeelhaar/roady/internal/domain/planning/dag.go:13.28,15.3 1 0
github.com/felixgeelhaar/roady/internal/domain/planning/dag.go:17.2,18.36 2 0
github.com/felixgeelhaar/roady/internal/domain/planning/dag.go:18.36,23.14 4 0
github.com/felixgeelhaar/roady/internal/domain/planning/dag.go:23.14,28.4 2 0
github.com/felixgeelhaar/roady/internal/domain/planning/dag.go:30.3,30.40 1 0
github.com/felixgeelhaar/roady/internal/domain/planning/dag.go:30.40,31.23 1 0
github.com/felixgeelhaar/roady/internal/domain/planning/dag.go:31.23,32.40 1 0
github.com/felixgeelhaar/roady/internal/domain/planning/dag.go:32.40,34.6 1 0
github.com/felixgeelhaar/roady/internal/domain/planning/dag.go:35.10,35.36 1 0
github.com/felixgeelhaar/roady/internal/domain/planning/dag.go:35.36,37.5 1 0
github.com/felixgeelhaar/roady/internal/domain/planning/dag.go:40.3,41.13 2 0
github.com/felixgeelhaar/roady/internal/domain/planning/dag.go:44.2,44.28 1 0
github.com/felixgeelhaar/roady/internal/domain/planning/dag.go:44.28,45.21 1 0
github.com/felixgeelhaar/roady/internal/domain/planning/dag.go:45.21,46.38 1 0
github.com/felixgeelhaar/roady/internal/domain/planning/dag.go:46.38,48.5 1 0
github.com/felixgeelhaar/roady/internal/domain/planning/dag.go:52.2,52.12 1 0
github.com/felixgeelhaar/roady/internal/domain/planning/plan.go:39.30,43.28 4 0
github.com/felixgeelhaar/roady/internal/domain/planning/plan.go:43.28,46.3 2 0
github.com/felixgeelhaar/roady/internal/domain/planning/plan.go:47.2,47.39 1 0
github.com/felixgeelhaar/roady/internal/domain/planning/task_fsm.go:25.74,56.16 7 0
github.com/felixgeelhaar/roady/internal/domain/planning/task_fsm.go:56.16,58.3 1 0
github.com/felixgeelhaar/roady/internal/domain/planning/task_fsm.go:60.2,63.57 3 0
github.com/felixgeelhaar/roady/internal/domain/planning/task_fsm.go:67.60,71.2 2 0
github.com/felixgeelhaar/roady/internal/domain/planning/task_fsm.go:73.46,75.2 1 0
github.com/felixgeelhaar/roady/internal/domain/plugin/interface.go:21.71,23.2 1 0
github.com/felixgeelhaar/roady/internal/domain/plugin/interface.go:25.88,27.2 1 0
github.com/felixgeelhaar/roady/internal/domain/plugin/interface.go:32.93,36.2 3 0
github.com/felixgeelhaar/roady/internal/domain/plugin/interface.go:40.97,44.2 3 0
github.com/felixgeelhaar/roady/internal/domain/policy/policy.go:32.64,34.32 2 0
github.com/felixgeelhaar/roady/internal/domain/policy/policy.go:34.32,36.3 1 0
github.com/felixgeelhaar/roady/internal/domain/policy/policy.go:37.2,37.19 1 0
github.com/felixgeelhaar/roady/internal/domain/policy/rules/wip.go:14.34,16.2 1 0
github.com/felixgeelhaar/roady/internal/domain/policy/rules/wip.go:18.71,20.34 2 0
github.com/felixgeelhaar/roady/internal/domain/policy/rules/wip.go:20.34,21.47 1 0
github.com/felixgeelhaar/roady/internal/domain/policy/rules/wip.go:21.47,23.4 1 0
github.com/felixgeelhaar/roady/internal/domain/policy/rules/wip.go:26.2,26.31 1 0
github.com/felixgeelhaar/roady/internal/domain/policy/rules/wip.go:26.31,34.3 1 0
github.com/felixgeelhaar/roady/internal/domain/policy/rules/wip.go:36.2,36.12 1 0
github.com/felixgeelhaar/roady/internal/domain/spec/spec.go:34.37,39.2 3 0
github.com/felixgeelhaar/roady/internal/domain/spec/spec.go:42.42,44.16 2 0
github.com/felixgeelhaar/roady/internal/domain/spec/spec.go:44.16,46.3 1 0
github.com/felixgeelhaar/roady/internal/domain/spec/spec.go:47.2,47.19 1 0
github.com/felixgeelhaar/roady/internal/domain/spec/spec.go:47.19,49.3 1 0
github.com/felixgeelhaar/roady/internal/domain/spec/spec.go:50.2,50.26 1 0
github.com/felixgeelhaar/roady/internal/domain/spec/spec.go:50.26,52.3 1 0
github.com/felixgeelhaar/roady/internal/domain/spec/spec.go:54.2,55.31 2 0
github.com/felixgeelhaar/roady/internal/domain/spec/spec.go:55.31,56.17 1 0
github.com/felixgeelhaar/roady/internal/domain/spec/spec.go:56.17,58.4 1 0
github.com/felixgeelhaar/roady/internal/domain/spec/spec.go:59.3,59.20 1 0
github.com/felixgeelhaar/roady/internal/domain/spec/spec.go:59.20,61.4 1 0
github.com/felixgeelhaar/roady/internal/domain/spec/spec.go:62.3,62.23 1 0
github.com/felixgeelhaar/roady/internal/domain/spec/spec.go:64.2,64.13 1 0
github.com/felixgeelhaar/roady/internal/infrastructure/ai/ollama.go:19.54,20.17 1 0
github.com/felixgeelhaar/roady/internal/infrastructure/ai/ollama.go:20.17,22.3 1 0
github.com/felixgeelhaar/roady/internal/infrastructure/ai/ollama.go:23.2,23.38 1 0
github.com/felixgeelhaar/roady/internal/infrastructure/ai/ollama.go:26.38,28.2 1 0
github.com/felixgeelhaar/roady/internal/infrastructure/ai/ollama.go:30.114,31.41 1 0
github.com/felixgeelhaar/roady/internal/infrastructure/ai/ollama.go:31.41,33.3 1 0
github.com/felixgeelhaar/roady/internal/infrastructure/ai/ollama.go:35.2,36.22 2 0
github.com/felixgeelhaar/roady/internal/infrastructure/ai/ollama.go:36.22,38.3 1 0
github.com/felixgeelhaar/roady/internal/infrastructure/ai/ollama.go:40.2,40.25 1 0
github.com/felixgeelhaar/roady/internal/infrastructure/ai/ollama.go:40.25,42.3 1 0
github.com/felixgeelhaar/roady/internal/infrastructure/ai/ollama.go:45.2,47.16 3 0
github.com/felixgeelhaar/roady/internal/infrastructure/ai/ollama.go:47.16,49.3 1 0
github.com/felixgeelhaar/roady/internal/infrastructure/ai/ollama.go:51.2,59.8 1 0
github.com/felixgeelhaar/roady/internal/infrastructure/ai/resilient.go:16.65,18.2 1 0
github.com/felixgeelhaar/roady/internal/infrastructure/ai/resilient.go:20.41,22.2 1 0
github.com/felixgeelhaar/roady/internal/infrastructure/ai/resilient.go:24.117,42.98 3 0
github.com/felixgeelhaar/roady/internal/infrastructure/ai/resilient.go:42.98,43.78 1 0
github.com/felixgeelhaar/roady/internal/infrastructure/ai/resilient.go:43.78,45.4 1 0
github.com/felixgeelhaar/roady/internal/infrastructure/cli/dashboard.go:18.54,19.54 1 0
github.com/felixgeelhaar/roady/internal/infrastructure/cli/dashboard.go:19.54,21.4 1 0
github.com/felixgeelhaar/roady/internal/infrastructure/cli/dashboard.go:22.3,23.36 2 0
github.com/felixgeelhaar/roady/internal/infrastructure/cli/dashboard.go:23.36,25.4 1 0
github.com/felixgeelhaar/roady/internal/infrastructure/cli/dashboard.go:26.3,26.13 1 0
github.com/felixgeelhaar/roady/internal/infrastructure/cli/dashboard.go:30.13,32.2 1 0
github.com/felixgeelhaar/roady/internal/infrastructure/cli/dashboard.go:58.27,64.16 4 0
github.com/felixgeelhaar/roady/internal/infrastructure/cli/dashboard.go:64.16,66.3 1 0
github.com/felixgeelhaar/roady/internal/infrastructure/cli/dashboard.go:68.2,69.16 2 0
github.com/felixgeelhaar/roady/internal/infrastructure/cli/dashboard.go:69.16,71.3 1 0
github.com/felixgeelhaar/roady/internal/infrastructure/cli/dashboard.go:74.2,82.31 3 0
github.com/felixgeelhaar/roady/internal/infrastructure/cli/dashboard.go:82.31,85.3 2 0
github.com/felixgeelhaar/roady/internal/infrastructure/cli/dashboard.go:87.2,111.19 9 0
github.com/felixgeelhaar/roady/internal/infrastructure/cli/dashboard.go:111.19,112.39 1 0
github.com/felixgeelhaar/roady/internal/infrastructure/cli/dashboard.go:112.39,114.4 1 0
github.com/felixgeelhaar/roady/internal/infrastructure/cli/dashboard.go:117.2,122.3 1 0
github.com/felixgeelhaar/roady/internal/infrastructure/cli/dashboard.go:125.31,125.45 1 0
github.com/felixgeelhaar/roady/internal/infrastructure/cli/dashboard.go:127.57,129.27 2 0
github.com/felixgeelhaar/roady/internal/infrastructure/cli/dashboard.go:130.18,131.23 1 0
github.com/felixgeelhaar/roady/internal/infrastructure/cli/dashboard.go:132.22,133.22 1 0
github.com/felixgeelhaar/roady/internal/infrastructure/cli/dashboard.go:136.2,137.15 2 0
github.com/felixgeelhaar/roady/internal/infrastructure/cli/dashboard.go:140.30,141.18 1 0
github.com/felixgeelhaar/roady/internal/infrastructure/cli/dashboard.go:141.18,143.3 1 0
github.com/felixgeelhaar/roady/internal/infrastructure/cli/dashboard.go:145.2,148.22 3 0
github.com/felixgeelhaar/roady/internal/infrastructure/cli/dashboard.go:148.22,150.29 2 0
github.com/felixgeelhaar/roady/internal/infrastructure/cli/dashboard.go:150.29,152.4 1 0
github.com/felixgeelhaar/roady/internal/infrastructure/cli/dashboard.go:153.8,155.3 1 0
github.com/felixgeelhaar/roady/internal/infrastructure/cli/dashboard.go:157.2,165.10 1 0
github.com/felixgeelhaar/roady/internal/infrastructure/cli/doctor.go:14.54,21.46 5 0
github.com/felixgeelhaar/roady/internal/infrastructure/cli/doctor.go:21.46,23.30 2 0
github.com/felixgeelhaar/roady/internal/infrastructure/cli/doctor.go:23.30,26.4 2 0
github.com/felixgeelhaar/roady/internal/infrastructure/cli/doctor.go:26.9,28.4 1 0
github.com/felixgeelhaar/roady/internal/infrastructure/cli/doctor.go:31.2,31.39 1 0
github.com/felixgeelhaar/roady/internal/infrastructure/cli/doctor.go:31.39,32.28 1 0
github.com/felixgeelhaar/roady/internal/infrastructure/cli/doctor.go:32.28,34.4 1 0
github.com/felixgeelhaar/roady/internal/infrastructure/cli/doctor.go:35.3,35.13 1 0
github.com/felixgeelhaar/roady/internal/infrastructure/cli/doctor.go:38.2,38.34 1 0
github.com/felixgeelhaar/roady/internal/infrastructure/cli/doctor.go:38.34,41.3 2 0
github.com/felixgeelhaar/roady/internal/infrastructure/cli/doctor.go:43.2,43.36 1 0
github.com/felixgeelhaar/roady/internal/infrastructure/cli/doctor.go:43.36,46.3 2 0
github.com/felixgeelhaar/roady/internal/infrastructure/cli/doctor.go:48.2,48.34 1 0
github.com/felixgeelhaar/roady/internal/infrastructure/cli/doctor.go:48.34,51.3 2 0
github.com/felixgeelhaar/roady/internal/infrastructure/cli/doctor.go:53.3,53.16 1 0
github.com/felixgeelhaar/roady/internal/infrastructure/cli/doctor.go:53.16,56.4 2 0
github.com/felixgeelhaar/roady/internal/infrastructure/cli/doctor.go:56.9,58.4 1 0
github.com/felixgeelhaar/roady/internal/infrastructure/cli/doctor.go:59.3,59.13 1 0
github.com/felixgeelhaar/roady/internal/infrastructure/cli/doctor.go:63.13,65.2 1 0
github.com/felixgeelhaar/roady/internal/infrastructure/cli/drift.go:21.54,29.17 6 0
github.com/felixgeelhaar/roady/internal/infrastructure/cli/drift.go:29.17,31.4 1 0
github.com/felixgeelhaar/roady/internal/infrastructure/cli/drift.go:33.3,33.29 1 0
github.com/felixgeelhaar/roady/internal/infrastructure/cli/drift.go:33.29,36.30 3 0
github.com/felixgeelhaar/roady/internal/infrastructure/cli/drift.go:36.30,38.5 1 0
github.com/felixgeelhaar/roady/internal/infrastructure/cli/drift.go:39.4,39.14 1 0
github.com/felixgeelhaar/roady/internal/infrastructure/cli/drift.go:42.3,42.30 1 0
github.com/felixgeelhaar/roady/internal/infrastructure/cli/drift.go:42.30,45.4 2 0
github.com/felixgeelhaar/roady/internal/infrastructure/cli/drift.go:47.3,48.39 2 0
github.com/felixgeelhaar/roady/internal/infrastructure/cli/drift.go:48.39,50.4 1 0
github.com/felixgeelhaar/roady/internal/infrastructure/cli/drift.go:52.3,52.38 1 0
github.com/felixgeelhaar/roady/internal/infrastructure/cli/drift.go:56.13,60.2 3 0
github.com/felixgeelhaar/roady/internal/infrastructure/cli/init.go:15.54,22.20 6 0
github.com/felixgeelhaar/roady/internal/infrastructure/cli/init.go:22.20,24.4 1 0
github.com/felixgeelhaar/roady/internal/infrastructure/cli/init.go:26.3,27.17 2 0
github.com/felixgeelhaar/roady/internal/infrastructure/cli/init.go:27.17,29.4 1 0
github.com/felixgeelhaar/roady/internal/infrastructure/cli/init.go:31.3,32.13 2 0
github.com/felixgeelhaar/roady/internal/infrastructure/cli/init.go:36.13,38.2 1 0
github.com/felixgeelhaar/roady/internal/infrastructure/cli/mcp.go:13.47,14.50 1 0
github.com/felixgeelhaar/roady/internal/infrastructure/cli/mcp.go:14.50,16.4 1 0
github.com/felixgeelhaar/roady/internal/infrastructure/cli/mcp.go:17.3,19.40 3 0
github.com/felixgeelhaar/roady/internal/infrastructure/cli/mcp.go:19.40,21.4 1 0
github.com/felixgeelhaar/roady/internal/infrastructure/cli/mcp.go:25.13,27.2 1 0
github.com/felixgeelhaar/roady/internal/infrastructure/cli/plan.go:20.54,27.17 6 0
github.com/felixgeelhaar/roady/internal/infrastructure/cli/plan.go:27.17,29.4 1 0
github.com/felixgeelhaar/roady/internal/infrastructure/cli/plan.go:31.3,33.32 3 0
github.com/felixgeelhaar/roady/internal/infrastructure/cli/plan.go:33.32,35.4 1 0
github.com/felixgeelhaar/roady/internal/infrastructure/cli/plan.go:36.3,36.13 1 0
github.com/felixgeelhaar/roady/internal/infrastructure/cli/plan.go:40.13,43.2 2 0
github.com/felixgeelhaar/roady/internal/infrastructure/cli/policy.go:21.54,27.17 5 0
github.com/felixgeelhaar/roady/internal/infrastructure/cli/policy.go:27.17,29.4 1 0
github.com/felixgeelhaar/roady/internal/infrastructure/cli/policy.go:31.3,31.27 1 0
github.com/felixgeelhaar/roady/internal/infrastructure/cli/policy.go:31.27,34.4 2 0
github.com/felixgeelhaar/roady/internal/infrastructure/cli/policy.go:36.3,37.32 2 0
github.com/felixgeelhaar/roady/internal/infrastructure/cli/policy.go:37.32,39.40 2 0
github.com/felixgeelhaar/roady/internal/infrastructure/cli/policy.go:39.40,41.5 1 0
github.com/felixgeelhaar/roady/internal/infrastructure/cli/policy.go:41.10,43.5 1 0
github.com/felixgeelhaar/roady/internal/infrastructure/cli/policy.go:44.4,44.57 1 0
github.com/felixgeelhaar/roady/internal/infrastructure/cli/policy.go:47.3,47.47 1 0
github.com/felixgeelhaar/roady/internal/infrastructure/cli/policy.go:51.13,54.2 2 0
github.com/felixgeelhaar/roady/internal/infrastructure/cli/root.go:20.22,22.2 1 0
github.com/felixgeelhaar/roady/internal/infrastructure/cli/root.go:24.14,26.2 0 0
github.com/felixgeelhaar/roady/internal/infrastructure/cli/spec.go:21.54,28.17 6 0
github.com/felixgeelhaar/roady/internal/infrastructure/cli/spec.go:28.17,30.4 1 0
github.com/felixgeelhaar/roady/internal/infrastructure/cli/spec.go:32.3,33.13 2 0
github.com/felixgeelhaar/roady/internal/infrastructure/cli/spec.go:40.54,44.17 4 0
github.com/felixgeelhaar/roady/internal/infrastructure/cli/spec.go:44.17,46.4 1 0
github.com/felixgeelhaar/roady/internal/infrastructure/cli/spec.go:48.3,49.20 2 0
github.com/felixgeelhaar/roady/internal/infrastructure/cli/spec.go:49.20,51.27 2 0
github.com/felixgeelhaar/roady/internal/infrastructure/cli/spec.go:51.27,53.5 1 0
github.com/felixgeelhaar/roady/internal/infrastructure/cli/spec.go:54.4,54.47 1 0
github.com/felixgeelhaar/roady/internal/infrastructure/cli/spec.go:57.3,58.13 2 0
github.com/felixgeelhaar/roady/internal/infrastructure/cli/spec.go:62.13,66.2 3 0
github.com/felixgeelhaar/roady/internal/infrastructure/cli/status.go:15.54,20.17 4 0
github.com/felixgeelhaar/roady/internal/infrastructure/cli/status.go:20.17,22.4 1 0
github.com/felixgeelhaar/roady/internal/infrastructure/cli/status.go:24.3,25.17 2 0
github.com/felixgeelhaar/roady/internal/infrastructure/cli/status.go:25.17,27.4 1 0
github.com/felixgeelhaar/roady/internal/infrastructure/cli/status.go:29.3,33.32 4 0
github.com/felixgeelhaar/roady/internal/infrastructure/cli/status.go:33.32,35.4 1 0
github.com/felixgeelhaar/roady/internal/infrastructure/cli/status.go:37.3,44.26 6 0
github.com/felixgeelhaar/roady/internal/infrastructure/cli/status.go:44.26,47.4 2 0
github.com/felixgeelhaar/roady/internal/infrastructure/cli/status.go:50.3,52.13 3 0
github.com/felixgeelhaar/roady/internal/infrastructure/cli/status.go:56.13,58.2 1 0
github.com/felixgeelhaar/roady/internal/infrastructure/cli/sync.go:17.54,25.17 7 0
github.com/felixgeelhaar/roady/internal/infrastructure/cli/sync.go:25.17,27.4 1 0
github.com/felixgeelhaar/roady/internal/infrastructure/cli/sync.go:29.3,30.17 2 0
github.com/felixgeelhaar/roady/internal/infrastructure/cli/sync.go:30.17,32.4 1 0
github.com/felixgeelhaar/roady/internal/infrastructure/cli/sync.go:34.3,35.17 2 0
github.com/felixgeelhaar/roady/internal/infrastructure/cli/sync.go:35.17,37.4 1 0
github.com/felixgeelhaar/roady/internal/infrastructure/cli/sync.go:39.3,39.23 1 0
github.com/felixgeelhaar/roady/internal/infrastructure/cli/sync.go:39.23,42.36 3 0
github.com/felixgeelhaar/roady/internal/infrastructure/cli/sync.go:42.36,45.19 3 0
github.com/felixgeelhaar/roady/internal/infrastructure/cli/sync.go:46.17,46.36 1 0
github.com/felixgeelhaar/roady/internal/infrastructure/cli/sync.go:47.24,47.40 1 0
github.com/felixgeelhaar/roady/internal/infrastructure/cli/sync.go:50.5,50.20 1 0
github.com/felixgeelhaar/roady/internal/infrastructure/cli/sync.go:50.20,51.66 1 0
github.com/felixgeelhaar/roady/internal/infrastructure/cli/sync.go:51.66,53.7 1 0
github.com/felixgeelhaar/roady/internal/infrastructure/cli/sync.go:53.12,55.7 1 0
github.com/felixgeelhaar/roady/internal/infrastructure/cli/sync.go:58.9,60.4 1 0
github.com/felixgeelhaar/roady/internal/infrastructure/cli/sync.go:61.3,61.13 1 0
github.com/felixgeelhaar/roady/internal/infrastructure/cli/sync.go:65.13,67.2 1 0
github.com/felixgeelhaar/roady/internal/infrastructure/cli/task.go:17.65,22.55 1 0
github.com/felixgeelhaar/roady/internal/infrastructure/cli/task.go:22.55,29.18 6 0
github.com/felixgeelhaar/roady/internal/infrastructure/cli/task.go:29.18,31.5 1 0
github.com/felixgeelhaar/roady/internal/infrastructure/cli/task.go:32.4,33.14 2 0
github.com/felixgeelhaar/roady/internal/infrastructure/cli/task.go:38.13,46.2 6 0
github.com/felixgeelhaar/roady/internal/infrastructure/mcp/server.go:22.37,42.2 6 0
github.com/felixgeelhaar/roady/internal/infrastructure/mcp/server.go:52.34,92.2 8 0
github.com/felixgeelhaar/roady/internal/infrastructure/mcp/server.go:94.81,96.16 2 0
github.com/felixgeelhaar/roady/internal/infrastructure/mcp/server.go:96.16,98.3 1 0
github.com/felixgeelhaar/roady/internal/infrastructure/mcp/server.go:99.2,99.75 1 0
github.com/felixgeelhaar/roady/internal/infrastructure/mcp/server.go:102.81,104.16 2 0
github.com/felixgeelhaar/roady/internal/infrastructure/mcp/server.go:104.16,106.3 1 0
github.com/felixgeelhaar/roady/internal/infrastructure/mcp/server.go:107.2,107.18 1 0
github.com/felixgeelhaar/roady/internal/infrastructure/mcp/server.go:110.81,112.16 2 0
github.com/felixgeelhaar/roady/internal/infrastructure/mcp/server.go:112.16,114.3 1 0
github.com/felixgeelhaar/roady/internal/infrastructure/mcp/server.go:115.2,115.18 1 0
github.com/felixgeelhaar/roady/internal/infrastructure/mcp/server.go:118.89,120.16 2 0
github.com/felixgeelhaar/roady/internal/infrastructure/mcp/server.go:120.16,122.3 1 0
github.com/felixgeelhaar/roady/internal/infrastructure/mcp/server.go:123.2,123.96 1 0
github.com/felixgeelhaar/roady/internal/infrastructure/mcp/server.go:126.93,128.16 2 0
github.com/felixgeelhaar/roady/internal/infrastructure/mcp/server.go:128.16,130.3 1 0
github.com/felixgeelhaar/roady/internal/infrastructure/mcp/server.go:131.2,131.94 1 0
github.com/felixgeelhaar/roady/internal/infrastructure/mcp/server.go:134.85,136.16 2 0
github.com/felixgeelhaar/roady/internal/infrastructure/mcp/server.go:136.16,138.3 1 0
github.com/felixgeelhaar/roady/internal/infrastructure/mcp/server.go:139.2,139.20 1 0
github.com/felixgeelhaar/roady/internal/infrastructure/mcp/server.go:142.83,144.16 2 0
github.com/felixgeelhaar/roady/internal/infrastructure/mcp/server.go:144.16,146.3 1 0
github.com/felixgeelhaar/roady/internal/infrastructure/mcp/server.go:148.2,149.31 2 0
github.com/felixgeelhaar/roady/internal/infrastructure/mcp/server.go:149.31,151.3 1 0
github.com/felixgeelhaar/roady/internal/infrastructure/mcp/server.go:153.2,155.20 2 0
github.com/felixgeelhaar/roady/internal/infrastructure/mcp/server.go:158.85,160.16 2 0
github.com/felixgeelhaar/roady/internal/infrastructure/mcp/server.go:160.16,162.3 1 0
github.com/felixgeelhaar/roady/internal/infrastructure/mcp/server.go:163.2,163.25 1 0
github.com/felixgeelhaar/roady/internal/infrastructure/mcp/server.go:163.25,165.3 1 0
github.com/felixgeelhaar/roady/internal/infrastructure/mcp/server.go:166.2,166.23 1 0
github.com/felixgeelhaar/roady/internal/infrastructure/mcp/server.go:169.32,172.2 2 0
github.com/felixgeelhaar/roady/internal/infrastructure/plugin/loader.go:25.26,29.2 1 0
github.com/felixgeelhaar/roady/internal/infrastructure/plugin/loader.go:31.65,42.16 3 0
github.com/felixgeelhaar/roady/internal/infrastructure/plugin/loader.go:42.16,45.3 2 0
github.com/felixgeelhaar/roady/internal/infrastructure/plugin/loader.go:47.2,48.16 2 0
github.com/felixgeelhaar/roady/internal/infrastructure/plugin/loader.go:48.16,51.3 2 0
github.com/felixgeelhaar/roady/internal/infrastructure/plugin/loader.go:53.2,54.39 2 0
github.com/felixgeelhaar/roady/internal/infrastructure/plugin/loader.go:57.28,58.35 1 0
github.com/felixgeelhaar/roady/internal/infrastructure/plugin/loader.go:58.35,60.3 1 0
github.com/felixgeelhaar/roady/internal/infrastructure/storage/filesystem.go:32.65,41.2 1 0
github.com/felixgeelhaar/roady/internal/infrastructure/storage/filesystem.go:44.77,45.20 1 0
github.com/felixgeelhaar/roady/internal/infrastructure/storage/filesystem.go:45.20,47.3 1 0
github.com/felixgeelhaar/roady/internal/infrastructure/storage/filesystem.go:50.2,55.82 4 0
github.com/felixgeelhaar/roady/internal/infrastructure/storage/filesystem.go:55.82,57.3 1 0
github.com/felixgeelhaar/roady/internal/infrastructure/storage/filesystem.go:59.2,59.23 1 0
github.com/felixgeelhaar/roady/internal/infrastructure/storage/filesystem.go:62.51,65.48 2 0
github.com/felixgeelhaar/roady/internal/infrastructure/storage/filesystem.go:65.48,67.3 1 0
github.com/felixgeelhaar/roady/internal/infrastructure/storage/filesystem.go:68.2,68.12 1 0
github.com/felixgeelhaar/roady/internal/infrastructure/storage/filesystem.go:71.53,74.2 2 0
github.com/felixgeelhaar/roady/internal/infrastructure/storage/filesystem.go:76.68,78.16 2 0
github.com/felixgeelhaar/roady/internal/infrastructure/storage/filesystem.go:78.16,80.3 1 0
github.com/felixgeelhaar/roady/internal/infrastructure/storage/filesystem.go:82.2,83.16 2 0
github.com/felixgeelhaar/roady/internal/infrastructure/storage/filesystem.go:83.16,85.3 1 0
github.com/felixgeelhaar/roady/internal/infrastructure/storage/filesystem.go:88.2,88.39 1 0
github.com/felixgeelhaar/roady/internal/infrastructure/storage/filesystem.go:91.70,94.95 2 0
github.com/felixgeelhaar/roady/internal/infrastructure/storage/filesystem.go:94.95,96.17 2 0
github.com/felixgeelhaar/roady/internal/infrastructure/storage/filesystem.go:96.17,98.4 1 0
github.com/felixgeelhaar/roady/internal/infrastructure/storage/filesystem.go:101.3,102.17 2 0
github.com/felixgeelhaar/roady/internal/infrastructure/storage/filesystem.go:102.17,104.4 1 0
github.com/felixgeelhaar/roady/internal/infrastructure/storage/filesystem.go:106.3,107.50 2 0
github.com/felixgeelhaar/roady/internal/infrastructure/storage/filesystem.go:107.50,109.4 1 0
github.com/felixgeelhaar/roady/internal/infrastructure/storage/filesystem.go:111.3,111.17 1 0
github.com/felixgeelhaar/roady/internal/infrastructure/storage/filesystem.go:115.72,117.16 2 0
github.com/felixgeelhaar/roady/internal/infrastructure/storage/filesystem.go:117.16,119.3 1 0
github.com/felixgeelhaar/roady/internal/infrastructure/storage/filesystem.go:121.2,122.16 2 0
github.com/felixgeelhaar/roady/internal/infrastructure/storage/filesystem.go:122.16,124.3 1 0
github.com/felixgeelhaar/roady/internal/infrastructure/storage/filesystem.go:126.2,126.39 1 0
github.com/felixgeelhaar/roady/internal/infrastructure/storage/filesystem.go:129.74,131.16 2 0
github.com/felixgeelhaar/roady/internal/infrastructure/storage/filesystem.go:131.16,133.3 1 0
github.com/felixgeelhaar/roady/internal/infrastructure/storage/filesystem.go:136.2,137.16 2 0
github.com/felixgeelhaar/roady/internal/infrastructure/storage/filesystem.go:137.16,139.3 1 0
github.com/felixgeelhaar/roady/internal/infrastructure/storage/filesystem.go:141.2,142.49 2 0
github.com/felixgeelhaar/roady/internal/infrastructure/storage/filesystem.go:142.49,144.3 1 0
github.com/felixgeelhaar/roady/internal/infrastructure/storage/filesystem.go:146.2,146.16 1 0
github.com/felixgeelhaar/roady/internal/infrastructure/storage/filesystem.go:149.75,151.16 2 0
github.com/felixgeelhaar/roady/internal/infrastructure/storage/filesystem.go:151.16,153.3 1 0
github.com/felixgeelhaar/roady/internal/infrastructure/storage/filesystem.go:155.2,156.16 2 0
github.com/felixgeelhaar/roady/internal/infrastructure/storage/filesystem.go:156.16,158.3 1 0
github.com/felixgeelhaar/roady/internal/infrastructure/storage/filesystem.go:160.2,160.39 1 0
github.com/felixgeelhaar/roady/internal/infrastructure/storage/filesystem_audit.go:11.70,13.16 2 0
github.com/felixgeelhaar/roady/internal/infrastructure/storage/filesystem_audit.go:13.16,15.3 1 0
github.com/felixgeelhaar/roady/internal/infrastructure/storage/filesystem_audit.go:17.1,18.16 2 0
github.com/felixgeelhaar/roady/internal/infrastructure/storage/filesystem_audit.go:18.16,20.3 1 0
github.com/felixgeelhaar/roady/internal/infrastructure/storage/filesystem_audit.go:22.1,26.16 3 0
github.com/felixgeelhaar/roady/internal/infrastructure/storage/filesystem_audit.go:26.16,28.3 1 0
github.com/felixgeelhaar/roady/internal/infrastructure/storage/filesystem_audit.go:29.2,31.41 2 0
github.com/felixgeelhaar/roady/internal/infrastructure/storage/filesystem_audit.go:31.41,33.3 1 0
github.com/felixgeelhaar/roady/internal/infrastructure/storage/filesystem_audit.go:35.2,35.12 1 0
github.com/felixgeelhaar/roady/internal/infrastructure/storage/filesystem_plan.go:11.65,13.16 2 0
github.com/felixgeelhaar/roady/internal/infrastructure/storage/filesystem_plan.go:13.16,15.3 1 0
github.com/felixgeelhaar/roady/internal/infrastructure/storage/filesystem_plan.go:17.2,18.16 2 0
github.com/felixgeelhaar/roady/internal/infrastructure/storage/filesystem_plan.go:18.16,20.3 1 0
github.com/felixgeelhaar/roady/internal/infrastructure/storage/filesystem_plan.go:22.2,22.39 1 0
github.com/felixgeelhaar/roady/internal/infrastructure/storage/filesystem_plan.go:25.67,27.16 2 0
github.com/felixgeelhaar/roady/internal/infrastructure/storage/filesystem_plan.go:27.16,29.3 1 0
github.com/felixgeelhaar/roady/internal/infrastructure/storage/filesystem_plan.go:32.2,33.16 2 0
github.com/felixgeelhaar/roady/internal/infrastructure/storage/filesystem_plan.go:33.16,35.3 1 0
github.com/felixgeelhaar/roady/internal/infrastructure/storage/filesystem_plan.go:37.2,38.49 2 0
github.com/felixgeelhaar/roady/internal/infrastructure/storage/filesystem_plan.go:38.49,40.3 1 0
github.com/felixgeelhaar/roady/internal/infrastructure/storage/filesystem_plan.go:42.2,42.16 1 0
github.com/felixgeelhaar/roady/internal/infrastructure/storage/filesystem_policy.go:12.75,14.16 2 0
github.com/felixgeelhaar/roady/internal/infrastructure/storage/filesystem_policy.go:14.16,16.3 1 0
github.com/felixgeelhaar/roady/internal/infrastructure/storage/filesystem_policy.go:19.2,20.16 2 0
github.com/felixgeelhaar/roady/internal/infrastructure/storage/filesystem_policy.go:20.16,21.25 1 0
github.com/felixgeelhaar/roady/internal/infrastructure/storage/filesystem_policy.go:21.25,23.4 1 0
github.com/felixgeelhaar/roady/internal/infrastructure/storage/filesystem_policy.go:24.3,24.64 1 0
github.com/felixgeelhaar/roady/internal/infrastructure/storage/filesystem_policy.go:27.2,30.41 4 0
github.com/felixgeelhaar/roady/internal/infrastructure/storage/filesystem_policy.go:30.41,32.3 1 0
github.com/felixgeelhaar/roady/internal/infrastructure/storage/filesystem_policy.go:34.2,34.18 1 0
github.com/felixgeelhaar/roady/internal/infrastructure/storage/filesystem_policy.go:37.75,39.16 2 0
github.com/felixgeelhaar/roady/internal/infrastructure/storage/filesystem_policy.go:39.16,41.3 1 0
github.com/felixgeelhaar/roady/internal/infrastructure/storage/filesystem_policy.go:43.2,44.16 2 0
github.com/felixgeelhaar/roady/internal/infrastructure/storage/filesystem_policy.go:44.16,46.3 1 0
github.com/felixgeelhaar/roady/internal/infrastructure/storage/filesystem_policy.go:47.2,47.39 1 0
github.com/felixgeelhaar/roady/cmd/roady/main.go:9.13,10.38 1 1
github.com/felixgeelhaar/roady/cmd/roady/main.go:10.38,12.3 1 0
github.com/felixgeelhaar/roady/internal/application/ai_planning_service.go:18.122,20.2 1 0
github.com/felixgeelhaar/roady/internal/application/ai_planning_service.go:22.88,25.16 2 0
github.com/felixgeelhaar/roady/internal/application/ai_planning_service.go:25.16,27.3 1 0
github.com/felixgeelhaar/roady/internal/application/ai_planning_service.go:28.2,28.18 1 0
github.com/felixgeelhaar/roady/internal/application/ai_planning_service.go:28.18,30.3 1 0
github.com/felixgeelhaar/roady/internal/application/ai_planning_service.go:33.2,34.16 2 0
github.com/felixgeelhaar/roady/internal/application/ai_planning_service.go:34.16,36.3 1 0
github.com/felixgeelhaar/roady/internal/application/ai_planning_service.go:39.2,46.16 3 0
github.com/felixgeelhaar/roady/internal/application/ai_planning_service.go:46.16,48.3 1 0
github.com/felixgeelhaar/roady/internal/application/ai_planning_service.go:51.2,55.17 1 0
github.com/felixgeelhaar/roady/internal/application/ai_planning_service.go:55.17,57.3 1 0
github.com/felixgeelhaar/roady/internal/application/ai_planning_service.go:62.2,65.82 3 0
github.com/felixgeelhaar/roady/internal/application/audit_service.go:14.69,16.2 1 0
github.com/felixgeelhaar/roady/internal/application/audit_service.go:18.96,27.50 2 0
github.com/felixgeelhaar/roady/internal/application/audit_service.go:27.50,29.3 1 0
github.com/felixgeelhaar/roady/internal/application/audit_service.go:32.2,40.34 3 0
github.com/felixgeelhaar/roady/internal/application/drift_service.go:17.69,19.2 1 0
github.com/felixgeelhaar/roady/internal/application/drift_service.go:22.61,24.16 2 0
github.com/felixgeelhaar/roady/internal/application/drift_service.go:24.16,26.3 1 0
github.com/felixgeelhaar/roady/internal/application/drift_service.go:28.2,29.16 2 0
github.com/felixgeelhaar/roady/internal/application/drift_service.go:29.16,31.3 1 0
github.com/felixgeelhaar/roady/internal/application/drift_service.go:33.2,41.34 3 0
github.com/felixgeelhaar/roady/internal/application/drift_service.go:41.34,42.27 1 0
github.com/felixgeelhaar/roady/internal/application/drift_service.go:42.27,44.4 1 0
github.com/felixgeelhaar/roady/internal/application/drift_service.go:47.2,47.40 1 0
github.com/felixgeelhaar/roady/internal/application/drift_service.go:47.40,48.34 1 0
github.com/felixgeelhaar/roady/internal/application/drift_service.go:48.34,56.4 1 0
github.com/felixgeelhaar/roady/internal/application/drift_service.go:60.2,60.34 1 0
github.com/felixgeelhaar/roady/internal/application/drift_service.go:60.34,61.22 1 0
github.com/felixgeelhaar/roady/internal/application/drift_service.go:61.22,62.12 1 0
github.com/felixgeelhaar/roady/internal/application/drift_service.go:65.3,68.41 3 0
github.com/felixgeelhaar/roady/internal/application/drift_service.go:68.41,69.15 1 0
github.com/felixgeelhaar/roady/internal/application/drift_service.go:69.15,77.5 1 0
github.com/felixgeelhaar/roady/internal/application/drift_service.go:77.10,77.31 1 0
github.com/felixgeelhaar/roady/internal/application/drift_service.go:77.31,85.5 1 0
github.com/felixgeelhaar/roady/internal/application/drift_service.go:88.3,88.51 1 0
github.com/felixgeelhaar/roady/internal/application/drift_service.go:88.51,92.24 2 0
github.com/felixgeelhaar/roady/internal/application/drift_service.go:92.24,94.5 1 0
github.com/felixgeelhaar/roady/internal/application/drift_service.go:96.4,102.6 1 0
github.com/felixgeelhaar/roady/internal/application/drift_service.go:106.2,106.20 1 0
github.com/felixgeelhaar/roady/internal/application/init_service.go:14.88,16.2 1 0
github.com/felixgeelhaar/roady/internal/application/init_service.go:18.60,19.28 1 0
github.com/felixgeelhaar/roady/internal/application/init_service.go:19.28,21.3 1 0
github.com/felixgeelhaar/roady/internal/application/init_service.go:23.2,23.44 1 0
github.com/felixgeelhaar/roady/internal/application/init_service.go:23.44,25.3 1 0
github.com/felixgeelhaar/roady/internal/application/init_service.go:27.2,29.17 1 0
github.com/felixgeelhaar/roady/internal/application/init_service.go:29.17,32.3 1 0
github.com/felixgeelhaar/roady/internal/application/init_service.go:35.2,49.53 2 0
github.com/felixgeelhaar/roady/internal/application/init_service.go:49.53,51.3 1 0
github.com/felixgeelhaar/roady/internal/application/init_service.go:53.2,53.57 1 0
github.com/felixgeelhaar/roady/internal/application/init_service.go:53.57,55.3 1 0
github.com/felixgeelhaar/roady/internal/application/init_service.go:58.2,62.57 2 0
github.com/felixgeelhaar/roady/internal/application/init_service.go:62.57,64.3 1 0
github.com/felixgeelhaar/roady/internal/application/init_service.go:66.2,66.48 1 0
github.com/felixgeelhaar/roady/internal/application/plan_service.go:16.88,18.2 1 0
github.com/felixgeelhaar/roady/internal/application/plan_service.go:21.62,22.65 1 0
github.com/felixgeelhaar/roady/internal/application/plan_service.go:22.65,24.3 1 0
github.com/felixgeelhaar/roady/internal/application/plan_service.go:25.2,26.16 2 0
github.com/felixgeelhaar/roady/internal/application/plan_service.go:26.16,28.3 1 0
github.com/felixgeelhaar/roady/internal/application/plan_service.go:31.2,32.37 2 0
github.com/felixgeelhaar/roady/internal/application/plan_service.go:32.37,41.3 1 0
github.com/felixgeelhaar/roady/internal/application/plan_service.go:43.2,43.40 1 0
github.com/felixgeelhaar/roady/internal/application/plan_service.go:47.81,50.17 1 0
github.com/felixgeelhaar/roady/internal/application/plan_service.go:50.17,52.3 1 0
github.com/felixgeelhaar/roady/internal/application/plan_service.go:53.2,53.31 1 0
github.com/felixgeelhaar/roady/internal/application/plan_service.go:56.57,58.2 1 0
github.com/felixgeelhaar/roady/internal/application/plan_service.go:61.92,63.16 2 0
github.com/felixgeelhaar/roady/internal/application/plan_service.go:63.16,65.3 1 0
github.com/felixgeelhaar/roady/internal/application/plan_service.go:67.2,74.39 5 0
github.com/felixgeelhaar/roady/internal/application/plan_service.go:74.39,77.40 3 0
github.com/felixgeelhaar/roady/internal/application/plan_service.go:77.40,79.4 1 0
github.com/felixgeelhaar/roady/internal/application/plan_service.go:82.2,90.41 2 0
github.com/felixgeelhaar/roady/internal/application/plan_service.go:90.41,92.56 1 0
github.com/felixgeelhaar/roady/internal/application/plan_service.go:92.56,96.4 3 0
github.com/felixgeelhaar/roady/internal/application/plan_service.go:97.3,97.50 1 0
github.com/felixgeelhaar/roady/internal/application/plan_service.go:101.2,101.42 1 0
github.com/felixgeelhaar/roady/internal/application/plan_service.go:101.42,103.3 1 0
github.com/felixgeelhaar/roady/internal/application/plan_service.go:105.2,105.46 1 0
github.com/felixgeelhaar/roady/internal/application/plan_service.go:105.46,107.3 1 0
github.com/felixgeelhaar/roady/internal/application/plan_service.go:109.2,109.49 1 0
github.com/felixgeelhaar/roady/internal/application/plan_service.go:109.49,111.3 1 0
github.com/felixgeelhaar/roady/internal/application/plan_service.go:113.2,113.21 1 0
github.com/felixgeelhaar/roady/internal/application/policy_service.go:15.71,17.2 1 0
github.com/felixgeelhaar/roady/internal/application/policy_service.go:20.71,22.16 2 0
github.com/felixgeelhaar/roady/internal/application/policy_service.go:22.16,24.3 1 0
github.com/felixgeelhaar/roady/internal/application/policy_service.go:26.2,27.16 2 0
github.com/felixgeelhaar/roady/internal/application/policy_service.go:27.16,29.3 1 0
github.com/felixgeelhaar/roady/internal/application/policy_service.go:31.2,37.38 2 0
github.com/felixgeelhaar/roady/internal/application/spec_service.go:18.67,20.2 1 0
github.com/felixgeelhaar/roady/internal/application/spec_service.go:23.82,26.16 3 0
github.com/felixgeelhaar/roady/internal/application/spec_service.go:26.16,28.3 1 0
github.com/felixgeelhaar/roady/internal/application/spec_service.go:29.2,43.21 6 0
github.com/felixgeelhaar/roady/internal/application/spec_service.go:43.21,46.36 2 0
github.com/felixgeelhaar/roady/internal/application/spec_service.go:46.36,48.4 1 0
github.com/felixgeelhaar/roady/internal/application/spec_service.go:48.9,48.44 1 0
github.com/felixgeelhaar/roady/internal/application/spec_service.go:48.44,49.29 1 0
github.com/felixgeelhaar/roady/internal/application/spec_service.go:49.29,53.5 3 0
github.com/felixgeelhaar/roady/internal/application/spec_service.go:55.4,60.5 3 0
github.com/felixgeelhaar/roady/internal/application/spec_service.go:61.9,62.29 1 0
github.com/felixgeelhaar/roady/internal/application/spec_service.go:62.29,64.5 1 0
github.com/felixgeelhaar/roady/internal/application/spec_service.go:64.10,64.58 1 0
github.com/felixgeelhaar/roady/internal/application/spec_service.go:64.58,66.5 1 0
github.com/felixgeelhaar/roady/internal/application/spec_service.go:70.2,70.27 1 0
github.com/felixgeelhaar/roady/internal/application/spec_service.go:70.27,73.3 2 0
github.com/felixgeelhaar/roady/internal/application/spec_service.go:75.2,75.38 1 0
github.com/felixgeelhaar/roady/internal/application/spec_service.go:75.38,77.3 1 0
github.com/felixgeelhaar/roady/internal/application/spec_service.go:79.2,79.53 1 0
github.com/felixgeelhaar/roady/internal/application/spec_service.go:79.53,81.3 1 0
github.com/felixgeelhaar/roady/internal/application/spec_service.go:83.2,83.25 1 0
github.com/felixgeelhaar/roady/internal/application/spec_service.go:86.60,88.2 1 0
github.com/felixgeelhaar/roady/internal/application/task_service.go:14.67,16.2 1 0
github.com/felixgeelhaar/roady/internal/application/task_service.go:19.73,21.16 2 0
github.com/felixgeelhaar/roady/internal/application/task_service.go:21.16,23.3 1 0
github.com/felixgeelhaar/roady/internal/application/task_service.go:26.2,28.31 3 0
github.com/felixgeelhaar/roady/internal/application/task_service.go:28.31,29.21 1 0
github.com/felixgeelhaar/roady/internal/application/task_service.go:29.21,32.9 3 0
github.com/felixgeelhaar/roady/internal/application/task_service.go:36.2,36.23 1 0
github.com/felixgeelhaar/roady/internal/application/task_service.go:36.23,38.3 1 0
github.com/felixgeelhaar/roady/internal/application/task_service.go:41.2,42.16 2 0
github.com/felixgeelhaar/roady/internal/application/task_service.go:42.16,44.3 1 0
github.com/felixgeelhaar/roady/internal/application/task_service.go:47.2,48.46 2 0
github.com/felixgeelhaar/roady/internal/application/task_service.go:48.46,50.3 1 0
github.com/felixgeelhaar/roady/internal/application/task_service.go:51.2,56.30 2 0
github.com/felixgeelhaar/roady/internal/application/task_service.go:56.30,58.3 1 0
github.com/felixgeelhaar/roady/internal/application/task_service.go:61.2,64.30 3 0
github.com/felixgeelhaar/roady/internal/domain/drift/drift.go:41.42,42.29 1 0
github.com/felixgeelhaar/roady/internal/domain/drift/drift.go:42.29,43.37 1 0
github.com/felixgeelhaar/roady/internal/domain/drift/drift.go:43.37,45.4 1 0
github.com/felixgeelhaar/roady/internal/domain/drift/drift.go:47.2,47.14 1 0
github.com/felixgeelhaar/roady/internal/domain/planning/dag.go:7.36,13.28 4 0
github.com/felixgeelhaar/roady/internal/domain/planning/dag.go:13.28,15.3 1 0
github.com/felixgeelhaar/roady/internal/domain/planning/dag.go:17.2,18.36 2 0
github.com/felixgeelhaar/roady/internal/domain/planning/dag.go:18.36,23.14 4 0
github.com/felixgeelhaar/roady/internal/domain/planning/dag.go:23.14,28.4 2 0
github.com/felixgeelhaar/roady/internal/domain/planning/dag.go:30.3,30.40 1 0
github.com/felixgeelhaar/roady/internal/domain/planning/dag.go:30.40,31.23 1 0
github.com/felixgeelhaar/roady/internal/domain/planning/dag.go:31.23,32.40 1 0
github.com/felixgeelhaar/roady/internal/domain/planning/dag.go:32.40,34.6 1 0
github.com/felixgeelhaar/roady/internal/domain/planning/dag.go:35.10,35.36 1 0
github.com/felixgeelhaar/roady/internal/domain/planning/dag.go:35.36,37.5 1 0
github.com/felixgeelhaar/roady/internal/domain/planning/dag.go:40.3,41.13 2 0
github.com/felixgeelhaar/roady/internal/domain/planning/dag.go:44.2,44.28 1 0
github.com/felixgeelhaar/roady/internal/domain/planning/dag.go:44.28,45.21 1 0
github.com/felixgeelhaar/roady/internal/domain/planning/dag.go:45.21,46.38 1 0
github.com/felixgeelhaar/roady/internal/domain/planning/dag.go:46.38,48.5 1 0
github.com/felixgeelhaar/roady/internal/domain/planning/dag.go:52.2,52.12 1 0
github.com/felixgeelhaar/roady/internal/domain/planning/plan.go:39.30,43.28 4 0
github.com/felixgeelhaar/roady/internal/domain/planning/plan.go:43.28,46.3 2 0
github.com/felixgeelhaar/roady/internal/domain/planning/plan.go:47.2,47.39 1 0
github.com/felixgeelhaar/roady/internal/domain/planning/task_fsm.go:25.74,56.16 7 0
github.com/felixgeelhaar/roady/internal/domain/planning/task_fsm.go:56.16,58.3 1 0
github.com/felixgeelhaar/roady/internal/domain/planning/task_fsm.go:60.2,63.57 3 0
github.com/felixgeelhaar/roady/internal/domain/planning/task_fsm.go:67.60,71.2 2 0
github.com/felixgeelhaar/roady/internal/domain/planning/task_fsm.go:73.46,75.2 1 0
github.com/felixgeelhaar/roady/internal/domain/plugin/interface.go:21.71,23.2 1 0
github.com/felixgeelhaar/roady/internal/domain/plugin/interface.go:25.88,27.2 1 0
github.com/felixgeelhaar/roady/internal/domain/plugin/interface.go:32.93,36.2 3 0
github.com/felixgeelhaar/roady/internal/domain/plugin/interface.go:40.97,44.2 3 0
github.com/felixgeelhaar/roady/internal/domain/policy/policy.go:32.64,34.32 2 0
github.com/felixgeelhaar/roady/internal/domain/policy/policy.go:34.32,36.3 1 0
github.com/felixgeelhaar/roady/internal/domain/policy/policy.go:37.2,37.19 1 0
github.com/felixgeelhaar/roady/internal/domain/policy/rules/wip.go:14.34,16.2 1 0
github.com/felixgeelhaar/roady/internal/domain/policy/rules/wip.go:18.71,20.34 2 0
github.com/felixgeelhaar/roady/internal/domain/policy/rules/wip.go:20.34,21.47 1 0
github.com/felixgeelhaar/roady/internal/domain/policy/rules/wip.go:21.47,23.4 1 0
github.com/felixgeelhaar/roady/internal/domain/policy/rules/wip.go:26.2,26.31 1 0
github.com/felixgeelhaar/roady/internal/domain/policy/rules/wip.go:26.31,34.3 1 0
github.com/felixgeelhaar/roady/internal/domain/policy/rules/wip.go:36.2,36.12 1 0
github.com/felixgeelhaar/roady/internal/domain/spec/spec.go:34.37,39.2 3 0
github.com/felixgeelhaar/roady/internal/domain/spec/spec.go:42.42,44.16 2 0
github.com/felixgeelhaar/roady/internal/domain/spec/spec.go:44.16,46.3 1 0
github.com/felixgeelhaar/roady/internal/domain/spec/spec.go:47.2,47.19 1 0
github.com/felixgeelhaar/roady/internal/domain/spec/spec.go:47.19,49.3 1 0
github.com/felixgeelhaar/roady/internal/domain/spec/spec.go:50.2,50.26 1 0
github.com/felixgeelhaar/roady/internal/domain/spec/spec.go:50.26,52.3 1 0
github.com/felixgeelhaar/roady/internal/domain/spec/spec.go:54.2,55.31 2 0
github.com/felixgeelhaar/roady/internal/domain/spec/spec.go:55.31,56.17 1 0
github.com/felixgeelhaar/roady/internal/domain/spec/spec.go:56.17,58.4 1 0
github.com/felixgeelhaar/roady/internal/domain/spec/spec.go:59.3,59.20 1 0
github.com/felixgeelhaar/roady/internal/domain/spec/spec.go:59.20,61.4 1 0
github.com/felixgeelhaar/roady/internal/domain/spec/spec.go:62.3,62.23 1 0
github.com/felixgeelhaar/roady/internal/domain/spec/spec.go:64.2,64.13 1 0
github.com/felixgeelhaar/roady/internal/infrastructure/ai/ollama.go:19.54,20.17 1 0
github.com/felixgeelhaar/roady/internal/infrastructure/ai/ollama.go:20.17,22.3 1 0
github.com/felixgeelhaar/roady/internal/infrastructure/ai/ollama.go:23.2,23.38 1 0
github.com/felixgeelhaar/roady/internal/infrastructure/ai/ollama.go:26.38,28.2 1 0
github.com/felixgeelhaar/roady/internal/infrastructure/ai/ollama.go:30.114,31.41 1 0
github.com/felixgeelhaar/roady/internal/infrastructure/ai/ollama.go:31.41,33.3 1 0
github.com/felixgeelhaar/roady/internal/infrastructure/ai/ollama.go:35.2,36.22 2 0
github.com/felixgeelhaar/roady/internal/infrastructure/ai/ollama.go:36.22,38.3 1 0
github.com/felixgeelhaar/roady/internal/infrastructure/ai/ollama.go:40.2,40.25 1 0
github.com/felixgeelhaar/roady/internal/infrastructure/ai/ollama.go:40.25,42.3 1 0
github.com/felixgeelhaar/roady/internal/infrastructure/ai/ollama.go:45.2,47.16 3 0
github.com/felixgeelhaar/roady/internal/infrastructure/ai/ollama.go:47.16,49.3 1 0
github.com/felixgeelhaar/roady/internal/infrastructure/ai/ollama.go:51.2,59.8 1 0
github.com/felixgeelhaar/roady/internal/infrastructure/ai/resilient.go:16.65,18.2 1 0
github.com/felixgeelhaar/roady/internal/infrastructure/ai/resilient.go:20.41,22.2 1 0
github.com/felixgeelhaar/roady/internal/infrastructure/ai/resilient.go:24.117,42.98 3 0
github.com/felixgeelhaar/roady/internal/infrastructure/ai/resilient.go:42.98,43.78 1 0
github.com/felixgeelhaar/roady/internal/infrastructure/ai/resilient.go:43.78,45.4 1 0
github.com/felixgeelhaar/roady/internal/infrastructure/cli/dashboard.go:18.54,19.54 1 0
github.com/felixgeelhaar/roady/internal/infrastructure/cli/dashboard.go:19.54,21.4 1 0
github.com/felixgeelhaar/roady/internal/infrastructure/cli/dashboard.go:22.3,23.36 2 0
github.com/felixgeelhaar/roady/internal/infrastructure/cli/dashboard.go:23.36,25.4 1 0
github.com/felixgeelhaar/roady/internal/infrastructure/cli/dashboard.go:26.3,26.13 1 0
github.com/felixgeelhaar/roady/internal/infrastructure/cli/dashboard.go:30.13,32.2 1 1
github.com/felixgeelhaar/roady/internal/infrastructure/cli/dashboard.go:58.27,64.16 4 0
github.com/felixgeelhaar/roady/internal/infrastructure/cli/dashboard.go:64.16,66.3 1 0
github.com/felixgeelhaar/roady/internal/infrastructure/cli/dashboard.go:68.2,69.16 2 0
github.com/felixgeelhaar/roady/internal/infrastructure/cli/dashboard.go:69.16,71.3 1 0
github.com/felixgeelhaar/roady/internal/infrastructure/cli/dashboard.go:74.2,82.31 3 0
github.com/felixgeelhaar/roady/internal/infrastructure/cli/dashboard.go:82.31,85.3 2 0
github.com/felixgeelhaar/roady/internal/infrastructure/cli/dashboard.go:87.2,111.19 9 0
github.com/felixgeelhaar/roady/internal/infrastructure/cli/dashboard.go:111.19,112.39 1 0
github.com/felixgeelhaar/roady/internal/infrastructure/cli/dashboard.go:112.39,114.4 1 0
github.com/felixgeelhaar/roady/internal/infrastructure/cli/dashboard.go:117.2,122.3 1 0
github.com/felixgeelhaar/roady/internal/infrastructure/cli/dashboard.go:125.31,125.45 1 0
github.com/felixgeelhaar/roady/internal/infrastructure/cli/dashboard.go:127.57,129.27 2 0
github.com/felixgeelhaar/roady/internal/infrastructure/cli/dashboard.go:130.18,131.23 1 0
github.com/felixgeelhaar/roady/internal/infrastructure/cli/dashboard.go:132.22,133.22 1 0
github.com/felixgeelhaar/roady/internal/infrastructure/cli/dashboard.go:136.2,137.15 2 0
github.com/felixgeelhaar/roady/internal/infrastructure/cli/dashboard.go:140.30,141.18 1 0
github.com/felixgeelhaar/roady/internal/infrastructure/cli/dashboard.go:141.18,143.3 1 0
github.com/felixgeelhaar/roady/internal/infrastructure/cli/dashboard.go:145.2,148.22 3 0
github.com/felixgeelhaar/roady/internal/infrastructure/cli/dashboard.go:148.22,150.29 2 0
github.com/felixgeelhaar/roady/internal/infrastructure/cli/dashboard.go:150.29,152.4 1 0
github.com/felixgeelhaar/roady/internal/infrastructure/cli/dashboard.go:153.8,155.3 1 0
github.com/felixgeelhaar/roady/internal/infrastructure/cli/dashboard.go:157.2,165.10 1 0
github.com/felixgeelhaar/roady/internal/infrastructure/cli/doctor.go:14.54,21.46 5 0
github.com/felixgeelhaar/roady/internal/infrastructure/cli/doctor.go:21.46,23.30 2 0
github.com/felixgeelhaar/roady/internal/infrastructure/cli/doctor.go:23.30,26.4 2 0
github.com/felixgeelhaar/roady/internal/infrastructure/cli/doctor.go:26.9,28.4 1 0
github.com/felixgeelhaar/roady/internal/infrastructure/cli/doctor.go:31.2,31.39 1 0
github.com/felixgeelhaar/roady/internal/infrastructure/cli/doctor.go:31.39,32.28 1 0
github.com/felixgeelhaar/roady/internal/infrastructure/cli/doctor.go:32.28,34.4 1 0
github.com/felixgeelhaar/roady/internal/infrastructure/cli/doctor.go:35.3,35.13 1 0
github.com/felixgeelhaar/roady/internal/infrastructure/cli/doctor.go:38.2,38.34 1 0
github.com/felixgeelhaar/roady/internal/infrastructure/cli/doctor.go:38.34,41.3 2 0
github.com/felixgeelhaar/roady/internal/infrastructure/cli/doctor.go:43.2,43.36 1 0
github.com/felixgeelhaar/roady/internal/infrastructure/cli/doctor.go:43.36,46.3 2 0
github.com/felixgeelhaar/roady/internal/infrastructure/cli/doctor.go:48.2,48.34 1 0
github.com/felixgeelhaar/roady/internal/infrastructure/cli/doctor.go:48.34,51.3 2 0
github.com/felixgeelhaar/roady/internal/infrastructure/cli/doctor.go:53.3,53.16 1 0
github.com/felixgeelhaar/roady/internal/infrastructure/cli/doctor.go:53.16,56.4 2 0
github.com/felixgeelhaar/roady/internal/infrastructure/cli/doctor.go:56.9,58.4 1 0
github.com/felixgeelhaar/roady/internal/infrastructure/cli/doctor.go:59.3,59.13 1 0
github.com/felixgeelhaar/roady/internal/infrastructure/cli/doctor.go:63.13,65.2 1 1
github.com/felixgeelhaar/roady/internal/infrastructure/cli/drift.go:21.54,29.17 6 0
github.com/felixgeelhaar/roady/internal/infrastructure/cli/drift.go:29.17,31.4 1 0
github.com/felixgeelhaar/roady/internal/infrastructure/cli/drift.go:33.3,33.29 1 0
github.com/felixgeelhaar/roady/internal/infrastructure/cli/drift.go:33.29,36.30 3 0
github.com/felixgeelhaar/roady/internal/infrastructure/cli/drift.go:36.30,38.5 1 0
github.com/felixgeelhaar/roady/internal/infrastructure/cli/drift.go:39.4,39.14 1 0
github.com/felixgeelhaar/roady/internal/infrastructure/cli/drift.go:42.3,42.30 1 0
github.com/felixgeelhaar/roady/internal/infrastructure/cli/drift.go:42.30,45.4 2 0
github.com/felixgeelhaar/roady/internal/infrastructure/cli/drift.go:47.3,48.39 2 0
github.com/felixgeelhaar/roady/internal/infrastructure/cli/drift.go:48.39,50.4 1 0
github.com/felixgeelhaar/roady/internal/infrastructure/cli/drift.go:52.3,52.38 1 0
github.com/felixgeelhaar/roady/internal/infrastructure/cli/drift.go:56.13,60.2 3 1
github.com/felixgeelhaar/roady/internal/infrastructure/cli/init.go:15.54,22.20 6 0
github.com/felixgeelhaar/roady/internal/infrastructure/cli/init.go:22.20,24.4 1 0
github.com/felixgeelhaar/roady/internal/infrastructure/cli/init.go:26.3,27.17 2 0
github.com/felixgeelhaar/roady/internal/infrastructure/cli/init.go:27.17,29.4 1 0
github.com/felixgeelhaar/roady/internal/infrastructure/cli/init.go:31.3,32.13 2 0
github.com/felixgeelhaar/roady/internal/infrastructure/cli/init.go:36.13,38.2 1 1
github.com/felixgeelhaar/roady/internal/infrastructure/cli/mcp.go:13.47,14.50 1 0
github.com/felixgeelhaar/roady/internal/infrastructure/cli/mcp.go:14.50,16.4 1 0
github.com/felixgeelhaar/roady/internal/infrastructure/cli/mcp.go:17.3,19.40 3 0
github.com/felixgeelhaar/roady/internal/infrastructure/cli/mcp.go:19.40,21.4 1 0
github.com/felixgeelhaar/roady/internal/infrastructure/cli/mcp.go:25.13,27.2 1 1
github.com/felixgeelhaar/roady/internal/infrastructure/cli/plan.go:20.54,27.17 6 0
github.com/felixgeelhaar/roady/internal/infrastructure/cli/plan.go:27.17,29.4 1 0
github.com/felixgeelhaar/roady/internal/infrastructure/cli/plan.go:31.3,33.32 3 0
github.com/felixgeelhaar/roady/internal/infrastructure/cli/plan.go:33.32,35.4 1 0
github.com/felixgeelhaar/roady/internal/infrastructure/cli/plan.go:36.3,36.13 1 0
github.com/felixgeelhaar/roady/internal/infrastructure/cli/plan.go:40.13,43.2 2 1
github.com/felixgeelhaar/roady/internal/infrastructure/cli/policy.go:21.54,27.17 5 0
github.com/felixgeelhaar/roady/internal/infrastructure/cli/policy.go:27.17,29.4 1 0
github.com/felixgeelhaar/roady/internal/infrastructure/cli/policy.go:31.3,31.27 1 0
github.com/felixgeelhaar/roady/internal/infrastructure/cli/policy.go:31.27,34.4 2 0
github.com/felixgeelhaar/roady/internal/infrastructure/cli/policy.go:36.3,37.32 2 0
github.com/felixgeelhaar/roady/internal/infrastructure/cli/policy.go:37.32,39.40 2 0
github.com/felixgeelhaar/roady/internal/infrastructure/cli/policy.go:39.40,41.5 1 0
github.com/felixgeelhaar/roady/internal/infrastructure/cli/policy.go:41.10,43.5 1 0
github.com/felixgeelhaar/roady/internal/infrastructure/cli/policy.go:44.4,44.57 1 0
github.com/felixgeelhaar/roady/internal/infrastructure/cli/policy.go:47.3,47.47 1 0
github.com/felixgeelhaar/roady/internal/infrastructure/cli/policy.go:51.13,54.2 2 1
github.com/felixgeelhaar/roady/internal/infrastructure/cli/root.go:20.22,22.2 1 1
github.com/felixgeelhaar/roady/internal/infrastructure/cli/root.go:24.14,26.2 0 1
github.com/felixgeelhaar/roady/internal/infrastructure/cli/spec.go:21.54,28.17 6 0
github.com/felixgeelhaar/roady/internal/infrastructure/cli/spec.go:28.17,30.4 1 0
github.com/felixgeelhaar/roady/internal/infrastructure/cli/spec.go:32.3,33.13 2 0
github.com/felixgeelhaar/roady/internal/infrastructure/cli/spec.go:40.54,44.17 4 0
github.com/felixgeelhaar/roady/internal/infrastructure/cli/spec.go:44.17,46.4 1 0
github.com/felixgeelhaar/roady/internal/infrastructure/cli/spec.go:48.3,49.20 2 0
github.com/felixgeelhaar/roady/internal/infrastructure/cli/spec.go:49.20,51.27 2 0
github.com/felixgeelhaar/roady/internal/infrastructure/cli/spec.go:51.27,53.5 1 0
github.com/felixgeelhaar/roady/internal/infrastructure/cli/spec.go:54.4,54.47 1 0
github.com/felixgeelhaar/roady/internal/infrastructure/cli/spec.go:57.3,58.13 2 0
github.com/felixgeelhaar/roady/internal/infrastructure/cli/spec.go:62.13,66.2 3 1
github.com/felixgeelhaar/roady/internal/infrastructure/cli/status.go:15.54,20.17 4 0
github.com/felixgeelhaar/roady/internal/infrastructure/cli/status.go:20.17,22.4 1 0
github.com/felixgeelhaar/roady/internal/infrastructure/cli/status.go:24.3,25.17 2 0
github.com/felixgeelhaar/roady/internal/infrastructure/cli/status.go:25.17,27.4 1 0
github.com/felixgeelhaar/roady/internal/infrastructure/cli/status.go:29.3,33.32 4 0
github.com/felixgeelhaar/roady/internal/infrastructure/cli/status.go:33.32,35.4 1 0
github.com/felixgeelhaar/roady/internal/infrastructure/cli/status.go:37.3,44.26 6 0
github.com/felixgeelhaar/roady/internal/infrastructure/cli/status.go:44.26,47.4 2 0
github.com/felixgeelhaar/roady/internal/infrastructure/cli/status.go:50.3,52.13 3 0
github.com/felixgeelhaar/roady/internal/infrastructure/cli/status.go:56.13,58.2 1 1
github.com/felixgeelhaar/roady/internal/infrastructure/cli/sync.go:17.54,25.17 7 0
github.com/felixgeelhaar/roady/internal/infrastructure/cli/sync.go:25.17,27.4 1 0
github.com/felixgeelhaar/roady/internal/infrastructure/cli/sync.go:29.3,30.17 2 0
github.com/felixgeelhaar/roady/internal/infrastructure/cli/sync.go:30.17,32.4 1 0
github.com/felixgeelhaar/roady/internal/infrastructure/cli/sync.go:34.3,35.17 2 0
github.com/felixgeelhaar/roady/internal/infrastructure/cli/sync.go:35.17,37.4 1 0
github.com/felixgeelhaar/roady/internal/infrastructure/cli/sync.go:39.3,39.23 1 0
github.com/felixgeelhaar/roady/internal/infrastructure/cli/sync.go:39.23,42.36 3 0
github.com/felixgeelhaar/roady/internal/infrastructure/cli/sync.go:42.36,45.19 3 0
github.com/felixgeelhaar/roady/internal/infrastructure/cli/sync.go:46.17,46.36 1 0
github.com/felixgeelhaar/roady/internal/infrastructure/cli/sync.go:47.24,47.40 1 0
github.com/felixgeelhaar/roady/internal/infrastructure/cli/sync.go:50.5,50.20 1 0
github.com/felixgeelhaar/roady/internal/infrastructure/cli/sync.go:50.20,51.66 1 0
github.com/felixgeelhaar/roady/internal/infrastructure/cli/sync.go:51.66,53.7 1 0
github.com/felixgeelhaar/roady/internal/infrastructure/cli/sync.go:53.12,55.7 1 0
github.com/felixgeelhaar/roady/internal/infrastructure/cli/sync.go:58.9,60.4 1 0
github.com/felixgeelhaar/roady/internal/infrastructure/cli/sync.go:61.3,61.13 1 0
github.com/felixgeelhaar/roady/internal/infrastructure/cli/sync.go:65.13,67.2 1 1
github.com/felixgeelhaar/roady/internal/infrastructure/cli/task.go:17.65,22.55 1 5
github.com/felixgeelhaar/roady/internal/infrastructure/cli/task.go:22.55,29.18 6 0
github.com/felixgeelhaar/roady/internal/infrastructure/cli/task.go:29.18,31.5 1 0
github.com/felixgeelhaar/roady/internal/infrastructure/cli/task.go:32.4,33.14 2 0
github.com/felixgeelhaar/roady/internal/infrastructure/cli/task.go:38.13,46.2 6 1
github.com/felixgeelhaar/roady/internal/infrastructure/mcp/server.go:22.37,42.2 6 0
github.com/felixgeelhaar/roady/internal/infrastructure/mcp/server.go:52.34,92.2 8 0
github.com/felixgeelhaar/roady/internal/infrastructure/mcp/server.go:94.81,96.16 2 0
github.com/felixgeelhaar/roady/internal/infrastructure/mcp/server.go:96.16,98.3 1 0
github.com/felixgeelhaar/roady/internal/infrastructure/mcp/server.go:99.2,99.75 1 0
github.com/felixgeelhaar/roady/internal/infrastructure/mcp/server.go:102.81,104.16 2 0
github.com/felixgeelhaar/roady/internal/infrastructure/mcp/server.go:104.16,106.3 1 0
github.com/felixgeelhaar/roady/internal/infrastructure/mcp/server.go:107.2,107.18 1 0
github.com/felixgeelhaar/roady/internal/infrastructure/mcp/server.go:110.81,112.16 2 0
github.com/felixgeelhaar/roady/internal/infrastructure/mcp/server.go:112.16,114.3 1 0
github.com/felixgeelhaar/roady/internal/infrastructure/mcp/server.go:115.2,115.18 1 0
github.com/felixgeelhaar/roady/internal/infrastructure/mcp/server.go:118.89,120.16 2 0
github.com/felixgeelhaar/roady/internal/infrastructure/mcp/server.go:120.16,122.3 1 0
github.com/felixgeelhaar/roady/internal/infrastructure/mcp/server.go:123.2,123.96 1 0
github.com/felixgeelhaar/roady/internal/infrastructure/mcp/server.go:126.93,128.16 2 0
github.com/felixgeelhaar/roady/internal/infrastructure/mcp/server.go:128.16,130.3 1 0
github.com/felixgeelhaar/roady/internal/infrastructure/mcp/server.go:131.2,131.94 1 0
github.com/felixgeelhaar/roady/internal/infrastructure/mcp/server.go:134.85,136.16 2 0
github.com/felixgeelhaar/roady/internal/infrastructure/mcp/server.go:136.16,138.3 1 0
github.com/felixgeelhaar/roady/internal/infrastructure/mcp/server.go:139.2,139.20 1 0
github.com/felixgeelhaar/roady/internal/infrastructure/mcp/server.go:142.83,144.16 2 0
github.com/felixgeelhaar/roady/internal/infrastructure/mcp/server.go:144.16,146.3 1 0
github.com/felixgeelhaar/roady/internal/infrastructure/mcp/server.go:148.2,149.31 2 0
github.com/felixgeelhaar/roady/internal/infrastructure/mcp/server.go:149.31,151.3 1 0
github.com/felixgeelhaar/roady/internal/infrastructure/mcp/server.go:153.2,155.20 2 0
github.com/felixgeelhaar/roady/internal/infrastructure/mcp/server.go:158.85,160.16 2 0
github.com/felixgeelhaar/roady/internal/infrastructure/mcp/server.go:160.16,162.3 1 0
github.com/felixgeelhaar/roady/internal/infrastructure/mcp/server.go:163.2,163.25 1 0
github.com/felixgeelhaar/roady/internal/infrastructure/mcp/server.go:163.25,165.3 1 0
github.com/felixgeelhaar/roady/internal/infrastructure/mcp/server.go:166.2,166.23 1 0
github.com/felixgeelhaar/roady/internal/infrastructure/mcp/server.go:169.32,172.2 2 0
github.com/felixgeelhaar/roady/internal/infrastructure/plugin/loader.go:25.26,29.2 1 0
github.com/felixgeelhaar/roady/internal/infrastructure/plugin/loader.go:31.65,42.16 3 0
github.com/felixgeelhaar/roady/internal/infrastructure/plugin/loader.go:42.16,45.3 2 0
github.com/felixgeelhaar/roady/internal/infrastructure/plugin/loader.go:47.2,48.16 2 0
github.com/felixgeelhaar/roady/internal/infrastructure/plugin/loader.go:48.16,51.3 2 0
github.com/felixgeelhaar/roady/internal/infrastructure/plugin/loader.go:53.2,54.39 2 0
github.com/felixgeelhaar/roady/internal/infrastructure/plugin/loader.go:57.28,58.35 1 0
github.com/felixgeelhaar/roady/internal/infrastructure/plugin/loader.go:58.35,60.3 1 0
github.com/felixgeelhaar/roady/internal/infrastructure/storage/filesystem.go:32.65,41.2 1 0
github.com/felixgeelhaar/roady/internal/infrastructure/storage/filesystem.go:44.77,45.20 1 0
github.com/felixgeelhaar/roady/internal/infrastructure/storage/filesystem.go:45.20,47.3 1 0
github.com/felixgeelhaar/roady/internal/infrastructure/storage/filesystem.go:50.2,55.82 4 0
github.com/felixgeelhaar/roady/internal/infrastructure/storage/filesystem.go:55.82,57.3 1 0
github.com/felixgeelhaar/roady/internal/infrastructure/storage/filesystem.go:59.2,59.23 1 0
github.com/felixgeelhaar/roady/internal/infrastructure/storage/filesystem.go:62.51,65.48 2 0
github.com/felixgeelhaar/roady/internal/infrastructure/storage/filesystem.go:65.48,67.3 1 0
github.com/felixgeelhaar/roady/internal/infrastructure/storage/filesystem.go:68.2,68.12 1 0
github.com/felixgeelhaar/roady/internal/infrastructure/storage/filesystem.go:71.53,74.2 2 0
github.com/felixgeelhaar/roady/internal/infrastructure/storage/filesystem.go:76.68,78.16 2 0
github.com/felixgeelhaar/roady/internal/infrastructure/storage/filesystem.go:78.16,80.3 1 0
github.com/felixgeelhaar/roady/internal/infrastructure/storage/filesystem.go:82.2,83.16 2 0
github.com/felixgeelhaar/roady/internal/infrastructure/storage/filesystem.go:83.16,85.3 1 0
github.com/felixgeelhaar/roady/internal/infrastructure/storage/filesystem.go:88.2,88.39 1 0
github.com/felixgeelhaar/roady/internal/infrastructure/storage/filesystem.go:91.70,94.95 2 0
github.com/felixgeelhaar/roady/internal/infrastructure/storage/filesystem.go:94.95,96.17 2 0
github.com/felixgeelhaar/roady/internal/infrastructure/storage/filesystem.go:96.17,98.4 1 0
github.com/felixgeelhaar/roady/internal/infrastructure/storage/filesystem.go:101.3,102.17 2 0
github.com/felixgeelhaar/roady/internal/infrastructure/storage/filesystem.go:102.17,104.4 1 0
github.com/felixgeelhaar/roady/internal/infrastructure/storage/filesystem.go:106.3,107.50 2 0
github.com/felixgeelhaar/roady/internal/infrastructure/storage/filesystem.go:107.50,109.4 1 0
github.com/felixgeelhaar/roady/internal/infrastructure/storage/filesystem.go:111.3,111.17 1 0
github.com/felixgeelhaar/roady/internal/infrastructure/storage/filesystem.go:115.72,117.16 2 0
github.com/felixgeelhaar/roady/internal/infrastructure/storage/filesystem.go:117.16,119.3 1 0
github.com/felixgeelhaar/roady/internal/infrastructure/storage/filesystem.go:121.2,122.16 2 0
github.com/felixgeelhaar/roady/internal/infrastructure/storage/filesystem.go:122.16,124.3 1 0
github.com/felixgeelhaar/roady/internal/infrastructure/storage/filesystem.go:126.2,126.39 1 0
github.com/felixgeelhaar/roady/internal/infrastructure/storage/filesystem.go:129.74,131.16 2 0
github.com/felixgeelhaar/roady/internal/infrastructure/storage/filesystem.go:131.16,133.3 1 0
github.com/felixgeelhaar/roady/internal/infrastructure/storage/filesystem.go:136.2,137.16 2 0
github.com/felixgeelhaar/roady/internal/infrastructure/storage/filesystem.go:137.16,139.3 1 0
github.com/felixgeelhaar/roady/internal/infrastructure/storage/filesystem.go:141.2,142.49 2 0
github.com/felixgeelhaar/roady/internal/infrastructure/storage/filesystem.go:142.49,144.3 1 0
github.com/felixgeelhaar/roady/internal/infrastructure/storage/filesystem.go:146.2,146.16 1 0
github.com/felixgeelhaar/roady/internal/infrastructure/storage/filesystem.go:149.75,151.16 2 0
github.com/felixgeelhaar/roady/internal/infrastructure/storage/filesystem.go:151.16,153.3 1 0
github.com/felixgeelhaar/roady/internal/infrastructure/storage/filesystem.go:155.2,156.16 2 0
github.com/felixgeelhaar/roady/internal/infrastructure/storage/filesystem.go:156.16,158.3 1 0
github.com/felixgeelhaar/roady/internal/infrastructure/storage/filesystem.go:160.2,160.39 1 0
github.com/felixgeelhaar/roady/internal/infrastructure/storage/filesystem_audit.go:11.70,13.16 2 0
github.com/felixgeelhaar/roady/internal/infrastructure/storage/filesystem_audit.go:13.16,15.3 1 0
github.com/felixgeelhaar/roady/internal/infrastructure/storage/filesystem_audit.go:17.1,18.16 2 0
github.com/felixgeelhaar/roady/internal/infrastructure/storage/filesystem_audit.go:18.16,20.3 1 0
github.com/felixgeelhaar/roady/internal/infrastructure/storage/filesystem_audit.go:22.1,26.16 3 0
github.com/felixgeelhaar/roady/internal/infrastructure/storage/filesystem_audit.go:26.16,28.3 1 0
github.com/felixgeelhaar/roady/internal/infrastructure/storage/filesystem_audit.go:29.2,31.41 2 0
github.com/felixgeelhaar/roady/internal/infrastructure/storage/filesystem_audit.go:31.41,33.3 1 0
github.com/felixgeelhaar/roady/internal/infrastructure/storage/filesystem_audit.go:35.2,35.12 1 0
github.com/felixgeelhaar/roady/internal/infrastructure/storage/filesystem_plan.go:11.65,13.16 2 0
github.com/felixgeelhaar/roady/internal/infrastructure/storage/filesystem_plan.go:13.16,15.3 1 0
github.com/felixgeelhaar/roady/internal/infrastructure/storage/filesystem_plan.go:17.2,18.16 2 0
github.com/felixgeelhaar/roady/internal/infrastructure/storage/filesystem_plan.go:18.16,20.3 1 0
github.com/felixgeelhaar/roady/internal/infrastructure/storage/filesystem_plan.go:22.2,22.39 1 0
github.com/felixgeelhaar/roady/internal/infrastructure/storage/filesystem_plan.go:25.67,27.16 2 0
github.com/felixgeelhaar/roady/internal/infrastructure/storage/filesystem_plan.go:27.16,29.3 1 0
github.com/felixgeelhaar/roady/internal/infrastructure/storage/filesystem_plan.go:32.2,33.16 2 0
github.com/felixgeelhaar/roady/internal/infrastructure/storage/filesystem_plan.go:33.16,35.3 1 0
github.com/felixgeelhaar/roady/internal/infrastructure/storage/filesystem_plan.go:37.2,38.49 2 0
github.com/felixgeelhaar/roady/internal/infrastructure/storage/filesystem_plan.go:38.49,40.3 1 0
github.com/felixgeelhaar/roady/internal/infrastructure/storage/filesystem_plan.go:42.2,42.16 1 0
github.com/felixgeelhaar/roady/internal/infrastructure/storage/filesystem_policy.go:12.75,14.16 2 0
github.com/felixgeelhaar/roady/internal/infrastructure/storage/filesystem_policy.go:14.16,16.3 1 0
github.com/felixgeelhaar/roady/internal/infrastructure/storage/filesystem_policy.go:19.2,20.16 2 0
github.com/felixgeelhaar/roady/internal/infrastructure/storage/filesystem_policy.go:20.16,21.25 1 0
github.com/felixgeelhaar/roady/internal/infrastructure/storage/filesystem_policy.go:21.25,23.4 1 0
github.com/felixgeelhaar/roady/internal/infrastructure/storage/filesystem_policy.go:24.3,24.64 1 0
github.com/felixgeelhaar/roady/internal/infrastructure/storage/filesystem_policy.go:27.2,30.41 4 0
github.com/felixgeelhaar/roady/internal/infrastructure/storage/filesystem_policy.go:30.41,32.3 1 0
github.com/felixgeelhaar/roady/internal/infrastructure/storage/filesystem_policy.go:34.2,34.18 1 0
github.com/felixgeelhaar/roady/internal/infrastructure/storage/filesystem_policy.go:37.75,39.16 2 0
github.com/felixgeelhaar/roady/internal/infrastructure/storage/filesystem_policy.go:39.16,41.3 1 0
github.com/felixgeelhaar/roady/internal/infrastructure/storage/filesystem_policy.go:43.2,44.16 2 0
github.com/felixgeelhaar/roady/internal/infrastructure/storage/filesystem_policy.go:44.16,46.3 1 0
github.com/felixgeelhaar/roady/internal/infrastructure/storage/filesystem_policy.go:47.2,47.39 1 0
github.com/felixgeelhaar/roady/cmd/roady/main.go:9.13,10.38 1 0
github.com/felixgeelhaar/roady/cmd/roady/main.go:10.38,12.3 1 0
github.com/felixgeelhaar/roady/internal/application/ai_planning_service.go:18.122,20.2 1 0
github.com/felixgeelhaar/roady/internal/application/ai_planning_service.go:22.88,25.16 2 0
github.com/felixgeelhaar/roady/internal/application/ai_planning_service.go:25.16,27.3 1 0
github.com/felixgeelhaar/roady/internal/application/ai_planning_service.go:28.2,28.18 1 0
github.com/felixgeelhaar/roady/internal/application/ai_planning_service.go:28.18,30.3 1 0
github.com/felixgeelhaar/roady/internal/application/ai_planning_service.go:33.2,34.16 2 0
github.com/felixgeelhaar/roady/internal/application/ai_planning_service.go:34.16,36.3 1 0
github.com/felixgeelhaar/roady/internal/application/ai_planning_service.go:39.2,46.16 3 0
github.com/felixgeelhaar/roady/internal/application/ai_planning_service.go:46.16,48.3 1 0
github.com/felixgeelhaar/roady/internal/application/ai_planning_service.go:51.2,55.17 1 0
github.com/felixgeelhaar/roady/internal/application/ai_planning_service.go:55.17,57.3 1 0
github.com/felixgeelhaar/roady/internal/application/ai_planning_service.go:62.2,65.82 3 0
github.com/felixgeelhaar/roady/internal/application/audit_service.go:14.69,16.2 1 0
github.com/felixgeelhaar/roady/internal/application/audit_service.go:18.96,27.50 2 0
github.com/felixgeelhaar/roady/internal/application/audit_service.go:27.50,29.3 1 0
github.com/felixgeelhaar/roady/internal/application/audit_service.go:32.2,40.34 3 0
github.com/felixgeelhaar/roady/internal/application/drift_service.go:17.69,19.2 1 0
github.com/felixgeelhaar/roady/internal/application/drift_service.go:22.61,24.16 2 0
github.com/felixgeelhaar/roady/internal/application/drift_service.go:24.16,26.3 1 0
github.com/felixgeelhaar/roady/internal/application/drift_service.go:28.2,29.16 2 0
github.com/felixgeelhaar/roady/internal/application/drift_service.go:29.16,31.3 1 0
github.com/felixgeelhaar/roady/internal/application/drift_service.go:33.2,41.34 3 0
github.com/felixgeelhaar/roady/internal/application/drift_service.go:41.34,42.27 1 0
github.com/felixgeelhaar/roady/internal/application/drift_service.go:42.27,44.4 1 0
github.com/felixgeelhaar/roady/internal/application/drift_service.go:47.2,47.40 1 0
github.com/felixgeelhaar/roady/internal/application/drift_service.go:47.40,48.34 1 0
github.com/felixgeelhaar/roady/internal/application/drift_service.go:48.34,56.4 1 0
github.com/felixgeelhaar/roady/internal/application/drift_service.go:60.2,60.34 1 0
github.com/felixgeelhaar/roady/internal/application/drift_service.go:60.34,61.22 1 0
github.com/felixgeelhaar/roady/internal/application/drift_service.go:61.22,62.12 1 0
github.com/felixgeelhaar/roady/internal/application/drift_service.go:65.3,68.41 3 0
github.com/felixgeelhaar/roady/internal/application/drift_service.go:68.41,69.15 1 0
github.com/felixgeelhaar/roady/internal/application/drift_service.go:69.15,77.5 1 0
github.com/felixgeelhaar/roady/internal/application/drift_service.go:77.10,77.31 1 0
github.com/felixgeelhaar/roady/internal/application/drift_service.go:77.31,85.5 1 0
[...]
github.com/felixgeelhaar/roady/internal/infrastructure/cli/dashboard.go:136.2,137.15 2 0
github.com/felixgeelhaar/roady/internal/infrastructure/cli/dashboard.go:140.30,141.18 1 0
github.com/felixgeelhaar/roady/internal/infrastructure/cli/dashboard.go:141.18,143.3 1 0
github.com/felixgeelhaar/roady/internal/infrastructure/cli/dashboard.go:145.2,148.22 3 0
github.com/felixgeelhaar/roady/internal/infrastructure/cli/dashboard.go:148.22,150.29 2 0
github.com/felixgeelhaar/roady/internal/infrastructure/cli/dashboard.go:150.29,152.4 1 0
github.com/felixgeelhaar/roady/internal/infrastructure/cli/dashboard.go:153.8,155.3 1 0
github.com/felixgeelhaar/roady/internal/infrastructure/cli/dashboard.go:157.2,165.10 1 0
github.com/felixgeelhaar/roady/internal/infrastructure/cli/doctor.go:14.54,21.46 5 0
github.com/felixgeelhaar/roady/internal/infrastructure/cli/doctor.go:21.46,23.30 2 0
github.com/felixgeelhaar/roady/internal/infrastructure/cli/doctor.go:23.30,26.4 2 0
github.com/felixgeelhaar/roady/internal/infrastructure/cli/doctor.go:26.9,28.4 1 0
github.com/felixgeelhaar/roady/internal/infrastructure/cli/doctor.go:31.2,31.39 1 0
github.com/felixgeelhaar/roady/internal/infrastructure/cli/doctor.go:31.39,32.28 1 0
github.com/felixgeelhaar/roady/internal/infrastructure/cli/doctor.go:32.28,34.4 1 0
github.com/felixgeelhaar/roady/internal/infrastructure/cli/doctor.go:35.3,35.13 1 0
github.com/felixgeelhaar/roady/internal/infrastructure/cli/doctor.go:38.2,38.34 1 0
github.com/felixgeelhaar/roady/internal/infrastructure/cli/doctor.go:38.34,41.3 2 0
github.com/felixgeelhaar/roady/internal/infrastructure/cli/doctor.go:43.2,43.36 1 0
github.com/felixgeelhaar/roady/internal/infrastructure/cli/doctor.go:43.36,46.3 2 0
github.com/felixgeelhaar/roady/internal/infrastructure/cli/doctor.go:48.2,48.34 1 0
github.com/felixgeelhaar/roady/internal/infrastructure/cli/doctor.go:48.34,51.3 2 0
github.com/felixgeelhaar/roady/internal/infrastructure/cli/doctor.go:53.3,53.16 1 0
github.com/felixgeelhaar/roady/internal/infrastructure/cli/doctor.go:53.16,56.4 2 0
github.com/felixgeelhaar/roady/internal/infrastructure/cli/doctor.go:56.9,58.4 1 0
github.com/felixgeelhaar/roady/internal/infrastructure/cli/doctor.go:59.3,59.13 1 0
github.com/felixgeelhaar/roady/internal/infrastructure/cli/doctor.go:63.13,65.2 1 0
github.com/felixgeelhaar/roady/internal/infrastructure/cli/drift.go:21.54,29.17 6 0
github.com/felixgeelhaar/roady/internal/infrastructure/cli/drift.go:29.17,31.4 1 0
github.com/felixgeelhaar/roady/internal/infrastructure/cli/drift.go:33.3,33.29 1 0
github.com/felixgeelhaar/roady/internal/infrastructure/cli/drift.go:33.29,36.30 3 0
github.com/felixgeelhaar/roady/internal/infrastructure/cli/drift.go:36.30,38.5 1 0
github.com/felixgeelhaar/roady/internal/infrastructure/cli/drift.go:39.4,39.14 1 0
github.com/felixgeelhaar/roady/internal/infrastructure/cli/drift.go:42.3,42.30 1 0
github.com/felixgeelhaar/roady/internal/infrastructure/cli/drift.go:42.30,45.4 2 0
github.com/felixgeelhaar/roady/internal/infrastructure/cli/drift.go:47.3,48.39 2 0
github.com/felixgeelhaar/roady/internal/infrastructure/cli/drift.go:48.39,50.4 1 0
github.com/felixgeelhaar/roady/internal/infrastructure/cli/drift.go:52.3,52.38 1 0
github.com/felixgeelhaar/roady/internal/infrastructure/cli/drift.go:56.13,60.2 3 0
github.com/felixgeelhaar/roady/internal/infrastructure/cli/init.go:15.54,22.20 6 0
github.com/felixgeelhaar/roady/internal/infrastructure/cli/init.go:22.20,24.4 1 0
github.com/felixgeelhaar/roady/internal/infrastructure/cli/init.go:26.3,27.17 2 0
github.com/felixgeelhaar/roady/internal/infrastructure/cli/init.go:27.17,29.4 1 0
github.com/felixgeelhaar/roady/internal/infrastructure/cli/init.go:31.3,32.13 2 0
github.com/felixgeelhaar/roady/internal/infrastructure/cli/init.go:36.13,38.2 1 0
github.com/felixgeelhaar/roady/internal/infrastructure/cli/mcp.go:13.47,14.50 1 0
github.com/felixgeelhaar/roady/internal/infrastructure/cli/mcp.go:14.50,16.4 1 0
github.com/felixgeelhaar/roady/internal/infrastructure/cli/mcp.go:17.3,19.40 3 0
github.com/felixgeelhaar/roady/internal/infrastructure/cli/mcp.go:19.40,21.4 1 0
github.com/felixgeelhaar/roady/internal/infrastructure/cli/mcp.go:25.13,27.2 1 0
github.com/felixgeelhaar/roady/internal/infrastructure/cli/plan.go:20.54,27.17 6 0
github.com/felixgeelhaar/roady/internal/infrastructure/cli/plan.go:27.17,29.4 1 0
github.com/felixgeelhaar/roady/internal/infrastructure/cli/plan.go:31.3,33.32 3 0
github.com/felixgeelhaar/roady/internal/infrastructure/cli/plan.go:33.32,35.4 1 0
github.com/felixgeelhaar/roady/internal/infrastructure/cli/plan.go:36.3,36.13 1 0
github.com/felixgeelhaar/roady/internal/infrastructure/cli/plan.go:40.13,43.2 2 0
github.com/felixgeelhaar/roady/internal/infrastructure/cli/policy.go:21.54,27.17 5 0
github.com/felixgeelhaar/roady/internal/infrastructure/cli/policy.go:27.17,29.4 1 0
github.com/felixgeelhaar/roady/internal/infrastructure/cli/policy.go:31.3,31.27 1 0
github.com/felixgeelhaar/roady/internal/infrastructure/cli/policy.go:31.27,34.4 2 0
github.com/felixgeelhaar/roady/internal/infrastructure/cli/policy.go:36.3,37.32 2 0
github.com/felixgeelhaar/roady/internal/infrastructure/cli/policy.go:37.32,39.40 2 0
github.com/felixgeelhaar/roady/internal/infrastructure/cli/policy.go:39.40,41.5 1 0
github.com/felixgeelhaar/roady/internal/infrastructure/cli/policy.go:41.10,43.5 1 0
github.com/felixgeelhaar/roady/internal/infrastructure/cli/policy.go:44.4,44.57 1 0
github.com/felixgeelhaar/roady/internal/infrastructure/cli/policy.go:47.3,47.47 1 0
github.com/felixgeelhaar/roady/internal/infrastructure/cli/policy.go:51.13,54.2 2 0
github.com/felixgeelhaar/roady/internal/infrastructure/cli/root.go:20.22,22.2 1 0
github.com/felixgeelhaar/roady/internal/infrastructure/cli/root.go:24.14,26.2 0 0
github.com/felixgeelhaar/roady/internal/infrastructure/cli/spec.go:21.54,28.17 6 0
github.com/felixgeelhaar/roady/internal/infrastructure/cli/spec.go:28.17,30.4 1 0
github.com/felixgeelhaar/roady/internal/infrastructure/cli/spec.go:32.3,33.13 2 0
github.com/felixgeelhaar/roady/internal/infrastructure/cli/spec.go:40.54,44.17 4 0
github.com/felixgeelhaar/roady/internal/infrastructure/cli/spec.go:44.17,46.4 1 0
github.com/felixgeelhaar/roady/internal/infrastructure/cli/spec.go:48.3,49.20 2 0
github.com/felixgeelhaar/roady/internal/infrastructure/cli/spec.go:49.20,51.27 2 0
github.com/felixgeelhaar/roady/internal/infrastructure/cli/spec.go:51.27,53.5 1 0
github.com/felixgeelhaar/roady/internal/infrastructure/cli/spec.go:54.4,54.47 1 0
github.com/felixgeelhaar/roady/internal/infrastructure/cli/spec.go:57.3,58.13 2 0
github.com/felixgeelhaar/roady/internal/infrastructure/cli/spec.go:62.13,66.2 3 0
github.com/felixgeelhaar/roady/internal/infrastructure/cli/status.go:15.54,20.17 4 0
github.com/felixgeelhaar/roady/internal/infrastructure/cli/status.go:20.17,22.4 1 0
github.com/felixgeelhaar/roady/internal/infrastructure/cli/status.go:24.3,25.17 2 0
github.com/felixgeelhaar/roady/internal/infrastructure/cli/status.go:25.17,27.4 1 0
github.com/felixgeelhaar/roady/internal/infrastructure/cli/status.go:29.3,33.32 4 0
github.com/felixgeelhaar/roady/internal/infrastructure/cli/status.go:33.32,35.4 1 0
github.com/felixgeelhaar/roady/internal/infrastructure/cli/status.go:37.3,44.26 6 0
github.com/felixgeelhaar/roady/internal/infrastructure/cli/status.go:44.26,47.4 2 0
github.com/felixgeelhaar/roady/internal/infrastructure/cli/status.go:50.3,52.13 3 0
github.com/felixgeelhaar/roady/internal/infrastructure/cli/status.go:56.13,58.2 1 0
github.com/felixgeelhaar/roady/internal/infrastructure/cli/sync.go:17.54,25.17 7 0
github.com/felixgeelhaar/roady/internal/infrastructure/cli/sync.go:25.17,27.4 1 0
github.com/felixgeelhaar/roady/internal/infrastructure/cli/sync.go:29.3,30.17 2 0
github.com/felixgeelhaar/roady/internal/infrastructure/cli/sync.go:30.17,32.4 1 0
github.com/felixgeelhaar/roady/internal/infrastructure/cli/sync.go:34.3,35.17 2 0
github.com/felixgeelhaar/roady/internal/infrastructure/cli/sync.go:35.17,37.4 1 0
github.com/felixgeelhaar/roady/internal/infrastructure/cli/sync.go:39.3,39.23 1 0
github.com/felixgeelhaar/roady/internal/infrastructure/cli/sync.go:39.23,42.36 3 0
github.com/felixgeelhaar/roady/internal/infrastructure/cli/sync.go:42.36,45.19 3 0
github.com/felixgeelhaar/roady/internal/infrastructure/cli/sync.go:46.17,46.36 1 0
github.com/felixgeelhaar/roady/internal/infrastructure/cli/sync.go:47.24,47.40 1 0
github.com/felixgeelhaar/roady/internal/infrastructure/cli/sync.go:50.5,50.20 1 0
github.com/felixgeelhaar/roady/internal/infrastructure/cli/sync.go:50.20,51.66 1 0
github.com/felixgeelhaar/roady/internal/infrastructure/cli/sync.go:51.66,53.7 1 0
github.com/felixgeelhaar/roady/internal/infrastructure/cli/sync.go:53.12,55.7 1 0
github.com/felixgeelhaar/roady/internal/infrastructure/cli/sync.go:58.9,60.4 1 0
github.com/felixgeelhaar/roady/internal/infrastructure/cli/sync.go:61.3,61.13 1 0
github.com/felixgeelhaar/roady/internal/infrastructure/cli/sync.go:65.13,67.2 1 0
github.com/felixgeelhaar/roady/internal/infrastructure/cli/task.go:17.65,22.55 1 0
github.com/felixgeelhaar/roady/internal/infrastructure/cli/task.go:22.55,29.18 6 0
github.com/felixgeelhaar/roady/internal/infrastructure/cli/task.go:29.18,31.5 1 0
github.com/felixgeelhaar/roady/internal/infrastructure/cli/task.go:32.4,33.14 2 0
github.com/felixgeelhaar/roady/internal/infrastructure/cli/task.go:38.13,46.2 6 0
github.com/felixgeelhaar/roady/internal/infrastructure/mcp/server.go:22.37,42.2 6 0
github.com/felixgeelhaar/roady/internal/infrastructure/mcp/server.go:52.34,92.2 8 0
github.com/felixgeelhaar/roady/internal/infrastructure/mcp/server.go:94.81,96.16 2 0
github.com/felixgeelhaar/roady/internal/infrastructure/mcp/server.go:96.16,98.3 1 0
github.com/felixgeelhaar/roady/internal/infrastructure/mcp/server.go:99.2,99.75 1 0
github.com/felixgeelhaar/roady/internal/infrastructure/mcp/server.go:102.81,104.16 2 0
github.com/felixgeelhaar/roady/internal/infrastructure/mcp/server.go:104.16,106.3 1 0
github.com/felixgeelhaar/roady/internal/infrastructure/mcp/server.go:107.2,107.18 1 0
github.com/felixgeelhaar/roady/internal/infrastructure/mcp/server.go:110.81,112.16 2 0
github.com/felixgeelhaar/roady/internal/infrastructure/mcp/server.go:112.16,114.3 1 0
github.com/felixgeelhaar/roady/internal/infrastructure/mcp/server.go:115.2,115.18 1 0
github.com/felixgeelhaar/roady/internal/infrastructure/mcp/server.go:118.89,120.16 2 0
github.com/felixgeelhaar/roady/internal/infrastructure/mcp/server.go:120.16,122.3 1 0
github.com/felixgeelhaar/roady/internal/infrastructure/mcp/server.go:123.2,123.96 1 0
github.com/felixgeelhaar/roady/internal/infrastructure/mcp/server.go:126.93,128.16 2 0
github.com/felixgeelhaar/roady/internal/infrastructure/mcp/server.go:128.16,130.3 1 0
github.com/felixgeelhaar/roady/internal/infrastructure/mcp/server.go:131.2,131.94 1 0
github.com/felixgeelhaar/roady/internal/infrastructure/mcp/server.go:134.85,136.16 2 0
github.com/felixgeelhaar/roady/internal/infrastructure/mcp/server.go:136.16,138.3 1 0
github.com/felixgeelhaar/roady/internal/infrastructure/mcp/server.go:139.2,139.20 1 0
github.com/felixgeelhaar/roady/internal/infrastructure/mcp/server.go:142.83,144.16 2 0
github.com/felixgeelhaar/roady/internal/infrastructure/mcp/server.go:144.16,146.3 1 0
github.com/felixgeelhaar/roady/internal/infrastructure/mcp/server.go:148.2,149.31 2 0
github.com/felixgeelhaar/roady/internal/infrastructure/mcp/server.go:149.31,151.3 1 0
github.com/felixgeelhaar/roady/internal/infrastructure/mcp/server.go:153.2,155.20 2 0
github.com/felixgeelhaar/roady/internal/infrastructure/mcp/server.go:158.85,160.16 2 0
github.com/felixgeelhaar/roady/internal/infrastructure/mcp/server.go:160.16,162.3 1 0
github.com/felixgeelhaar/roady/internal/infrastructure/mcp/server.go:163.2,163.25 1 0
github.com/felixgeelhaar/roady/internal/infrastructure/mcp/server.go:163.25,165.3 1 0
github.com/felixgeelhaar/roady/internal/infrastructure/mcp/server.go:166.2,166.23 1 0
github.com/felixgeelhaar/roady/internal/infrastructure/mcp/server.go:169.32,172.2 2 0
github.com/felixgeelhaar/roady/internal/infrastructure/plugin/loader.go:25.26,29.2 1 0
github.com/felixgeelhaar/roady/internal/infrastructure/plugin/loader.go:31.65,42.16 3 0
github.com/felixgeelhaar/roady/internal/infrastructure/plugin/loader.go:42.16,45.3 2 0
github.com/felixgeelhaar/roady/internal/infrastructure/plugin/loader.go:47.2,48.16 2 0
github.com/felixgeelhaar/roady/internal/infrastructure/plugin/loader.go:48.16,51.3 2 0
github.com/felixgeelhaar/roady/internal/infrastructure/plugin/loader.go:53.2,54.39 2 0
github.com/felixgeelhaar/roady/internal/infrastructure/plugin/loader.go:57.28,58.35 1 0
github.com/felixgeelhaar/roady/internal/infrastructure/plugin/loader.go:58.35,60.3 1 0
github.com/felixgeelhaar/roady/internal/infrastructure/storage/filesystem.go:32.65,41.2 1 0
github.com/felixgeelhaar/roady/internal/infrastructure/storage/filesystem.go:44.77,45.20 1 0
github.com/felixgeelhaar/roady/internal/infrastructure/storage/filesystem.go:45.20,47.3 1 0
github.com/felixgeelhaar/roady/internal/infrastructure/storage/filesystem.go:50.2,55.82 4 0
github.com/felixgeelhaar/roady/internal/infrastructure/storage/filesystem.go:55.82,57.3 1 0
github.com/felixgeelhaar/roady/internal/infrastructure/storage/filesystem.go:59.2,59.23 1 0
github.com/felixgeelhaar/roady/internal/infrastructure/storage/filesystem.go:62.51,65.48 2 0
github.com/felixgeelhaar/roady/internal/infrastructure/storage/filesystem.go:65.48,67.3 1 0
github.com/felixgeelhaar/roady/internal/infrastructure/storage/filesystem.go:68.2,68.12 1 0
github.com/felixgeelhaar/roady/internal/infrastructure/storage/filesystem.go:71.53,74.2 2 0
github.com/felixgeelhaar/roady/internal/infrastructure/storage/filesystem.go:76.68,78.16 2 0
github.com/felixgeelhaar/roady/internal/infrastructure/storage/filesystem.go:78.16,80.3 1 0
github.com/felixgeelhaar/roady/internal/infrastructure/storage/filesystem.go:82.2,83.16 2 0
github.com/felixgeelhaar/roady/internal/infrastructure/storage/filesystem.go:83.16,85.3 1 0
github.com/felixgeelhaar/roady/internal/infrastructure/storage/filesystem.go:88.2,88.39 1 0
github.com/felixgeelhaar/roady/internal/infrastructure/storage/filesystem.go:91.70,94.95 2 0
github.com/felixgeelhaar/roady/internal/infrastructure/storage/filesystem.go:94.95,96.17 2 0
github.com/felixgeelhaar/roady/internal/infrastructure/storage/filesystem.go:96.17,98.4 1 0
github.com/felixgeelhaar/roady/internal/infrastructure/storage/filesystem.go:101.3,102.17 2 0
github.com/felixgeelhaar/roady/internal/infrastructure/storage/filesystem.go:102.17,104.4 1 0
github.com/felixgeelhaar/roady/internal/infrastructure/storage/filesystem.go:106.3,107.50 2 0
github.com/felixgeelhaar/roady/internal/infrastructure/storage/filesystem.go:107.50,109.4 1 0
github.com/felixgeelhaar/roady/internal/infrastructure/storage/filesystem.go:111.3,111.17 1 0
github.com/felixgeelhaar/roady/internal/infrastructure/storage/filesystem.go:115.72,117.16 2 0
github.com/felixgeelhaar/roady/internal/infrastructure/storage/filesystem.go:117.16,119.3 1 0
github.com/felixgeelhaar/roady/internal/infrastructure/storage/filesystem.go:121.2,122.16 2 0
github.com/felixgeelhaar/roady/internal/infrastructure/storage/filesystem.go:122.16,124.3 1 0
github.com/felixgeelhaar/roady/internal/infrastructure/storage/filesystem.go:126.2,126.39 1 0
github.com/felixgeelhaar/roady/internal/infrastructure/storage/filesystem.go:129.74,131.16 2 0
github.com/felixgeelhaar/roady/internal/infrastructure/storage/filesystem.go:131.16,133.3 1 0
github.com/felixgeelhaar/roady/internal/infrastructure/storage/filesystem.go:136.2,137.16 2 0
github.com/felixgeelhaar/roady/internal/infrastructure/storage/filesystem.go:137.16,139.3 1 0
github.com/felixgeelhaar/roady/internal/infrastructure/storage/filesystem.go:141.2,142.49 2 0
github.com/felixgeelhaar/roady/internal/infrastructure/storage/filesystem.go:142.49,144.3 1 0
github.com/felixgeelhaar/roady/internal/infrastructure/storage/filesystem.go:146.2,146.16 1 0
github.com/felixgeelhaar/roady/internal/infrastructure/storage/filesystem.go:149.75,151.16 2 0
github.com/felixgeelhaar/roady/internal/infrastructure/storage/filesystem.go:151.16,153.3 1 0
github.com/felixgeelhaar/roady/internal/infrastructure/storage/filesystem.go:155.2,156.16 2 0
github.com/felixgeelhaar/roady/internal/infrastructure/storage/filesystem.go:156.16,158.3 1 0
github.com/felixgeelhaar/roady/internal/infrastructure/storage/filesystem.go:160.2,160.39 1 0
github.com/felixgeelhaar/roady/internal/infrastructure/storage/filesystem_audit.go:11.70,13.16 2 0
github.com/felixgeelhaar/roady/internal/infrastructure/storage/filesystem_audit.go:13.16,15.3 1 0
github.com/felixgeelhaar/roady/internal/infrastructure/storage/filesystem_audit.go:17.1,18.16 2 0
github.com/felixgeelhaar/roady/internal/infrastructure/storage/filesystem_audit.go:18.16,20.3 1 0
github.com/felixgeelhaar/roady/internal/infrastructure/storage/filesystem_audit.go:22.1,26.16 3 0
github.com/felixgeelhaar/roady/internal/infrastructure/storage/filesystem_audit.go:26.16,28.3 1 0
github.com/felixgeelhaar/roady/internal/infrastructure/storage/filesystem_audit.go:29.2,31.41 2 0
github.com/felixgeelhaar/roady/internal/infrastructure/storage/filesystem_audit.go:31.41,33.3 1 0
github.com/felixgeelhaar/roady/internal/infrastructure/storage/filesystem_audit.go:35.2,35.12 1 0
github.com/felixgeelhaar/roady/internal/infrastructure/storage/filesystem_plan.go:11.65,13.16 2 0
github.com/felixgeelhaar/roady/internal/infrastructure/storage/filesystem_plan.go:13.16,15.3 1 0
github.com/felixgeelhaar/roady/internal/infrastructure/storage/filesystem_plan.go:17.2,18.16 2 0
github.com/felixgeelhaar/roady/internal/infrastructure/storage/filesystem_plan.go:18.16,20.3 1 0
github.com/felixgeelhaar/roady/internal/infrastructure/storage/filesystem_plan.go:22.2,22.39 1 0
github.com/felixgeelhaar/roady/internal/infrastructure/storage/filesystem_plan.go:25.67,27.16 2 0
github.com/felixgeelhaar/roady/internal/infrastructure/storage/filesystem_plan.go:27.16,29.3 1 0
github.com/felixgeelhaar/roady/internal/infrastructure/storage/filesystem_plan.go:32.2,33.16 2 0
github.com/felixgeelhaar/roady/internal/infrastructure/storage/filesystem_plan.go:33.16,35.3 1 0
github.com/felixgeelhaar/roady/internal/infrastructure/storage/filesystem_plan.go:37.2,38.49 2 0
github.com/felixgeelhaar/roady/internal/infrastructure/storage/filesystem_plan.go:38.49,40.3 1 0
github.com/felixgeelhaar/roady/internal/infrastructure/storage/filesystem_plan.go:42.2,42.16 1 0
github.com/felixgeelhaar/roady/internal/infrastructure/storage/filesystem_policy.go:12.75,14.16 2 0
github.com/felixgeelhaar/roady/internal/infrastructure/storage/filesystem_policy.go:14.16,16.3 1 0
github.com/felixgeelhaar/roady/internal/infrastructure/storage/filesystem_policy.go:19.2,20.16 2 0
github.com/felixgeelhaar/roady/internal/infrastructure/storage/filesystem_policy.go:20.16,21.25 1 0
github.com/felixgeelhaar/roady/internal/infrastructure/storage/filesystem_policy.go:21.25,23.4 1 0
github.com/felixgeelhaar/roady/internal/infrastructure/storage/filesystem_policy.go:24.3,24.64 1 0
github.com/felixgeelhaar/roady/internal/infrastructure/storage/filesystem_policy.go:27.2,30.41 4 0
github.com/felixgeelhaar/roady/internal/infrastructure/storage/filesystem_policy.go:30.41,32.3 1 0
github.com/felixgeelhaar/roady/internal/infrastructure/storage/filesystem_policy.go:34.2,34.18 1 0
github.com/felixgeelhaar/roady/internal/infrastructure/storage/filesystem_policy.go:37.75,39.16 2 0
github.com/felixgeelhaar/roady/internal/infrastructure/storage/filesystem_policy.go:39.16,41.3 1 0
github.com/felixgeelhaar/roady/internal/infrastructure/storage/filesystem_policy.go:43.2,44.16 2 0
github.com/felixgeelhaar/roady/internal/infrastructure/storage/filesystem_policy.go:44.16,46.3 1 0
github.com/felixgeelhaar/roady/internal/infrastructure/storage/filesystem_policy.go:47.2,47.39 1 0
