mode: set
github.com/felixgeelhaar/roady/internal/domain/audit.go:21.40,32.2 7 0
github.com/felixgeelhaar/roady/cmd/roady-plugin-github/main.go:18.122,21.19 2 0
github.com/felixgeelhaar/roady/cmd/roady-plugin-github/main.go:21.19,24.3 2 0
github.com/felixgeelhaar/roady/cmd/roady-plugin-github/main.go:32.2,35.21 3 0
github.com/felixgeelhaar/roady/cmd/roady-plugin-github/main.go:38.13,50.2 2 0
github.com/felixgeelhaar/roady/internal/application/ai_planning_service.go:22.122,24.2 1 1
github.com/felixgeelhaar/roady/internal/application/ai_planning_service.go:26.61,28.2 1 0
github.com/felixgeelhaar/roady/internal/application/ai_planning_service.go:30.88,33.16 2 1
github.com/felixgeelhaar/roady/internal/application/ai_planning_service.go:33.16,35.3 1 1
github.com/felixgeelhaar/roady/internal/application/ai_planning_service.go:36.2,36.18 1 1
github.com/felixgeelhaar/roady/internal/application/ai_planning_service.go:36.18,38.3 1 1
github.com/felixgeelhaar/roady/internal/application/ai_planning_service.go:40.2,40.24 1 1
github.com/felixgeelhaar/roady/internal/application/ai_planning_service.go:40.24,42.19 2 0
github.com/felixgeelhaar/roady/internal/application/ai_planning_service.go:42.19,44.46 2 0
github.com/felixgeelhaar/roady/internal/application/ai_planning_service.go:44.46,46.5 1 0
github.com/felixgeelhaar/roady/internal/application/ai_planning_service.go:47.4,47.37 1 0
github.com/felixgeelhaar/roady/internal/application/ai_planning_service.go:47.37,49.5 1 0
github.com/felixgeelhaar/roady/internal/application/ai_planning_service.go:54.2,55.16 2 1
github.com/felixgeelhaar/roady/internal/application/ai_planning_service.go:55.16,57.3 1 0
github.com/felixgeelhaar/roady/internal/application/ai_planning_service.go:58.2,58.17 1 1
github.com/felixgeelhaar/roady/internal/application/ai_planning_service.go:58.17,60.3 1 0
github.com/felixgeelhaar/roady/internal/application/ai_planning_service.go:63.2,79.34 2 1
github.com/felixgeelhaar/roady/internal/application/ai_planning_service.go:79.34,81.36 2 0
github.com/felixgeelhaar/roady/internal/application/ai_planning_service.go:81.36,83.4 1 0
github.com/felixgeelhaar/roady/internal/application/ai_planning_service.go:86.2,90.16 2 1
github.com/felixgeelhaar/roady/internal/application/ai_planning_service.go:90.16,92.3 1 1
github.com/felixgeelhaar/roady/internal/application/ai_planning_service.go:95.2,99.17 1 1
github.com/felixgeelhaar/roady/internal/application/ai_planning_service.go:99.17,101.3 1 0
github.com/felixgeelhaar/roady/internal/application/ai_planning_service.go:104.2,111.40 6 1
github.com/felixgeelhaar/roady/internal/application/ai_planning_service.go:111.40,113.3 1 1
github.com/felixgeelhaar/roady/internal/application/ai_planning_service.go:116.2,116.105 1 1
github.com/felixgeelhaar/roady/internal/application/ai_planning_service.go:116.106,118.3 0 1
github.com/felixgeelhaar/roady/internal/application/ai_planning_service.go:118.8,122.69 3 0
github.com/felixgeelhaar/roady/internal/application/ai_planning_service.go:122.69,124.58 1 0
github.com/felixgeelhaar/roady/internal/application/ai_planning_service.go:124.58,125.36 1 0
github.com/felixgeelhaar/roady/internal/application/ai_planning_service.go:125.36,128.108 3 0
github.com/felixgeelhaar/roady/internal/application/ai_planning_service.go:128.108,130.12 2 0
github.com/felixgeelhaar/roady/internal/application/ai_planning_service.go:136.4,136.23 1 0
github.com/felixgeelhaar/roady/internal/application/ai_planning_service.go:136.23,137.31 1 0
github.com/felixgeelhaar/roady/internal/application/ai_planning_service.go:137.31,140.57 3 0
github.com/felixgeelhaar/roady/internal/application/ai_planning_service.go:140.57,141.21 1 0
github.com/felixgeelhaar/roady/internal/application/ai_planning_service.go:141.21,143.8 1 0
github.com/felixgeelhaar/roady/internal/application/ai_planning_service.go:144.7,144.21 1 0
github.com/felixgeelhaar/roady/internal/application/ai_planning_service.go:144.21,146.8 1 0
github.com/felixgeelhaar/roady/internal/application/ai_planning_service.go:150.9,153.88 2 0
github.com/felixgeelhaar/roady/internal/application/ai_planning_service.go:153.88,155.5 1 0
github.com/felixgeelhaar/roady/internal/application/ai_planning_service.go:159.2,159.21 1 1
github.com/felixgeelhaar/roady/internal/application/ai_planning_service.go:159.21,161.3 1 0
github.com/felixgeelhaar/roady/internal/application/ai_planning_service.go:164.2,165.26 2 1
github.com/felixgeelhaar/roady/internal/application/ai_planning_service.go:165.26,166.17 1 1
github.com/felixgeelhaar/roady/internal/application/ai_planning_service.go:166.17,168.4 1 1
github.com/felixgeelhaar/roady/internal/application/ai_planning_service.go:171.2,171.26 1 1
github.com/felixgeelhaar/roady/internal/application/ai_planning_service.go:171.26,173.3 1 0
github.com/felixgeelhaar/roady/internal/application/ai_planning_service.go:177.2,179.31 3 1
github.com/felixgeelhaar/roady/internal/application/ai_planning_service.go:179.31,182.3 2 1
github.com/felixgeelhaar/roady/internal/application/ai_planning_service.go:184.2,185.34 2 1
github.com/felixgeelhaar/roady/internal/application/ai_planning_service.go:185.34,190.15 2 0
github.com/felixgeelhaar/roady/internal/application/ai_planning_service.go:190.15,191.37 1 0
github.com/felixgeelhaar/roady/internal/application/ai_planning_service.go:191.37,192.71 1 0
github.com/felixgeelhaar/roady/internal/application/ai_planning_service.go:192.71,194.11 2 0
github.com/felixgeelhaar/roady/internal/application/ai_planning_service.go:199.3,199.15 1 0
github.com/felixgeelhaar/roady/internal/application/ai_planning_service.go:199.15,201.4 1 0
github.com/felixgeelhaar/roady/internal/application/ai_planning_service.go:204.2,204.30 1 1
github.com/felixgeelhaar/roady/internal/application/ai_planning_service.go:204.30,206.3 1 0
github.com/felixgeelhaar/roady/internal/application/ai_planning_service.go:209.2,209.50 1 1
github.com/felixgeelhaar/roady/internal/application/ai_planning_service.go:209.50,211.3 1 0
github.com/felixgeelhaar/roady/internal/application/ai_planning_service.go:213.2,214.39 2 1
github.com/felixgeelhaar/roady/internal/application/ai_planning_service.go:217.118,220.16 2 0
github.com/felixgeelhaar/roady/internal/application/ai_planning_service.go:220.16,222.3 1 0
github.com/felixgeelhaar/roady/internal/application/ai_planning_service.go:223.2,223.18 1 0
github.com/felixgeelhaar/roady/internal/application/ai_planning_service.go:223.18,225.3 1 0
github.com/felixgeelhaar/roady/internal/application/ai_planning_service.go:227.2,227.24 1 0
github.com/felixgeelhaar/roady/internal/application/ai_planning_service.go:227.24,229.19 2 0
github.com/felixgeelhaar/roady/internal/application/ai_planning_service.go:229.19,231.46 2 0
github.com/felixgeelhaar/roady/internal/application/ai_planning_service.go:231.46,233.5 1 0
github.com/felixgeelhaar/roady/internal/application/ai_planning_service.go:234.4,234.37 1 0
github.com/felixgeelhaar/roady/internal/application/ai_planning_service.go:234.37,236.5 1 0
github.com/felixgeelhaar/roady/internal/application/ai_planning_service.go:241.2,279.37 2 0
github.com/felixgeelhaar/roady/internal/application/ai_planning_service.go:279.37,281.3 1 0
github.com/felixgeelhaar/roady/internal/application/ai_planning_service.go:283.2,287.16 2 0
github.com/felixgeelhaar/roady/internal/application/ai_planning_service.go:287.16,289.3 1 0
github.com/felixgeelhaar/roady/internal/application/ai_planning_service.go:292.2,298.71 6 0
github.com/felixgeelhaar/roady/internal/application/ai_planning_service.go:298.71,300.3 1 0
github.com/felixgeelhaar/roady/internal/application/ai_planning_service.go:303.2,303.53 1 0
github.com/felixgeelhaar/roady/internal/application/ai_planning_service.go:303.53,305.3 1 0
github.com/felixgeelhaar/roady/internal/application/ai_planning_service.go:306.2,306.57 1 0
github.com/felixgeelhaar/roady/internal/application/ai_planning_service.go:306.57,308.3 1 0
github.com/felixgeelhaar/roady/internal/application/ai_planning_service.go:310.2,314.25 2 0
github.com/felixgeelhaar/roady/internal/application/ai_planning_service.go:317.78,320.16 2 0
github.com/felixgeelhaar/roady/internal/application/ai_planning_service.go:320.16,322.3 1 0
github.com/felixgeelhaar/roady/internal/application/ai_planning_service.go:323.2,323.18 1 0
github.com/felixgeelhaar/roady/internal/application/ai_planning_service.go:323.18,325.3 1 0
github.com/felixgeelhaar/roady/internal/application/ai_planning_service.go:328.2,329.16 2 0
github.com/felixgeelhaar/roady/internal/application/ai_planning_service.go:329.16,331.3 1 0
github.com/felixgeelhaar/roady/internal/application/ai_planning_service.go:334.2,337.34 2 0
github.com/felixgeelhaar/roady/internal/application/ai_planning_service.go:337.34,339.36 2 0
github.com/felixgeelhaar/roady/internal/application/ai_planning_service.go:339.36,341.4 1 0
github.com/felixgeelhaar/roady/internal/application/ai_planning_service.go:344.2,348.16 2 0
github.com/felixgeelhaar/roady/internal/application/ai_planning_service.go:348.16,350.3 1 0
github.com/felixgeelhaar/roady/internal/application/ai_planning_service.go:353.2,359.23 2 0
github.com/felixgeelhaar/roady/internal/application/ai_planning_service.go:362.101,363.29 1 0
github.com/felixgeelhaar/roady/internal/application/ai_planning_service.go:363.29,365.3 1 0
github.com/felixgeelhaar/roady/internal/application/ai_planning_service.go:368.2,369.16 2 0
github.com/felixgeelhaar/roady/internal/application/ai_planning_service.go:369.16,371.3 1 0
github.com/felixgeelhaar/roady/internal/application/ai_planning_service.go:372.2,372.18 1 0
github.com/felixgeelhaar/roady/internal/application/ai_planning_service.go:372.18,374.3 1 0
github.com/felixgeelhaar/roady/internal/application/ai_planning_service.go:377.2,384.38 3 0
github.com/felixgeelhaar/roady/internal/application/ai_planning_service.go:384.38,386.3 1 0
github.com/felixgeelhaar/roady/internal/application/ai_planning_service.go:388.2,394.16 3 0
github.com/felixgeelhaar/roady/internal/application/ai_planning_service.go:394.16,396.3 1 0
github.com/felixgeelhaar/roady/internal/application/ai_planning_service.go:399.2,406.23 2 0
github.com/felixgeelhaar/roady/internal/application/audit_service.go:15.69,17.2 1 1
github.com/felixgeelhaar/roady/internal/application/audit_service.go:19.96,23.21 3 1
github.com/felixgeelhaar/roady/internal/application/audit_service.go:23.21,25.3 1 1
github.com/felixgeelhaar/roady/internal/application/audit_service.go:27.2,37.50 3 1
github.com/felixgeelhaar/roady/internal/application/audit_service.go:37.50,39.3 1 1
github.com/felixgeelhaar/roady/internal/application/audit_service.go:42.2,43.32 2 1
github.com/felixgeelhaar/roady/internal/application/audit_service.go:43.32,47.3 1 1
github.com/felixgeelhaar/roady/internal/application/audit_service.go:48.2,48.32 1 1
github.com/felixgeelhaar/roady/internal/application/audit_service.go:48.32,50.3 1 1
github.com/felixgeelhaar/roady/internal/application/audit_service.go:52.2,56.38 3 1
github.com/felixgeelhaar/roady/internal/application/audit_service.go:56.38,57.50 1 1
github.com/felixgeelhaar/roady/internal/application/audit_service.go:57.50,58.52 1 1
github.com/felixgeelhaar/roady/internal/application/audit_service.go:58.52,60.5 1 1
github.com/felixgeelhaar/roady/internal/application/audit_service.go:61.4,61.54 1 1
github.com/felixgeelhaar/roady/internal/application/audit_service.go:61.54,63.5 1 1
github.com/felixgeelhaar/roady/internal/application/audit_service.go:67.2,67.35 1 1
github.com/felixgeelhaar/roady/internal/application/audit_service.go:70.62,72.2 1 0
github.com/felixgeelhaar/roady/internal/application/audit_service.go:74.60,76.16 2 0
github.com/felixgeelhaar/roady/internal/application/audit_service.go:76.16,78.3 1 0
github.com/felixgeelhaar/roady/internal/application/audit_service.go:80.2,83.27 3 0
github.com/felixgeelhaar/roady/internal/application/audit_service.go:83.27,85.29 1 0
github.com/felixgeelhaar/roady/internal/application/audit_service.go:85.29,87.4 1 0
github.com/felixgeelhaar/roady/internal/application/audit_service.go:90.3,91.25 2 0
github.com/felixgeelhaar/roady/internal/application/audit_service.go:91.25,93.4 1 0
github.com/felixgeelhaar/roady/internal/application/audit_service.go:95.3,95.20 1 0
github.com/felixgeelhaar/roady/internal/application/audit_service.go:98.2,98.24 1 0
github.com/felixgeelhaar/roady/internal/application/audit_service.go:102.55,104.16 2 0
github.com/felixgeelhaar/roady/internal/application/audit_service.go:104.16,106.3 1 0
github.com/felixgeelhaar/roady/internal/application/audit_service.go:108.2,108.22 1 0
github.com/felixgeelhaar/roady/internal/application/audit_service.go:108.22,110.3 1 0
github.com/felixgeelhaar/roady/internal/application/audit_service.go:112.2,115.27 3 0
github.com/felixgeelhaar/roady/internal/application/audit_service.go:115.27,116.74 1 0
github.com/felixgeelhaar/roady/internal/application/audit_service.go:116.74,117.28 1 0
github.com/felixgeelhaar/roady/internal/application/audit_service.go:117.28,119.5 1 0
github.com/felixgeelhaar/roady/internal/application/audit_service.go:120.4,120.19 1 0
github.com/felixgeelhaar/roady/internal/application/audit_service.go:124.2,124.24 1 0
github.com/felixgeelhaar/roady/internal/application/audit_service.go:124.24,126.3 1 0
github.com/felixgeelhaar/roady/internal/application/audit_service.go:128.2,129.14 2 0
github.com/felixgeelhaar/roady/internal/application/audit_service.go:129.14,131.3 1 0
github.com/felixgeelhaar/roady/internal/application/audit_service.go:133.2,133.43 1 0
github.com/felixgeelhaar/roady/internal/application/drift_service.go:17.69,19.2 1 1
github.com/felixgeelhaar/roady/internal/application/drift_service.go:21.61,25.16 2 1
github.com/felixgeelhaar/roady/internal/application/drift_service.go:25.16,29.3 1 1
github.com/felixgeelhaar/roady/internal/application/drift_service.go:33.2,35.16 2 1
github.com/felixgeelhaar/roady/internal/application/drift_service.go:35.16,39.3 1 0
github.com/felixgeelhaar/roady/internal/application/drift_service.go:43.2,45.16 2 1
github.com/felixgeelhaar/roady/internal/application/drift_service.go:45.16,49.3 1 0
github.com/felixgeelhaar/roady/internal/application/drift_service.go:53.3,85.32 3 1
github.com/felixgeelhaar/roady/internal/application/drift_service.go:85.32,89.34 1 1
github.com/felixgeelhaar/roady/internal/application/drift_service.go:89.34,125.5 1 0
github.com/felixgeelhaar/roady/internal/application/drift_service.go:142.2,145.17 3 1
github.com/felixgeelhaar/roady/internal/application/drift_service.go:145.17,146.32 1 1
github.com/felixgeelhaar/roady/internal/application/drift_service.go:146.32,148.4 1 1
github.com/felixgeelhaar/roady/internal/application/drift_service.go:151.2,151.34 1 1
github.com/felixgeelhaar/roady/internal/application/drift_service.go:151.34,152.36 1 1
github.com/felixgeelhaar/roady/internal/application/drift_service.go:152.36,155.26 3 1
github.com/felixgeelhaar/roady/internal/application/drift_service.go:155.26,165.5 1 1
github.com/felixgeelhaar/roady/internal/application/drift_service.go:170.2,170.17 1 1
github.com/felixgeelhaar/roady/internal/application/drift_service.go:170.17,172.35 2 1
github.com/felixgeelhaar/roady/internal/application/drift_service.go:172.35,174.4 1 1
github.com/felixgeelhaar/roady/internal/application/drift_service.go:176.3,176.32 1 1
github.com/felixgeelhaar/roady/internal/application/drift_service.go:176.32,178.65 1 1
github.com/felixgeelhaar/roady/internal/application/drift_service.go:178.65,188.5 1 0
github.com/felixgeelhaar/roady/internal/application/drift_service.go:193.2,193.33 1 1
github.com/felixgeelhaar/roady/internal/application/drift_service.go:193.33,194.35 1 1
github.com/felixgeelhaar/roady/internal/application/drift_service.go:194.35,196.25 2 1
github.com/felixgeelhaar/roady/internal/application/drift_service.go:196.25,197.13 1 0
github.com/felixgeelhaar/roady/internal/application/drift_service.go:200.4,203.44 3 1
github.com/felixgeelhaar/roady/internal/application/drift_service.go:203.44,204.16 1 1
github.com/felixgeelhaar/roady/internal/application/drift_service.go:204.16,214.6 1 0
github.com/felixgeelhaar/roady/internal/application/drift_service.go:214.11,214.32 1 1
github.com/felixgeelhaar/roady/internal/application/drift_service.go:214.32,224.6 1 1
github.com/felixgeelhaar/roady/internal/application/drift_service.go:230.2,233.31 3 1
github.com/felixgeelhaar/roady/internal/application/drift_service.go:233.31,235.27 2 0
github.com/felixgeelhaar/roady/internal/application/drift_service.go:235.27,237.4 1 0
github.com/felixgeelhaar/roady/internal/application/drift_service.go:239.3,246.5 1 0
github.com/felixgeelhaar/roady/internal/application/drift_service.go:255.3,255.21 1 1
github.com/felixgeelhaar/roady/internal/application/init_service.go:16.88,18.2 1 1
github.com/felixgeelhaar/roady/internal/application/init_service.go:20.60,21.28 1 1
github.com/felixgeelhaar/roady/internal/application/init_service.go:21.28,23.3 1 1
github.com/felixgeelhaar/roady/internal/application/init_service.go:25.2,25.44 1 1
github.com/felixgeelhaar/roady/internal/application/init_service.go:25.44,27.3 1 0
github.com/felixgeelhaar/roady/internal/application/init_service.go:29.2,31.17 1 1
github.com/felixgeelhaar/roady/internal/application/init_service.go:31.17,34.3 1 1
github.com/felixgeelhaar/roady/internal/application/init_service.go:37.2,51.53 2 1
github.com/felixgeelhaar/roady/internal/application/init_service.go:51.53,53.3 1 0
github.com/felixgeelhaar/roady/internal/application/init_service.go:55.2,55.57 1 1
github.com/felixgeelhaar/roady/internal/application/init_service.go:55.57,57.3 1 0
github.com/felixgeelhaar/roady/internal/application/init_service.go:60.2,64.57 2 1
github.com/felixgeelhaar/roady/internal/application/init_service.go:64.57,66.3 1 0
github.com/felixgeelhaar/roady/internal/application/init_service.go:69.2,70.55 2 1
github.com/felixgeelhaar/roady/internal/application/init_service.go:70.55,72.3 1 0
github.com/felixgeelhaar/roady/internal/application/init_service.go:74.2,74.48 1 1
github.com/felixgeelhaar/roady/internal/application/plan_service.go:16.88,18.2 1 1
github.com/felixgeelhaar/roady/internal/application/plan_service.go:21.62,22.65 1 1
github.com/felixgeelhaar/roady/internal/application/plan_service.go:22.65,24.3 1 0
github.com/felixgeelhaar/roady/internal/application/plan_service.go:25.2,26.16 2 1
github.com/felixgeelhaar/roady/internal/application/plan_service.go:26.16,28.3 1 1
github.com/felixgeelhaar/roady/internal/application/plan_service.go:31.2,32.37 2 1
github.com/felixgeelhaar/roady/internal/application/plan_service.go:32.37,33.34 1 1
github.com/felixgeelhaar/roady/internal/application/plan_service.go:33.34,42.12 2 1
github.com/felixgeelhaar/roady/internal/application/plan_service.go:45.3,45.41 1 0
github.com/felixgeelhaar/roady/internal/application/plan_service.go:45.41,47.19 2 0
github.com/felixgeelhaar/roady/internal/application/plan_service.go:47.19,49.5 1 0
github.com/felixgeelhaar/roady/internal/application/plan_service.go:51.4,52.27 2 0
github.com/felixgeelhaar/roady/internal/application/plan_service.go:52.27,54.5 1 0
github.com/felixgeelhaar/roady/internal/application/plan_service.go:56.4,64.6 1 0
github.com/felixgeelhaar/roady/internal/application/plan_service.go:68.2,68.40 1 1
github.com/felixgeelhaar/roady/internal/application/plan_service.go:72.81,75.17 1 1
github.com/felixgeelhaar/roady/internal/application/plan_service.go:75.17,77.3 1 0
github.com/felixgeelhaar/roady/internal/application/plan_service.go:78.2,78.31 1 1
github.com/felixgeelhaar/roady/internal/application/plan_service.go:82.92,84.16 2 1
github.com/felixgeelhaar/roady/internal/application/plan_service.go:84.16,86.3 1 0
github.com/felixgeelhaar/roady/internal/application/plan_service.go:88.2,95.39 5 1
github.com/felixgeelhaar/roady/internal/application/plan_service.go:95.39,98.40 3 1
github.com/felixgeelhaar/roady/internal/application/plan_service.go:98.40,100.4 1 1
github.com/felixgeelhaar/roady/internal/application/plan_service.go:103.2,112.41 2 1
github.com/felixgeelhaar/roady/internal/application/plan_service.go:112.41,113.48 1 1
github.com/felixgeelhaar/roady/internal/application/plan_service.go:113.48,114.12 1 0
github.com/felixgeelhaar/roady/internal/application/plan_service.go:116.3,116.49 1 1
github.com/felixgeelhaar/roady/internal/application/plan_service.go:116.49,120.4 1 1
github.com/felixgeelhaar/roady/internal/application/plan_service.go:121.3,121.50 1 1
github.com/felixgeelhaar/roady/internal/application/plan_service.go:125.2,125.42 1 1
github.com/felixgeelhaar/roady/internal/application/plan_service.go:125.42,126.44 1 0
github.com/felixgeelhaar/roady/internal/application/plan_service.go:126.44,127.12 1 0
github.com/felixgeelhaar/roady/internal/application/plan_service.go:129.3,129.48 1 0
github.com/felixgeelhaar/roady/internal/application/plan_service.go:132.2,132.46 1 1
github.com/felixgeelhaar/roady/internal/application/plan_service.go:132.46,134.3 1 1
github.com/felixgeelhaar/roady/internal/application/plan_service.go:136.2,136.49 1 1
github.com/felixgeelhaar/roady/internal/application/plan_service.go:136.49,138.3 1 0
github.com/felixgeelhaar/roady/internal/application/plan_service.go:140.2,140.21 1 1
github.com/felixgeelhaar/roady/internal/application/plan_service.go:143.57,147.2 1 1
github.com/felixgeelhaar/roady/internal/application/plan_service.go:151.68,155.2 1 0
github.com/felixgeelhaar/roady/internal/application/plan_service.go:157.62,159.2 1 0
github.com/felixgeelhaar/roady/internal/application/plan_service.go:161.43,163.16 2 0
github.com/felixgeelhaar/roady/internal/application/plan_service.go:163.16,165.3 1 0
github.com/felixgeelhaar/roady/internal/application/plan_service.go:166.2,166.17 1 0
github.com/felixgeelhaar/roady/internal/application/plan_service.go:166.17,168.3 1 0
github.com/felixgeelhaar/roady/internal/application/plan_service.go:170.2,172.30 3 0
github.com/felixgeelhaar/roady/internal/application/plan_service.go:175.41,177.16 2 0
github.com/felixgeelhaar/roady/internal/application/plan_service.go:177.16,179.3 1 0
github.com/felixgeelhaar/roady/internal/application/plan_service.go:180.2,181.16 2 0
github.com/felixgeelhaar/roady/internal/application/plan_service.go:181.16,183.3 1 0
github.com/felixgeelhaar/roady/internal/application/plan_service.go:185.2,187.34 3 0
github.com/felixgeelhaar/roady/internal/application/plan_service.go:187.34,189.36 2 0
github.com/felixgeelhaar/roady/internal/application/plan_service.go:189.36,191.4 1 0
github.com/felixgeelhaar/roady/internal/application/plan_service.go:194.2,195.31 2 0
github.com/felixgeelhaar/roady/internal/application/plan_service.go:195.31,197.57 1 0
github.com/felixgeelhaar/roady/internal/application/plan_service.go:197.57,199.4 1 0
github.com/felixgeelhaar/roady/internal/application/plan_service.go:202.2,204.30 3 0
github.com/felixgeelhaar/roady/internal/application/plan_service.go:207.42,209.16 2 0
github.com/felixgeelhaar/roady/internal/application/plan_service.go:209.16,211.3 1 0
github.com/felixgeelhaar/roady/internal/application/plan_service.go:212.2,212.17 1 0
github.com/felixgeelhaar/roady/internal/application/plan_service.go:212.17,214.3 1 0
github.com/felixgeelhaar/roady/internal/application/plan_service.go:216.2,218.30 3 0
github.com/felixgeelhaar/roady/internal/application/policy_service.go:20.71,22.2 1 1
github.com/felixgeelhaar/roady/internal/application/policy_service.go:25.71,27.16 2 1
github.com/felixgeelhaar/roady/internal/application/policy_service.go:27.16,29.3 1 0
github.com/felixgeelhaar/roady/internal/application/policy_service.go:31.2,32.16 2 1
github.com/felixgeelhaar/roady/internal/application/policy_service.go:32.16,34.3 1 0
github.com/felixgeelhaar/roady/internal/application/policy_service.go:36.2,37.16 2 1
github.com/felixgeelhaar/roady/internal/application/policy_service.go:37.16,39.3 1 0
github.com/felixgeelhaar/roady/internal/application/policy_service.go:41.2,42.16 2 1
github.com/felixgeelhaar/roady/internal/application/policy_service.go:42.16,44.3 1 1
github.com/felixgeelhaar/roady/internal/application/policy_service.go:45.2,51.45 3 1
github.com/felixgeelhaar/roady/internal/application/policy_service.go:54.79,55.22 1 1
github.com/felixgeelhaar/roady/internal/application/policy_service.go:55.22,57.3 1 0
github.com/felixgeelhaar/roady/internal/application/policy_service.go:60.2,61.48 2 1
github.com/felixgeelhaar/roady/internal/application/policy_service.go:61.48,63.17 2 0
github.com/felixgeelhaar/roady/internal/application/policy_service.go:63.17,65.41 2 0
github.com/felixgeelhaar/roady/internal/application/policy_service.go:65.41,66.51 1 0
github.com/felixgeelhaar/roady/internal/application/policy_service.go:66.51,68.6 1 0
github.com/felixgeelhaar/roady/internal/application/policy_service.go:70.4,70.37 1 0
github.com/felixgeelhaar/roady/internal/application/policy_service.go:70.37,72.5 1 0
github.com/felixgeelhaar/roady/internal/application/policy_service.go:77.2,78.16 2 1
github.com/felixgeelhaar/roady/internal/application/policy_service.go:78.16,80.3 1 0
github.com/felixgeelhaar/roady/internal/application/policy_service.go:82.2,83.31 2 1
github.com/felixgeelhaar/roady/internal/application/policy_service.go:83.31,84.21 1 1
github.com/felixgeelhaar/roady/internal/application/policy_service.go:84.21,86.9 2 1
github.com/felixgeelhaar/roady/internal/application/policy_service.go:90.2,90.56 1 1
github.com/felixgeelhaar/roady/internal/application/policy_service.go:90.56,92.17 2 0
github.com/felixgeelhaar/roady/internal/application/policy_service.go:92.17,94.4 1 0
github.com/felixgeelhaar/roady/internal/application/policy_service.go:95.3,95.46 1 0
github.com/felixgeelhaar/roady/internal/application/policy_service.go:95.46,97.36 1 0
github.com/felixgeelhaar/roady/internal/application/policy_service.go:97.36,103.15 4 0
github.com/felixgeelhaar/roady/internal/application/policy_service.go:103.15,105.6 1 0
github.com/felixgeelhaar/roady/internal/application/policy_service.go:107.5,109.19 3 0
github.com/felixgeelhaar/roady/internal/application/policy_service.go:109.19,111.6 1 0
github.com/felixgeelhaar/roady/internal/application/policy_service.go:113.5,114.52 2 0
github.com/felixgeelhaar/roady/internal/application/policy_service.go:114.52,116.6 1 0
github.com/felixgeelhaar/roady/internal/application/policy_service.go:118.5,118.81 1 0
github.com/felixgeelhaar/roady/internal/application/policy_service.go:118.81,120.6 1 0
github.com/felixgeelhaar/roady/internal/application/policy_service.go:121.5,121.13 1 0
github.com/felixgeelhaar/roady/internal/application/policy_service.go:125.4,125.127 1 0
github.com/felixgeelhaar/roady/internal/application/policy_service.go:125.127,127.5 1 0
github.com/felixgeelhaar/roady/internal/application/policy_service.go:131.2,131.12 1 1
github.com/felixgeelhaar/roady/internal/application/policy_service.go:134.73,141.79 4 0
github.com/felixgeelhaar/roady/internal/application/policy_service.go:141.79,142.17 1 0
github.com/felixgeelhaar/roady/internal/application/policy_service.go:142.17,142.31 1 0
github.com/felixgeelhaar/roady/internal/application/policy_service.go:143.3,143.46 1 0
github.com/felixgeelhaar/roady/internal/application/policy_service.go:143.46,147.62 4 0
github.com/felixgeelhaar/roady/internal/application/policy_service.go:147.62,150.5 2 0
github.com/felixgeelhaar/roady/internal/application/policy_service.go:152.3,152.13 1 0
github.com/felixgeelhaar/roady/internal/application/policy_service.go:155.2,155.35 1 0
github.com/felixgeelhaar/roady/internal/application/spec_service.go:18.67,20.2 1 1
github.com/felixgeelhaar/roady/internal/application/spec_service.go:23.82,25.16 2 1
github.com/felixgeelhaar/roady/internal/application/spec_service.go:25.16,27.3 1 1
github.com/felixgeelhaar/roady/internal/application/spec_service.go:29.2,29.53 1 1
github.com/felixgeelhaar/roady/internal/application/spec_service.go:29.53,31.3 1 0
github.com/felixgeelhaar/roady/internal/application/spec_service.go:33.2,33.25 1 1
github.com/felixgeelhaar/roady/internal/application/spec_service.go:37.80,45.82 2 0
github.com/felixgeelhaar/roady/internal/application/spec_service.go:45.82,46.17 1 0
github.com/felixgeelhaar/roady/internal/application/spec_service.go:46.17,48.4 1 0
github.com/felixgeelhaar/roady/internal/application/spec_service.go:49.3,49.110 1 0
github.com/felixgeelhaar/roady/internal/application/spec_service.go:49.110,51.79 1 0
github.com/felixgeelhaar/roady/internal/application/spec_service.go:51.79,53.5 1 0
github.com/felixgeelhaar/roady/internal/application/spec_service.go:55.4,56.18 2 0
github.com/felixgeelhaar/roady/internal/application/spec_service.go:56.18,58.5 1 0
github.com/felixgeelhaar/roady/internal/application/spec_service.go:61.4,61.30 1 0
github.com/felixgeelhaar/roady/internal/application/spec_service.go:61.30,63.5 1 0
github.com/felixgeelhaar/roady/internal/application/spec_service.go:64.4,64.36 1 0
github.com/felixgeelhaar/roady/internal/application/spec_service.go:64.36,66.5 1 0
github.com/felixgeelhaar/roady/internal/application/spec_service.go:69.4,69.46 1 0
github.com/felixgeelhaar/roady/internal/application/spec_service.go:69.46,71.54 2 0
github.com/felixgeelhaar/roady/internal/application/spec_service.go:71.54,72.39 1 0
github.com/felixgeelhaar/roady/internal/application/spec_service.go:72.39,74.75 1 0
github.com/felixgeelhaar/roady/internal/application/spec_service.go:74.75,76.8 1 0
github.com/felixgeelhaar/roady/internal/application/spec_service.go:78.7,80.12 3 0
github.com/felixgeelhaar/roady/internal/application/spec_service.go:83.5,83.15 1 0
github.com/felixgeelhaar/roady/internal/application/spec_service.go:83.15,85.6 1 0
github.com/felixgeelhaar/roady/internal/application/spec_service.go:89.4,89.84 1 0
github.com/felixgeelhaar/roady/internal/application/spec_service.go:91.3,91.13 1 0
github.com/felixgeelhaar/roady/internal/application/spec_service.go:94.2,94.16 1 0
github.com/felixgeelhaar/roady/internal/application/spec_service.go:94.16,96.3 1 0
github.com/felixgeelhaar/roady/internal/application/spec_service.go:98.2,98.35 1 0
github.com/felixgeelhaar/roady/internal/application/spec_service.go:98.35,100.3 1 0
github.com/felixgeelhaar/roady/internal/application/spec_service.go:102.2,102.52 1 0
github.com/felixgeelhaar/roady/internal/application/spec_service.go:102.52,104.3 1 0
github.com/felixgeelhaar/roady/internal/application/spec_service.go:106.2,106.24 1 0
github.com/felixgeelhaar/roady/internal/application/spec_service.go:109.81,112.16 3 1
github.com/felixgeelhaar/roady/internal/application/spec_service.go:112.16,114.3 1 1
github.com/felixgeelhaar/roady/internal/application/spec_service.go:115.2,129.21 6 1
github.com/felixgeelhaar/roady/internal/application/spec_service.go:129.21,132.36 2 1
github.com/felixgeelhaar/roady/internal/application/spec_service.go:132.36,134.4 1 1
github.com/felixgeelhaar/roady/internal/application/spec_service.go:134.9,134.44 1 1
github.com/felixgeelhaar/roady/internal/application/spec_service.go:134.44,135.29 1 1
github.com/felixgeelhaar/roady/internal/application/spec_service.go:135.29,139.5 3 1
github.com/felixgeelhaar/roady/internal/application/spec_service.go:141.4,146.5 3 1
github.com/felixgeelhaar/roady/internal/application/spec_service.go:147.9,148.29 1 1
github.com/felixgeelhaar/roady/internal/application/spec_service.go:148.29,150.5 1 1
github.com/felixgeelhaar/roady/internal/application/spec_service.go:150.10,150.58 1 1
github.com/felixgeelhaar/roady/internal/application/spec_service.go:150.58,152.5 1 1
github.com/felixgeelhaar/roady/internal/application/spec_service.go:156.2,156.27 1 1
github.com/felixgeelhaar/roady/internal/application/spec_service.go:156.27,159.3 2 1
github.com/felixgeelhaar/roady/internal/application/spec_service.go:161.2,161.38 1 1
github.com/felixgeelhaar/roady/internal/application/spec_service.go:161.38,163.3 1 0
github.com/felixgeelhaar/roady/internal/application/spec_service.go:165.2,165.25 1 1
github.com/felixgeelhaar/roady/internal/application/spec_service.go:168.60,172.2 1 1
github.com/felixgeelhaar/roady/internal/application/spec_service.go:178.88,182.16 2 0
github.com/felixgeelhaar/roady/internal/application/spec_service.go:182.16,186.3 1 0
github.com/felixgeelhaar/roady/internal/application/spec_service.go:190.2,208.49 4 0
github.com/felixgeelhaar/roady/internal/application/spec_service.go:208.49,212.3 1 0
github.com/felixgeelhaar/roady/internal/application/spec_service.go:214.2,214.53 1 0
github.com/felixgeelhaar/roady/internal/application/spec_service.go:214.53,218.3 1 0
github.com/felixgeelhaar/roady/internal/application/spec_service.go:224.2,228.21 2 0
github.com/felixgeelhaar/roady/internal/application/spec_service.go:234.60,250.16 5 0
github.com/felixgeelhaar/roady/internal/application/spec_service.go:250.16,254.3 1 0
github.com/felixgeelhaar/roady/internal/application/spec_service.go:256.2,262.12 3 0
github.com/felixgeelhaar/roady/internal/application/task_service.go:16.88,18.2 1 1
github.com/felixgeelhaar/roady/internal/application/task_service.go:20.104,24.16 2 1
github.com/felixgeelhaar/roady/internal/application/task_service.go:24.16,28.3 1 0
github.com/felixgeelhaar/roady/internal/application/task_service.go:30.2,30.17 1 1
github.com/felixgeelhaar/roady/internal/application/task_service.go:30.17,34.3 1 0
github.com/felixgeelhaar/roady/internal/application/task_service.go:38.2,40.31 2 1
github.com/felixgeelhaar/roady/internal/application/task_service.go:40.31,42.21 1 1
github.com/felixgeelhaar/roady/internal/application/task_service.go:42.21,46.9 2 1
github.com/felixgeelhaar/roady/internal/application/task_service.go:52.2,52.12 1 1
github.com/felixgeelhaar/roady/internal/application/task_service.go:52.12,56.3 1 1
github.com/felixgeelhaar/roady/internal/application/task_service.go:60.2,62.16 2 1
github.com/felixgeelhaar/roady/internal/application/task_service.go:62.16,66.3 1 0
github.com/felixgeelhaar/roady/internal/application/task_service.go:72.2,74.48 2 1
github.com/felixgeelhaar/roady/internal/application/task_service.go:74.48,78.3 1 1
github.com/felixgeelhaar/roady/internal/application/task_service.go:84.2,86.44 2 1
github.com/felixgeelhaar/roady/internal/application/task_service.go:86.44,90.20 1 1
github.com/felixgeelhaar/roady/internal/application/task_service.go:90.20,94.85 2 1
github.com/felixgeelhaar/roady/internal/application/task_service.go:94.85,98.5 1 0
github.com/felixgeelhaar/roady/internal/application/task_service.go:102.3,104.20 2 1
github.com/felixgeelhaar/roady/internal/application/task_service.go:112.2,114.16 2 1
github.com/felixgeelhaar/roady/internal/application/task_service.go:114.16,118.3 1 0
github.com/felixgeelhaar/roady/internal/application/task_service.go:122.2,122.46 1 1
github.com/felixgeelhaar/roady/internal/application/task_service.go:122.46,126.23 1 1
github.com/felixgeelhaar/roady/internal/application/task_service.go:126.23,130.71 2 1
github.com/felixgeelhaar/roady/internal/application/task_service.go:130.71,134.5 1 0
github.com/felixgeelhaar/roady/internal/application/task_service.go:136.4,136.72 1 1
github.com/felixgeelhaar/roady/internal/application/task_service.go:136.72,140.5 1 0
github.com/felixgeelhaar/roady/internal/application/task_service.go:144.3,144.13 1 1
github.com/felixgeelhaar/roady/internal/application/task_service.go:152.2,162.22 4 1
github.com/felixgeelhaar/roady/internal/application/task_service.go:162.22,166.3 1 1
github.com/felixgeelhaar/roady/internal/application/task_service.go:172.2,172.20 1 1
github.com/felixgeelhaar/roady/internal/application/task_service.go:172.20,176.3 1 1
github.com/felixgeelhaar/roady/internal/application/task_service.go:180.3,192.49 3 1
github.com/felixgeelhaar/roady/internal/application/task_service.go:192.49,200.4 1 0
github.com/felixgeelhaar/roady/internal/application/task_service.go:208.3,228.5 1 1
github.com/felixgeelhaar/roady/cmd/roady-plugin-mock/main.go:14.120,19.31 3 1
github.com/felixgeelhaar/roady/cmd/roady-plugin-mock/main.go:19.31,21.44 2 1
github.com/felixgeelhaar/roady/cmd/roady-plugin-mock/main.go:21.44,23.4 1 1
github.com/felixgeelhaar/roady/cmd/roady-plugin-mock/main.go:25.3,25.42 1 1
github.com/felixgeelhaar/roady/cmd/roady-plugin-mock/main.go:25.42,28.4 2 1
github.com/felixgeelhaar/roady/cmd/roady-plugin-mock/main.go:28.9,28.46 1 1
github.com/felixgeelhaar/roady/cmd/roady-plugin-mock/main.go:28.46,31.4 2 1
github.com/felixgeelhaar/roady/cmd/roady-plugin-mock/main.go:34.2,34.21 1 1
github.com/felixgeelhaar/roady/cmd/roady-plugin-mock/main.go:37.13,44.2 1 0
github.com/felixgeelhaar/roady/cmd/roady/main.go:9.13,10.38 1 1
github.com/felixgeelhaar/roady/cmd/roady/main.go:10.38,12.3 1 0
github.com/felixgeelhaar/roady/internal/domain/drift/drift.go:55.42,56.29 1 1
github.com/felixgeelhaar/roady/internal/domain/drift/drift.go:56.29,57.37 1 1
github.com/felixgeelhaar/roady/internal/domain/drift/drift.go:57.37,59.4 1 1
github.com/felixgeelhaar/roady/internal/domain/drift/drift.go:61.2,61.14 1 1
github.com/felixgeelhaar/roady/internal/domain/planning/dag.go:7.36,13.28 4 1
github.com/felixgeelhaar/roady/internal/domain/planning/dag.go:13.28,15.3 1 1
github.com/felixgeelhaar/roady/internal/domain/planning/dag.go:17.2,18.36 2 1
github.com/felixgeelhaar/roady/internal/domain/planning/dag.go:18.36,23.14 4 1
github.com/felixgeelhaar/roady/internal/domain/planning/dag.go:23.14,28.4 2 0
github.com/felixgeelhaar/roady/internal/domain/planning/dag.go:30.3,30.40 1 1
github.com/felixgeelhaar/roady/internal/domain/planning/dag.go:30.40,31.23 1 1
github.com/felixgeelhaar/roady/internal/domain/planning/dag.go:31.23,32.40 1 1
github.com/felixgeelhaar/roady/internal/domain/planning/dag.go:32.40,34.6 1 1
github.com/felixgeelhaar/roady/internal/domain/planning/dag.go:35.10,35.36 1 1
github.com/felixgeelhaar/roady/internal/domain/planning/dag.go:35.36,37.5 1 1
github.com/felixgeelhaar/roady/internal/domain/planning/dag.go:40.3,41.13 2 1
github.com/felixgeelhaar/roady/internal/domain/planning/dag.go:44.2,44.28 1 1
github.com/felixgeelhaar/roady/internal/domain/planning/dag.go:44.28,45.21 1 1
github.com/felixgeelhaar/roady/internal/domain/planning/dag.go:45.21,46.38 1 1
github.com/felixgeelhaar/roady/internal/domain/planning/dag.go:46.38,48.5 1 1
github.com/felixgeelhaar/roady/internal/domain/planning/dag.go:52.2,52.12 1 1
github.com/felixgeelhaar/roady/internal/domain/planning/plan.go:57.30,61.28 4 1
github.com/felixgeelhaar/roady/internal/domain/planning/plan.go:61.28,63.3 1 1
github.com/felixgeelhaar/roady/internal/domain/planning/plan.go:64.2,64.39 1 1
github.com/felixgeelhaar/roady/internal/domain/planning/state.go:20.58,26.2 1 0
github.com/felixgeelhaar/roady/internal/domain/planning/task_fsm.go:29.122,30.18 1 1
github.com/felixgeelhaar/roady/internal/domain/planning/task_fsm.go:30.18,31.37 1 1
github.com/felixgeelhaar/roady/internal/domain/planning/task_fsm.go:31.37,31.52 1 1
github.com/felixgeelhaar/roady/internal/domain/planning/task_fsm.go:35.2,41.73 1 1
github.com/felixgeelhaar/roady/internal/domain/planning/task_fsm.go:41.73,43.4 1 1
github.com/felixgeelhaar/roady/internal/domain/planning/task_fsm.go:46.2,76.16 7 1
github.com/felixgeelhaar/roady/internal/domain/planning/task_fsm.go:76.16,78.3 1 0
github.com/felixgeelhaar/roady/internal/domain/planning/task_fsm.go:80.2,83.57 3 1
github.com/felixgeelhaar/roady/internal/domain/planning/task_fsm.go:87.60,93.21 4 1
github.com/felixgeelhaar/roady/internal/domain/planning/task_fsm.go:93.21,95.3 1 1
github.com/felixgeelhaar/roady/internal/domain/planning/task_fsm.go:101.2,101.174 1 1
github.com/felixgeelhaar/roady/internal/domain/planning/task_fsm.go:104.46,106.2 1 1
github.com/felixgeelhaar/roady/internal/domain/plugin/interface.go:21.71,23.2 1 1
github.com/felixgeelhaar/roady/internal/domain/plugin/interface.go:25.88,27.2 1 0
github.com/felixgeelhaar/roady/internal/domain/plugin/interface.go:37.125,42.2 4 0
github.com/felixgeelhaar/roady/internal/domain/plugin/interface.go:46.92,50.2 3 1
github.com/felixgeelhaar/roady/internal/domain/policy/policy.go:32.96,34.32 2 1
github.com/felixgeelhaar/roady/internal/domain/policy/policy.go:34.32,36.3 1 1
github.com/felixgeelhaar/roady/internal/domain/policy/policy.go:37.2,37.19 1 1
github.com/felixgeelhaar/roady/internal/domain/policy/rules/dependency.go:12.38,14.2 1 0
github.com/felixgeelhaar/roady/internal/domain/policy/rules/dependency.go:16.107,17.33 1 0
github.com/felixgeelhaar/roady/internal/domain/policy/rules/dependency.go:17.33,19.3 1 0
github.com/felixgeelhaar/roady/internal/domain/policy/rules/dependency.go:20.2,24.40 3 0
github.com/felixgeelhaar/roady/internal/domain/policy/rules/dependency.go:24.40,26.3 1 0
github.com/felixgeelhaar/roady/internal/domain/policy/rules/dependency.go:28.2,28.34 1 0
github.com/felixgeelhaar/roady/internal/domain/policy/rules/dependency.go:28.34,30.54 1 0
github.com/felixgeelhaar/roady/internal/domain/policy/rules/dependency.go:30.54,31.12 1 0
github.com/felixgeelhaar/roady/internal/domain/policy/rules/dependency.go:34.3,34.40 1 0
github.com/felixgeelhaar/roady/internal/domain/policy/rules/dependency.go:34.40,35.47 1 0
github.com/felixgeelhaar/roady/internal/domain/policy/rules/dependency.go:35.47,41.5 1 0
github.com/felixgeelhaar/roady/internal/domain/policy/rules/dependency.go:45.2,45.19 1 0
github.com/felixgeelhaar/roady/internal/domain/policy/rules/wip.go:14.34,16.2 1 1
github.com/felixgeelhaar/roady/internal/domain/policy/rules/wip.go:18.103,19.33 1 1
github.com/felixgeelhaar/roady/internal/domain/policy/rules/wip.go:19.33,21.3 1 0
github.com/felixgeelhaar/roady/internal/domain/policy/rules/wip.go:22.2,23.34 2 1
github.com/felixgeelhaar/roady/internal/domain/policy/rules/wip.go:23.34,24.47 1 1
github.com/felixgeelhaar/roady/internal/domain/policy/rules/wip.go:24.47,25.47 1 1
github.com/felixgeelhaar/roady/internal/domain/policy/rules/wip.go:25.47,27.5 1 1
github.com/felixgeelhaar/roady/internal/domain/policy/rules/wip.go:31.2,31.31 1 1
github.com/felixgeelhaar/roady/internal/domain/policy/rules/wip.go:31.31,39.3 1 1
github.com/felixgeelhaar/roady/internal/domain/policy/rules/wip.go:41.2,41.12 1 1
github.com/felixgeelhaar/roady/internal/domain/spec/spec.go:44.37,49.31 3 1
github.com/felixgeelhaar/roady/internal/domain/spec/spec.go:49.31,52.36 3 0
github.com/felixgeelhaar/roady/internal/domain/spec/spec.go:52.36,55.4 2 0
github.com/felixgeelhaar/roady/internal/domain/spec/spec.go:57.2,57.39 1 1
github.com/felixgeelhaar/roady/internal/domain/spec/spec.go:61.42,63.16 2 1
github.com/felixgeelhaar/roady/internal/domain/spec/spec.go:63.16,65.3 1 1
github.com/felixgeelhaar/roady/internal/domain/spec/spec.go:66.2,66.19 1 1
github.com/felixgeelhaar/roady/internal/domain/spec/spec.go:66.19,68.3 1 1
github.com/felixgeelhaar/roady/internal/domain/spec/spec.go:69.2,69.26 1 1
github.com/felixgeelhaar/roady/internal/domain/spec/spec.go:69.26,71.3 1 1
github.com/felixgeelhaar/roady/internal/domain/spec/spec.go:73.2,74.31 2 1
github.com/felixgeelhaar/roady/internal/domain/spec/spec.go:74.31,75.17 1 1
github.com/felixgeelhaar/roady/internal/domain/spec/spec.go:75.17,77.4 1 1
github.com/felixgeelhaar/roady/internal/domain/spec/spec.go:78.3,78.20 1 1
github.com/felixgeelhaar/roady/internal/domain/spec/spec.go:78.20,80.4 1 1
github.com/felixgeelhaar/roady/internal/domain/spec/spec.go:81.3,83.36 2 1
github.com/felixgeelhaar/roady/internal/domain/spec/spec.go:83.36,84.18 1 1
github.com/felixgeelhaar/roady/internal/domain/spec/spec.go:84.18,86.5 1 1
github.com/felixgeelhaar/roady/internal/domain/spec/spec.go:87.4,87.21 1 1
github.com/felixgeelhaar/roady/internal/domain/spec/spec.go:87.21,89.5 1 1
github.com/felixgeelhaar/roady/internal/domain/spec/spec.go:92.2,92.13 1 1
github.com/felixgeelhaar/roady/internal/infrastructure/cli/audit.go:20.54,27.17 6 0
github.com/felixgeelhaar/roady/internal/infrastructure/cli/audit.go:27.17,29.4 1 0
github.com/felixgeelhaar/roady/internal/infrastructure/cli/audit.go:31.3,31.27 1 0
github.com/felixgeelhaar/roady/internal/infrastructure/cli/audit.go:31.27,34.4 2 0
github.com/felixgeelhaar/roady/internal/infrastructure/cli/audit.go:36.3,37.32 2 0
github.com/felixgeelhaar/roady/internal/infrastructure/cli/audit.go:37.32,39.4 1 0
github.com/felixgeelhaar/roady/internal/infrastructure/cli/audit.go:40.3,41.13 2 0
github.com/felixgeelhaar/roady/internal/infrastructure/cli/audit.go:45.13,48.2 2 1
github.com/felixgeelhaar/roady/internal/infrastructure/cli/dashboard.go:18.54,19.54 1 1
github.com/felixgeelhaar/roady/internal/infrastructure/cli/dashboard.go:19.54,21.4 1 1
github.com/felixgeelhaar/roady/internal/infrastructure/cli/dashboard.go:22.3,23.36 2 0
github.com/felixgeelhaar/roady/internal/infrastructure/cli/dashboard.go:23.36,25.4 1 0
github.com/felixgeelhaar/roady/internal/infrastructure/cli/dashboard.go:26.3,26.13 1 0
github.com/felixgeelhaar/roady/internal/infrastructure/cli/dashboard.go:30.13,32.2 1 1
github.com/felixgeelhaar/roady/internal/infrastructure/cli/dashboard.go:60.27,66.16 4 1
github.com/felixgeelhaar/roady/internal/infrastructure/cli/dashboard.go:66.16,68.3 1 1
github.com/felixgeelhaar/roady/internal/infrastructure/cli/dashboard.go:70.2,71.16 2 1
github.com/felixgeelhaar/roady/internal/infrastructure/cli/dashboard.go:71.16,73.3 1 0
github.com/felixgeelhaar/roady/internal/infrastructure/cli/dashboard.go:75.2,76.16 2 1
github.com/felixgeelhaar/roady/internal/infrastructure/cli/dashboard.go:76.16,78.3 1 0
github.com/felixgeelhaar/roady/internal/infrastructure/cli/dashboard.go:80.2,82.18 3 1
github.com/felixgeelhaar/roady/internal/infrastructure/cli/dashboard.go:82.18,83.41 1 1
github.com/felixgeelhaar/roady/internal/infrastructure/cli/dashboard.go:83.41,83.60 1 0
github.com/felixgeelhaar/roady/internal/infrastructure/cli/dashboard.go:86.2,88.16 3 1
github.com/felixgeelhaar/roady/internal/infrastructure/cli/dashboard.go:88.16,90.3 1 1
github.com/felixgeelhaar/roady/internal/infrastructure/cli/dashboard.go:93.2,102.17 3 1
github.com/felixgeelhaar/roady/internal/infrastructure/cli/dashboard.go:102.17,103.32 1 1
github.com/felixgeelhaar/roady/internal/infrastructure/cli/dashboard.go:103.32,106.45 3 1
github.com/felixgeelhaar/roady/internal/infrastructure/cli/dashboard.go:106.45,108.24 2 0
github.com/felixgeelhaar/roady/internal/infrastructure/cli/dashboard.go:108.24,108.45 1 0
github.com/felixgeelhaar/roady/internal/infrastructure/cli/dashboard.go:110.4,110.84 1 1
github.com/felixgeelhaar/roady/internal/infrastructure/cli/dashboard.go:114.2,135.19 9 1
github.com/felixgeelhaar/roady/internal/infrastructure/cli/dashboard.go:135.19,136.39 1 1
github.com/felixgeelhaar/roady/internal/infrastructure/cli/dashboard.go:136.39,138.4 1 1
github.com/felixgeelhaar/roady/internal/infrastructure/cli/dashboard.go:141.2,148.3 1 1
github.com/felixgeelhaar/roady/internal/infrastructure/cli/dashboard.go:151.31,151.45 1 1
github.com/felixgeelhaar/roady/internal/infrastructure/cli/dashboard.go:153.57,155.27 2 1
github.com/felixgeelhaar/roady/internal/infrastructure/cli/dashboard.go:156.18,157.23 1 1
github.com/felixgeelhaar/roady/internal/infrastructure/cli/dashboard.go:158.22,159.22 1 1
github.com/felixgeelhaar/roady/internal/infrastructure/cli/dashboard.go:162.2,163.15 2 1
github.com/felixgeelhaar/roady/internal/infrastructure/cli/dashboard.go:166.30,167.18 1 1
github.com/felixgeelhaar/roady/internal/infrastructure/cli/dashboard.go:167.18,169.3 1 1
github.com/felixgeelhaar/roady/internal/infrastructure/cli/dashboard.go:171.2,174.17 3 1
github.com/felixgeelhaar/roady/internal/infrastructure/cli/dashboard.go:174.17,176.3 1 0
github.com/felixgeelhaar/roady/internal/infrastructure/cli/dashboard.go:178.2,179.22 2 1
github.com/felixgeelhaar/roady/internal/infrastructure/cli/dashboard.go:179.22,181.29 2 1
github.com/felixgeelhaar/roady/internal/infrastructure/cli/dashboard.go:181.29,183.4 1 1
github.com/felixgeelhaar/roady/internal/infrastructure/cli/dashboard.go:184.8,186.3 1 0
github.com/felixgeelhaar/roady/internal/infrastructure/cli/dashboard.go:188.3,206.11 1 1
github.com/felixgeelhaar/roady/internal/infrastructure/cli/discover.go:14.54,16.20 2 0
github.com/felixgeelhaar/roady/internal/infrastructure/cli/discover.go:16.20,18.4 1 0
github.com/felixgeelhaar/roady/internal/infrastructure/cli/discover.go:20.3,23.83 3 0
github.com/felixgeelhaar/roady/internal/infrastructure/cli/discover.go:23.83,24.18 1 0
github.com/felixgeelhaar/roady/internal/infrastructure/cli/discover.go:24.18,26.5 1 0
github.com/felixgeelhaar/roady/internal/infrastructure/cli/discover.go:27.4,27.47 1 0
github.com/felixgeelhaar/roady/internal/infrastructure/cli/discover.go:27.47,30.5 2 0
github.com/felixgeelhaar/roady/internal/infrastructure/cli/discover.go:31.4,31.14 1 0
github.com/felixgeelhaar/roady/internal/infrastructure/cli/discover.go:34.3,34.17 1 0
github.com/felixgeelhaar/roady/internal/infrastructure/cli/discover.go:34.17,36.4 1 0
github.com/felixgeelhaar/roady/internal/infrastructure/cli/discover.go:38.3,38.25 1 0
github.com/felixgeelhaar/roady/internal/infrastructure/cli/discover.go:38.25,41.4 2 0
github.com/felixgeelhaar/roady/internal/infrastructure/cli/discover.go:43.3,44.30 2 0
github.com/felixgeelhaar/roady/internal/infrastructure/cli/discover.go:44.30,47.4 2 0
github.com/felixgeelhaar/roady/internal/infrastructure/cli/discover.go:49.3,49.13 1 0
github.com/felixgeelhaar/roady/internal/infrastructure/cli/discover.go:53.13,55.2 1 1
github.com/felixgeelhaar/roady/internal/infrastructure/cli/doctor.go:15.54,22.46 5 1
github.com/felixgeelhaar/roady/internal/infrastructure/cli/doctor.go:22.46,24.30 2 1
github.com/felixgeelhaar/roady/internal/infrastructure/cli/doctor.go:24.30,27.4 2 1
github.com/felixgeelhaar/roady/internal/infrastructure/cli/doctor.go:27.9,29.4 1 1
github.com/felixgeelhaar/roady/internal/infrastructure/cli/doctor.go:32.2,32.39 1 1
github.com/felixgeelhaar/roady/internal/infrastructure/cli/doctor.go:32.39,33.28 1 1
github.com/felixgeelhaar/roady/internal/infrastructure/cli/doctor.go:33.28,35.4 1 1
github.com/felixgeelhaar/roady/internal/infrastructure/cli/doctor.go:36.3,36.13 1 1
github.com/felixgeelhaar/roady/internal/infrastructure/cli/doctor.go:39.2,39.34 1 1
github.com/felixgeelhaar/roady/internal/infrastructure/cli/doctor.go:39.34,42.3 2 1
github.com/felixgeelhaar/roady/internal/infrastructure/cli/doctor.go:44.2,44.36 1 1
github.com/felixgeelhaar/roady/internal/infrastructure/cli/doctor.go:44.36,47.3 2 1
github.com/felixgeelhaar/roady/internal/infrastructure/cli/doctor.go:49.2,49.34 1 1
github.com/felixgeelhaar/roady/internal/infrastructure/cli/doctor.go:49.34,52.3 2 1
github.com/felixgeelhaar/roady/internal/infrastructure/cli/doctor.go:54.2,54.40 1 1
github.com/felixgeelhaar/roady/internal/infrastructure/cli/doctor.go:54.40,56.17 2 1
github.com/felixgeelhaar/roady/internal/infrastructure/cli/doctor.go:56.17,58.4 1 0
github.com/felixgeelhaar/roady/internal/infrastructure/cli/doctor.go:59.3,59.35 1 1
github.com/felixgeelhaar/roady/internal/infrastructure/cli/doctor.go:59.35,61.4 1 1
github.com/felixgeelhaar/roady/internal/infrastructure/cli/doctor.go:62.3,62.13 1 1
github.com/felixgeelhaar/roady/internal/infrastructure/cli/doctor.go:65.2,65.36 1 1
github.com/felixgeelhaar/roady/internal/infrastructure/cli/doctor.go:65.36,67.17 2 1
github.com/felixgeelhaar/roady/internal/infrastructure/cli/doctor.go:67.17,69.4 1 0
github.com/felixgeelhaar/roady/internal/infrastructure/cli/doctor.go:70.3,71.13 2 1
github.com/felixgeelhaar/roady/internal/infrastructure/cli/doctor.go:74.2,74.40 1 1
github.com/felixgeelhaar/roady/internal/infrastructure/cli/doctor.go:74.40,77.17 3 1
github.com/felixgeelhaar/roady/internal/infrastructure/cli/doctor.go:77.17,79.4 1 0
github.com/felixgeelhaar/roady/internal/infrastructure/cli/doctor.go:80.3,80.26 1 1
github.com/felixgeelhaar/roady/internal/infrastructure/cli/doctor.go:80.26,82.4 1 0
github.com/felixgeelhaar/roady/internal/infrastructure/cli/doctor.go:83.3,83.13 1 1
github.com/felixgeelhaar/roady/internal/infrastructure/cli/doctor.go:86.2,86.38 1 1
github.com/felixgeelhaar/roady/internal/infrastructure/cli/doctor.go:86.38,88.39 2 1
github.com/felixgeelhaar/roady/internal/infrastructure/cli/doctor.go:88.39,90.20 2 0
github.com/felixgeelhaar/roady/internal/infrastructure/cli/doctor.go:90.20,92.43 2 0
github.com/felixgeelhaar/roady/internal/infrastructure/cli/doctor.go:92.43,92.57 1 0
github.com/felixgeelhaar/roady/internal/infrastructure/cli/doctor.go:93.5,93.32 1 0
github.com/felixgeelhaar/roady/internal/infrastructure/cli/doctor.go:93.32,95.6 1 0
github.com/felixgeelhaar/roady/internal/infrastructure/cli/doctor.go:96.5,96.58 1 0
github.com/felixgeelhaar/roady/internal/infrastructure/cli/doctor.go:99.3,99.13 1 1
github.com/felixgeelhaar/roady/internal/infrastructure/cli/doctor.go:102.2,102.15 1 1
github.com/felixgeelhaar/roady/internal/infrastructure/cli/doctor.go:102.15,105.4 2 1
github.com/felixgeelhaar/roady/internal/infrastructure/cli/doctor.go:105.9,107.4 1 1
github.com/felixgeelhaar/roady/internal/infrastructure/cli/doctor.go:108.3,108.13 1 1
github.com/felixgeelhaar/roady/internal/infrastructure/cli/doctor.go:112.13,114.2 1 1
github.com/felixgeelhaar/roady/internal/infrastructure/cli/drift.go:22.54,30.17 7 0
github.com/felixgeelhaar/roady/internal/infrastructure/cli/drift.go:30.17,33.4 2 0
github.com/felixgeelhaar/roady/internal/infrastructure/cli/drift.go:35.3,36.17 2 0
github.com/felixgeelhaar/roady/internal/infrastructure/cli/drift.go:36.17,38.4 1 0
github.com/felixgeelhaar/roady/internal/infrastructure/cli/drift.go:39.3,43.17 4 0
github.com/felixgeelhaar/roady/internal/infrastructure/cli/drift.go:43.17,45.4 1 0
github.com/felixgeelhaar/roady/internal/infrastructure/cli/drift.go:47.3,48.17 2 0
github.com/felixgeelhaar/roady/internal/infrastructure/cli/drift.go:48.17,50.4 1 0
github.com/felixgeelhaar/roady/internal/infrastructure/cli/drift.go:52.3,55.13 4 0
github.com/felixgeelhaar/roady/internal/infrastructure/cli/drift.go:62.54,70.17 6 1
github.com/felixgeelhaar/roady/internal/infrastructure/cli/drift.go:70.17,72.4 1 1
github.com/felixgeelhaar/roady/internal/infrastructure/cli/drift.go:74.3,74.29 1 1
github.com/felixgeelhaar/roady/internal/infrastructure/cli/drift.go:74.29,77.30 3 1
github.com/felixgeelhaar/roady/internal/infrastructure/cli/drift.go:77.30,79.5 1 1
github.com/felixgeelhaar/roady/internal/infrastructure/cli/drift.go:80.4,80.14 1 0
github.com/felixgeelhaar/roady/internal/infrastructure/cli/drift.go:83.3,83.30 1 1
github.com/felixgeelhaar/roady/internal/infrastructure/cli/drift.go:83.30,86.4 2 1
github.com/felixgeelhaar/roady/internal/infrastructure/cli/drift.go:88.3,89.39 2 1
github.com/felixgeelhaar/roady/internal/infrastructure/cli/drift.go:89.39,91.24 2 1
github.com/felixgeelhaar/roady/internal/infrastructure/cli/drift.go:91.24,93.5 1 1
github.com/felixgeelhaar/roady/internal/infrastructure/cli/drift.go:96.3,96.38 1 1
github.com/felixgeelhaar/roady/internal/infrastructure/cli/drift.go:100.13,105.2 4 1
github.com/felixgeelhaar/roady/internal/infrastructure/cli/forecast.go:17.54,23.17 5 0
github.com/felixgeelhaar/roady/internal/infrastructure/cli/forecast.go:23.17,25.4 1 0
github.com/felixgeelhaar/roady/internal/infrastructure/cli/forecast.go:27.3,28.32 2 0
github.com/felixgeelhaar/roady/internal/infrastructure/cli/forecast.go:28.32,30.4 1 0
github.com/felixgeelhaar/roady/internal/infrastructure/cli/forecast.go:32.3,34.32 3 0
github.com/felixgeelhaar/roady/internal/infrastructure/cli/forecast.go:34.32,36.20 2 0
github.com/felixgeelhaar/roady/internal/infrastructure/cli/forecast.go:36.20,37.46 1 0
github.com/felixgeelhaar/roady/internal/infrastructure/cli/forecast.go:37.46,39.6 1 0
github.com/felixgeelhaar/roady/internal/infrastructure/cli/forecast.go:41.4,41.41 1 0
github.com/felixgeelhaar/roady/internal/infrastructure/cli/forecast.go:41.41,43.5 1 0
github.com/felixgeelhaar/roady/internal/infrastructure/cli/forecast.go:46.3,51.21 5 0
github.com/felixgeelhaar/roady/internal/infrastructure/cli/forecast.go:51.21,54.4 2 0
github.com/felixgeelhaar/roady/internal/infrastructure/cli/forecast.go:56.3,56.20 1 0
github.com/felixgeelhaar/roady/internal/infrastructure/cli/forecast.go:56.20,59.4 2 0
github.com/felixgeelhaar/roady/internal/infrastructure/cli/forecast.go:61.3,64.13 3 0
github.com/felixgeelhaar/roady/internal/infrastructure/cli/forecast.go:68.13,70.2 1 1
github.com/felixgeelhaar/roady/internal/infrastructure/cli/git.go:22.54,30.17 6 0
github.com/felixgeelhaar/roady/internal/infrastructure/cli/git.go:30.17,32.4 1 0
github.com/felixgeelhaar/roady/internal/infrastructure/cli/git.go:34.3,37.30 3 0
github.com/felixgeelhaar/roady/internal/infrastructure/cli/git.go:37.30,39.22 2 0
github.com/felixgeelhaar/roady/internal/infrastructure/cli/git.go:39.22,39.32 1 0
github.com/felixgeelhaar/roady/internal/infrastructure/cli/git.go:40.4,43.44 2 0
github.com/felixgeelhaar/roady/internal/infrastructure/cli/git.go:43.44,46.18 3 0
github.com/felixgeelhaar/roady/internal/infrastructure/cli/git.go:46.18,52.20 4 0
github.com/felixgeelhaar/roady/internal/infrastructure/cli/git.go:52.20,55.7 1 0
github.com/felixgeelhaar/roady/internal/infrastructure/cli/git.go:55.12,57.7 1 0
github.com/felixgeelhaar/roady/internal/infrastructure/cli/git.go:62.3,62.13 1 0
github.com/felixgeelhaar/roady/internal/infrastructure/cli/git.go:66.13,69.2 2 1
github.com/felixgeelhaar/roady/internal/infrastructure/cli/init.go:15.54,22.20 6 1
github.com/felixgeelhaar/roady/internal/infrastructure/cli/init.go:22.20,24.4 1 1
github.com/felixgeelhaar/roady/internal/infrastructure/cli/init.go:26.3,27.17 2 1
github.com/felixgeelhaar/roady/internal/infrastructure/cli/init.go:27.17,29.4 1 1
github.com/felixgeelhaar/roady/internal/infrastructure/cli/init.go:31.3,32.13 2 1
github.com/felixgeelhaar/roady/internal/infrastructure/cli/init.go:36.13,38.2 1 1
github.com/felixgeelhaar/roady/internal/infrastructure/cli/mcp.go:13.47,14.50 1 1
github.com/felixgeelhaar/roady/internal/infrastructure/cli/mcp.go:14.50,16.4 1 1
github.com/felixgeelhaar/roady/internal/infrastructure/cli/mcp.go:17.3,19.40 3 0
github.com/felixgeelhaar/roady/internal/infrastructure/cli/mcp.go:19.40,21.4 1 0
github.com/felixgeelhaar/roady/internal/infrastructure/cli/mcp.go:25.13,27.2 1 1
github.com/felixgeelhaar/roady/internal/infrastructure/cli/org.go:23.54,25.20 2 0
github.com/felixgeelhaar/roady/internal/infrastructure/cli/org.go:25.20,27.4 1 0
github.com/felixgeelhaar/roady/internal/infrastructure/cli/org.go:29.3,30.80 2 0
github.com/felixgeelhaar/roady/internal/infrastructure/cli/org.go:30.80,31.18 1 0
github.com/felixgeelhaar/roady/internal/infrastructure/cli/org.go:31.18,33.5 1 0
github.com/felixgeelhaar/roady/internal/infrastructure/cli/org.go:34.4,34.47 1 0
github.com/felixgeelhaar/roady/internal/infrastructure/cli/org.go:34.47,37.5 2 0
github.com/felixgeelhaar/roady/internal/infrastructure/cli/org.go:38.4,38.14 1 0
github.com/felixgeelhaar/roady/internal/infrastructure/cli/org.go:41.3,41.25 1 0
github.com/felixgeelhaar/roady/internal/infrastructure/cli/org.go:41.25,44.4 2 0
github.com/felixgeelhaar/roady/internal/infrastructure/cli/org.go:46.3,57.30 3 0
github.com/felixgeelhaar/roady/internal/infrastructure/cli/org.go:57.30,64.19 6 0
github.com/felixgeelhaar/roady/internal/infrastructure/cli/org.go:64.19,66.5 1 0
github.com/felixgeelhaar/roady/internal/infrastructure/cli/org.go:68.4,70.19 3 0
github.com/felixgeelhaar/roady/internal/infrastructure/cli/org.go:70.19,72.34 2 0
github.com/felixgeelhaar/roady/internal/infrastructure/cli/org.go:72.34,73.22 1 0
github.com/felixgeelhaar/roady/internal/infrastructure/cli/org.go:73.22,74.48 1 0
github.com/felixgeelhaar/roady/internal/infrastructure/cli/org.go:74.48,75.49 1 0
github.com/felixgeelhaar/roady/internal/infrastructure/cli/org.go:75.49,77.9 1 0
github.com/felixgeelhaar/roady/internal/infrastructure/cli/org.go:78.8,78.51 1 0
github.com/felixgeelhaar/roady/internal/infrastructure/cli/org.go:78.51,80.9 1 0
github.com/felixgeelhaar/roady/internal/infrastructure/cli/org.go:84.5,84.18 1 0
github.com/felixgeelhaar/roady/internal/infrastructure/cli/org.go:84.18,86.6 1 0
github.com/felixgeelhaar/roady/internal/infrastructure/cli/org.go:89.4,97.6 2 0
github.com/felixgeelhaar/roady/internal/infrastructure/cli/org.go:100.3,116.13 8 0
github.com/felixgeelhaar/roady/internal/infrastructure/cli/org.go:120.13,123.2 2 1
github.com/felixgeelhaar/roady/internal/infrastructure/cli/plan.go:24.54,32.12 6 1
github.com/felixgeelhaar/roady/internal/infrastructure/cli/plan.go:32.12,35.18 3 0
github.com/felixgeelhaar/roady/internal/infrastructure/cli/plan.go:35.18,38.5 2 0
github.com/felixgeelhaar/roady/internal/infrastructure/cli/plan.go:40.4,41.18 2 0
github.com/felixgeelhaar/roady/internal/infrastructure/cli/plan.go:41.18,43.5 1 0
github.com/felixgeelhaar/roady/internal/infrastructure/cli/plan.go:44.4,46.52 3 0
github.com/felixgeelhaar/roady/internal/infrastructure/cli/plan.go:47.9,50.4 2 1
github.com/felixgeelhaar/roady/internal/infrastructure/cli/plan.go:52.3,52.17 1 1
github.com/felixgeelhaar/roady/internal/infrastructure/cli/plan.go:52.17,55.4 2 1
github.com/felixgeelhaar/roady/internal/infrastructure/cli/plan.go:57.3,57.18 1 1
github.com/felixgeelhaar/roady/internal/infrastructure/cli/plan.go:57.18,59.4 1 0
github.com/felixgeelhaar/roady/internal/infrastructure/cli/plan.go:61.3,66.32 5 1
github.com/felixgeelhaar/roady/internal/infrastructure/cli/plan.go:66.32,68.45 2 1
github.com/felixgeelhaar/roady/internal/infrastructure/cli/plan.go:68.45,70.5 1 0
github.com/felixgeelhaar/roady/internal/infrastructure/cli/plan.go:71.4,71.99 1 1
github.com/felixgeelhaar/roady/internal/infrastructure/cli/plan.go:73.3,73.13 1 1
github.com/felixgeelhaar/roady/internal/infrastructure/cli/plan.go:83.54,95.47 5 0
github.com/felixgeelhaar/roady/internal/infrastructure/cli/plan.go:95.47,99.4 1 0
github.com/felixgeelhaar/roady/internal/infrastructure/cli/plan.go:101.3,103.13 2 0
github.com/felixgeelhaar/roady/internal/infrastructure/cli/plan.go:117.54,129.46 5 0
github.com/felixgeelhaar/roady/internal/infrastructure/cli/plan.go:129.46,133.4 1 0
github.com/felixgeelhaar/roady/internal/infrastructure/cli/plan.go:135.3,137.13 2 0
github.com/felixgeelhaar/roady/internal/infrastructure/cli/plan.go:157.54,181.45 5 0
github.com/felixgeelhaar/roady/internal/infrastructure/cli/plan.go:181.45,189.4 1 0
github.com/felixgeelhaar/roady/internal/infrastructure/cli/plan.go:193.3,197.13 2 0
github.com/felixgeelhaar/roady/internal/infrastructure/cli/plan.go:213.13,241.2 6 1
github.com/felixgeelhaar/roady/internal/infrastructure/cli/policy.go:21.54,27.17 5 1
github.com/felixgeelhaar/roady/internal/infrastructure/cli/policy.go:27.17,29.4 1 1
github.com/felixgeelhaar/roady/internal/infrastructure/cli/policy.go:31.3,31.27 1 1
github.com/felixgeelhaar/roady/internal/infrastructure/cli/policy.go:31.27,34.4 2 1
github.com/felixgeelhaar/roady/internal/infrastructure/cli/policy.go:36.3,37.32 2 0
github.com/felixgeelhaar/roady/internal/infrastructure/cli/policy.go:37.32,39.40 2 0
github.com/felixgeelhaar/roady/internal/infrastructure/cli/policy.go:39.40,41.5 1 0
github.com/felixgeelhaar/roady/internal/infrastructure/cli/policy.go:41.10,43.5 1 0
github.com/felixgeelhaar/roady/internal/infrastructure/cli/policy.go:44.4,44.57 1 0
github.com/felixgeelhaar/roady/internal/infrastructure/cli/policy.go:47.3,47.47 1 0
github.com/felixgeelhaar/roady/internal/infrastructure/cli/policy.go:51.13,54.2 2 1
github.com/felixgeelhaar/roady/internal/infrastructure/cli/root.go:20.22,22.2 1 1
github.com/felixgeelhaar/roady/internal/infrastructure/cli/root.go:24.14,26.2 0 1
github.com/felixgeelhaar/roady/internal/infrastructure/cli/spec.go:21.54,28.17 6 0
github.com/felixgeelhaar/roady/internal/infrastructure/cli/spec.go:28.17,31.4 2 0
github.com/felixgeelhaar/roady/internal/infrastructure/cli/spec.go:33.3,34.17 2 0
github.com/felixgeelhaar/roady/internal/infrastructure/cli/spec.go:34.17,36.4 1 0
github.com/felixgeelhaar/roady/internal/infrastructure/cli/spec.go:37.3,41.17 4 0
github.com/felixgeelhaar/roady/internal/infrastructure/cli/spec.go:41.17,43.4 1 0
github.com/felixgeelhaar/roady/internal/infrastructure/cli/spec.go:45.3,48.13 4 0
github.com/felixgeelhaar/roady/internal/infrastructure/cli/spec.go:56.54,63.17 6 1
github.com/felixgeelhaar/roady/internal/infrastructure/cli/spec.go:63.17,65.4 1 1
github.com/felixgeelhaar/roady/internal/infrastructure/cli/spec.go:67.3,68.13 2 1
github.com/felixgeelhaar/roady/internal/infrastructure/cli/spec.go:76.54,80.17 4 1
github.com/felixgeelhaar/roady/internal/infrastructure/cli/spec.go:80.17,82.4 1 1
github.com/felixgeelhaar/roady/internal/infrastructure/cli/spec.go:84.3,85.20 2 1
github.com/felixgeelhaar/roady/internal/infrastructure/cli/spec.go:85.20,87.27 2 1
github.com/felixgeelhaar/roady/internal/infrastructure/cli/spec.go:87.27,89.5 1 1
github.com/felixgeelhaar/roady/internal/infrastructure/cli/spec.go:90.4,90.47 1 1
github.com/felixgeelhaar/roady/internal/infrastructure/cli/spec.go:93.3,94.13 2 1
github.com/felixgeelhaar/roady/internal/infrastructure/cli/spec.go:103.54,105.20 2 0
github.com/felixgeelhaar/roady/internal/infrastructure/cli/spec.go:105.20,107.4 1 0
github.com/felixgeelhaar/roady/internal/infrastructure/cli/spec.go:109.3,114.17 5 0
github.com/felixgeelhaar/roady/internal/infrastructure/cli/spec.go:114.17,116.4 1 0
github.com/felixgeelhaar/roady/internal/infrastructure/cli/spec.go:118.3,118.20 1 0
github.com/felixgeelhaar/roady/internal/infrastructure/cli/spec.go:118.20,122.18 4 0
github.com/felixgeelhaar/roady/internal/infrastructure/cli/spec.go:122.18,125.5 2 0
github.com/felixgeelhaar/roady/internal/infrastructure/cli/spec.go:126.4,127.18 2 0
github.com/felixgeelhaar/roady/internal/infrastructure/cli/spec.go:127.18,129.5 1 0
github.com/felixgeelhaar/roady/internal/infrastructure/cli/spec.go:130.4,135.18 5 0
github.com/felixgeelhaar/roady/internal/infrastructure/cli/spec.go:135.18,137.5 1 0
github.com/felixgeelhaar/roady/internal/infrastructure/cli/spec.go:140.3,141.13 2 0
github.com/felixgeelhaar/roady/internal/infrastructure/cli/spec.go:149.54,156.17 6 0
github.com/felixgeelhaar/roady/internal/infrastructure/cli/spec.go:156.17,158.4 1 0
github.com/felixgeelhaar/roady/internal/infrastructure/cli/spec.go:160.3,162.13 3 0
github.com/felixgeelhaar/roady/internal/infrastructure/cli/spec.go:166.13,174.2 7 1
github.com/felixgeelhaar/roady/internal/infrastructure/cli/status.go:17.54,22.17 4 1
github.com/felixgeelhaar/roady/internal/infrastructure/cli/status.go:22.17,24.4 1 1
github.com/felixgeelhaar/roady/internal/infrastructure/cli/status.go:26.3,27.17 2 1
github.com/felixgeelhaar/roady/internal/infrastructure/cli/status.go:27.17,29.4 1 0
github.com/felixgeelhaar/roady/internal/infrastructure/cli/status.go:31.3,32.17 2 1
github.com/felixgeelhaar/roady/internal/infrastructure/cli/status.go:32.17,34.4 1 0
github.com/felixgeelhaar/roady/internal/infrastructure/cli/status.go:36.3,39.18 3 1
github.com/felixgeelhaar/roady/internal/infrastructure/cli/status.go:39.18,42.4 2 1
github.com/felixgeelhaar/roady/internal/infrastructure/cli/status.go:43.3,46.32 3 1
github.com/felixgeelhaar/roady/internal/infrastructure/cli/status.go:46.32,48.20 2 1
github.com/felixgeelhaar/roady/internal/infrastructure/cli/status.go:48.20,49.46 1 1
github.com/felixgeelhaar/roady/internal/infrastructure/cli/status.go:49.46,51.6 1 0
github.com/felixgeelhaar/roady/internal/infrastructure/cli/status.go:53.4,53.20 1 1
github.com/felixgeelhaar/roady/internal/infrastructure/cli/status.go:56.3,63.26 7 1
github.com/felixgeelhaar/roady/internal/infrastructure/cli/status.go:63.26,67.4 3 1
github.com/felixgeelhaar/roady/internal/infrastructure/cli/status.go:70.3,84.47 6 1
github.com/felixgeelhaar/roady/internal/infrastructure/cli/status.go:84.47,87.20 3 0
github.com/felixgeelhaar/roady/internal/infrastructure/cli/status.go:87.20,88.59 1 0
github.com/felixgeelhaar/roady/internal/infrastructure/cli/status.go:88.59,88.78 1 0
github.com/felixgeelhaar/roady/internal/infrastructure/cli/status.go:89.5,89.59 1 0
github.com/felixgeelhaar/roady/internal/infrastructure/cli/status.go:89.59,89.78 1 0
github.com/felixgeelhaar/roady/internal/infrastructure/cli/status.go:91.4,91.16 1 0
github.com/felixgeelhaar/roady/internal/infrastructure/cli/status.go:91.16,93.5 1 0
github.com/felixgeelhaar/roady/internal/infrastructure/cli/status.go:94.4,94.60 1 0
github.com/felixgeelhaar/roady/internal/infrastructure/cli/status.go:97.3,97.33 1 1
github.com/felixgeelhaar/roady/internal/infrastructure/cli/status.go:97.33,100.20 3 1
github.com/felixgeelhaar/roady/internal/infrastructure/cli/status.go:100.20,101.46 1 1
github.com/felixgeelhaar/roady/internal/infrastructure/cli/status.go:101.46,103.20 2 0
github.com/felixgeelhaar/roady/internal/infrastructure/cli/status.go:104.35,104.48 1 0
github.com/felixgeelhaar/roady/internal/infrastructure/cli/status.go:105.31,105.45 1 0
github.com/felixgeelhaar/roady/internal/infrastructure/cli/status.go:106.37,106.51 1 0
github.com/felixgeelhaar/roady/internal/infrastructure/cli/status.go:107.34,107.47 1 0
github.com/felixgeelhaar/roady/internal/infrastructure/cli/status.go:111.4,111.86 1 1
github.com/felixgeelhaar/roady/internal/infrastructure/cli/status.go:117.3,119.43 3 1
github.com/felixgeelhaar/roady/internal/infrastructure/cli/status.go:119.43,121.4 1 0
github.com/felixgeelhaar/roady/internal/infrastructure/cli/status.go:123.3,124.13 2 1
github.com/felixgeelhaar/roady/internal/infrastructure/cli/status.go:128.13,130.2 1 1
github.com/felixgeelhaar/roady/internal/infrastructure/cli/sync.go:17.54,25.17 7 1
github.com/felixgeelhaar/roady/internal/infrastructure/cli/sync.go:25.17,27.4 1 1
github.com/felixgeelhaar/roady/internal/infrastructure/cli/sync.go:29.3,30.17 2 0
github.com/felixgeelhaar/roady/internal/infrastructure/cli/sync.go:30.17,32.4 1 0
github.com/felixgeelhaar/roady/internal/infrastructure/cli/sync.go:34.3,35.17 2 0
github.com/felixgeelhaar/roady/internal/infrastructure/cli/sync.go:35.17,37.4 1 0
github.com/felixgeelhaar/roady/internal/infrastructure/cli/sync.go:39.3,40.17 2 0
github.com/felixgeelhaar/roady/internal/infrastructure/cli/sync.go:40.17,42.4 1 0
github.com/felixgeelhaar/roady/internal/infrastructure/cli/sync.go:44.3,44.23 1 0
github.com/felixgeelhaar/roady/internal/infrastructure/cli/sync.go:44.23,48.36 4 0
github.com/felixgeelhaar/roady/internal/infrastructure/cli/sync.go:48.36,51.19 3 0
github.com/felixgeelhaar/roady/internal/infrastructure/cli/sync.go:52.17,52.36 1 0
github.com/felixgeelhaar/roady/internal/infrastructure/cli/sync.go:53.24,53.40 1 0
github.com/felixgeelhaar/roady/internal/infrastructure/cli/sync.go:56.5,56.20 1 0
github.com/felixgeelhaar/roady/internal/infrastructure/cli/sync.go:56.20,57.85 1 0
github.com/felixgeelhaar/roady/internal/infrastructure/cli/sync.go:57.85,59.7 1 0
github.com/felixgeelhaar/roady/internal/infrastructure/cli/sync.go:59.12,61.7 1 0
github.com/felixgeelhaar/roady/internal/infrastructure/cli/sync.go:64.9,66.4 1 0
github.com/felixgeelhaar/roady/internal/infrastructure/cli/sync.go:67.3,67.13 1 0
github.com/felixgeelhaar/roady/internal/infrastructure/cli/sync.go:71.13,73.2 1 1
github.com/felixgeelhaar/roady/internal/infrastructure/cli/task.go:17.65,23.55 2 1
github.com/felixgeelhaar/roady/internal/infrastructure/cli/task.go:23.55,31.19 7 1
github.com/felixgeelhaar/roady/internal/infrastructure/cli/task.go:31.19,33.5 1 0
github.com/felixgeelhaar/roady/internal/infrastructure/cli/task.go:35.4,36.18 2 1
github.com/felixgeelhaar/roady/internal/infrastructure/cli/task.go:36.18,38.5 1 1
github.com/felixgeelhaar/roady/internal/infrastructure/cli/task.go:39.4,40.14 2 0
github.com/felixgeelhaar/roady/internal/infrastructure/cli/task.go:43.2,44.12 2 1
github.com/felixgeelhaar/roady/internal/infrastructure/cli/task.go:47.13,57.2 8 1
github.com/felixgeelhaar/roady/internal/infrastructure/cli/timeline.go:16.54,22.17 5 0
github.com/felixgeelhaar/roady/internal/infrastructure/cli/timeline.go:22.17,24.4 1 0
github.com/felixgeelhaar/roady/internal/infrastructure/cli/timeline.go:26.3,28.41 3 0
github.com/felixgeelhaar/roady/internal/infrastructure/cli/timeline.go:28.41,32.27 4 0
github.com/felixgeelhaar/roady/internal/infrastructure/cli/timeline.go:32.27,34.5 1 0
github.com/felixgeelhaar/roady/internal/infrastructure/cli/timeline.go:35.4,35.17 1 0
github.com/felixgeelhaar/roady/internal/infrastructure/cli/timeline.go:37.3,37.13 1 0
github.com/felixgeelhaar/roady/internal/infrastructure/cli/timeline.go:41.13,43.2 1 1
github.com/felixgeelhaar/roady/internal/infrastructure/cli/usage.go:16.54,22.17 5 0
github.com/felixgeelhaar/roady/internal/infrastructure/cli/usage.go:22.17,24.4 1 0
github.com/felixgeelhaar/roady/internal/infrastructure/cli/usage.go:26.3,29.36 4 0
github.com/felixgeelhaar/roady/internal/infrastructure/cli/usage.go:29.36,31.4 1 0
github.com/felixgeelhaar/roady/internal/infrastructure/cli/usage.go:33.3,33.35 1 0
github.com/felixgeelhaar/roady/internal/infrastructure/cli/usage.go:33.35,38.39 3 0
github.com/felixgeelhaar/roady/internal/infrastructure/cli/usage.go:38.39,40.5 1 0
github.com/felixgeelhaar/roady/internal/infrastructure/cli/usage.go:41.4,43.27 2 0
github.com/felixgeelhaar/roady/internal/infrastructure/cli/usage.go:43.27,45.5 1 0
github.com/felixgeelhaar/roady/internal/infrastructure/cli/usage.go:48.3,48.13 1 0
github.com/felixgeelhaar/roady/internal/infrastructure/cli/usage.go:52.13,54.2 1 1
github.com/felixgeelhaar/roady/internal/infrastructure/cli/watch.go:24.54,28.20 2 0
github.com/felixgeelhaar/roady/internal/infrastructure/cli/watch.go:28.20,32.4 1 0
github.com/felixgeelhaar/roady/internal/infrastructure/cli/watch.go:36.3,54.7 8 0
github.com/felixgeelhaar/roady/internal/infrastructure/cli/watch.go:54.7,58.18 2 0
github.com/felixgeelhaar/roady/internal/infrastructure/cli/watch.go:58.18,62.32 2 0
github.com/felixgeelhaar/roady/internal/infrastructure/cli/watch.go:62.32,64.24 1 0
github.com/felixgeelhaar/roady/internal/infrastructure/cli/watch.go:64.24,70.19 2 0
github.com/felixgeelhaar/roady/internal/infrastructure/cli/watch.go:70.19,80.22 4 0
github.com/felixgeelhaar/roady/internal/infrastructure/cli/watch.go:80.22,86.9 2 0
github.com/felixgeelhaar/roady/internal/infrastructure/cli/watch.go:88.8,98.22 5 0
github.com/felixgeelhaar/roady/internal/infrastructure/cli/watch.go:98.22,102.9 1 0
github.com/felixgeelhaar/roady/internal/infrastructure/cli/watch.go:102.14,106.9 1 0
github.com/felixgeelhaar/roady/internal/infrastructure/cli/watch.go:114.7,116.47 2 0
github.com/felixgeelhaar/roady/internal/infrastructure/cli/watch.go:116.47,120.42 2 0
github.com/felixgeelhaar/roady/internal/infrastructure/cli/watch.go:120.42,124.9 1 0
github.com/felixgeelhaar/roady/internal/infrastructure/cli/watch.go:126.13,130.8 1 0
github.com/felixgeelhaar/roady/internal/infrastructure/cli/watch.go:134.6,134.28 1 0
github.com/felixgeelhaar/roady/internal/infrastructure/cli/watch.go:142.4,142.31 1 0
github.com/felixgeelhaar/roady/internal/infrastructure/cli/watch.go:152.13,158.2 2 1
github.com/felixgeelhaar/roady/internal/infrastructure/mcp/server.go:25.37,31.16 5 1
github.com/felixgeelhaar/roady/internal/infrastructure/mcp/server.go:31.16,34.3 2 1
github.com/felixgeelhaar/roady/internal/infrastructure/mcp/server.go:36.2,56.10 6 1
github.com/felixgeelhaar/roady/internal/infrastructure/mcp/server.go:67.34,157.2 18 1
github.com/felixgeelhaar/roady/internal/infrastructure/mcp/server.go:159.85,161.16 2 0
github.com/felixgeelhaar/roady/internal/infrastructure/mcp/server.go:161.16,161.34 1 0
github.com/felixgeelhaar/roady/internal/infrastructure/mcp/server.go:163.2,166.31 4 0
github.com/felixgeelhaar/roady/internal/infrastructure/mcp/server.go:166.31,167.63 1 0
github.com/felixgeelhaar/roady/internal/infrastructure/mcp/server.go:167.63,169.4 1 0
github.com/felixgeelhaar/roady/internal/infrastructure/mcp/server.go:172.2,172.121 1 0
github.com/felixgeelhaar/roady/internal/infrastructure/mcp/server.go:175.83,178.2 1 0
github.com/felixgeelhaar/roady/internal/infrastructure/mcp/server.go:180.84,182.2 1 0
github.com/felixgeelhaar/roady/internal/infrastructure/mcp/server.go:184.89,186.16 2 0
github.com/felixgeelhaar/roady/internal/infrastructure/mcp/server.go:186.16,188.3 1 0
github.com/felixgeelhaar/roady/internal/infrastructure/mcp/server.go:189.2,189.42 1 0
github.com/felixgeelhaar/roady/internal/infrastructure/mcp/server.go:197.93,199.16 2 0
github.com/felixgeelhaar/roady/internal/infrastructure/mcp/server.go:199.16,201.3 1 0
github.com/felixgeelhaar/roady/internal/infrastructure/mcp/server.go:202.2,202.146 1 0
github.com/felixgeelhaar/roady/internal/infrastructure/mcp/server.go:205.82,207.2 1 0
github.com/felixgeelhaar/roady/internal/infrastructure/mcp/server.go:209.88,211.16 2 0
github.com/felixgeelhaar/roady/internal/infrastructure/mcp/server.go:211.16,213.3 1 0
github.com/felixgeelhaar/roady/internal/infrastructure/mcp/server.go:214.2,214.42 1 0
github.com/felixgeelhaar/roady/internal/infrastructure/mcp/server.go:217.88,219.2 1 0
github.com/felixgeelhaar/roady/internal/infrastructure/mcp/server.go:227.101,229.16 2 0
github.com/felixgeelhaar/roady/internal/infrastructure/mcp/server.go:229.16,231.3 1 0
github.com/felixgeelhaar/roady/internal/infrastructure/mcp/server.go:232.2,232.101 1 0
github.com/felixgeelhaar/roady/internal/infrastructure/mcp/server.go:235.81,237.16 2 1
github.com/felixgeelhaar/roady/internal/infrastructure/mcp/server.go:237.16,239.3 1 1
github.com/felixgeelhaar/roady/internal/infrastructure/mcp/server.go:240.2,240.75 1 1
github.com/felixgeelhaar/roady/internal/infrastructure/mcp/server.go:243.81,245.16 2 1
github.com/felixgeelhaar/roady/internal/infrastructure/mcp/server.go:245.16,247.3 1 1
github.com/felixgeelhaar/roady/internal/infrastructure/mcp/server.go:248.2,248.18 1 1
github.com/felixgeelhaar/roady/internal/infrastructure/mcp/server.go:251.81,253.16 2 1
github.com/felixgeelhaar/roady/internal/infrastructure/mcp/server.go:253.16,255.3 1 1
github.com/felixgeelhaar/roady/internal/infrastructure/mcp/server.go:256.2,256.18 1 1
github.com/felixgeelhaar/roady/internal/infrastructure/mcp/server.go:259.82,261.16 2 0
github.com/felixgeelhaar/roady/internal/infrastructure/mcp/server.go:261.16,263.3 1 0
github.com/felixgeelhaar/roady/internal/infrastructure/mcp/server.go:264.2,264.19 1 0
github.com/felixgeelhaar/roady/internal/infrastructure/mcp/server.go:267.89,269.16 2 1
github.com/felixgeelhaar/roady/internal/infrastructure/mcp/server.go:269.16,271.3 1 1
github.com/felixgeelhaar/roady/internal/infrastructure/mcp/server.go:272.2,272.96 1 1
github.com/felixgeelhaar/roady/internal/infrastructure/mcp/server.go:275.93,277.16 2 1
github.com/felixgeelhaar/roady/internal/infrastructure/mcp/server.go:277.16,279.3 1 1
github.com/felixgeelhaar/roady/internal/infrastructure/mcp/server.go:280.2,280.94 1 1
github.com/felixgeelhaar/roady/internal/infrastructure/mcp/server.go:283.85,285.16 2 1
github.com/felixgeelhaar/roady/internal/infrastructure/mcp/server.go:285.16,287.3 1 1
github.com/felixgeelhaar/roady/internal/infrastructure/mcp/server.go:288.2,288.20 1 1
github.com/felixgeelhaar/roady/internal/infrastructure/mcp/server.go:291.83,293.16 2 1
github.com/felixgeelhaar/roady/internal/infrastructure/mcp/server.go:293.16,295.3 1 1
github.com/felixgeelhaar/roady/internal/infrastructure/mcp/server.go:297.2,298.16 2 1
github.com/felixgeelhaar/roady/internal/infrastructure/mcp/server.go:298.16,300.3 1 0
github.com/felixgeelhaar/roady/internal/infrastructure/mcp/server.go:302.2,303.31 2 1
github.com/felixgeelhaar/roady/internal/infrastructure/mcp/server.go:303.31,305.44 2 1
github.com/felixgeelhaar/roady/internal/infrastructure/mcp/server.go:305.44,307.4 1 1
github.com/felixgeelhaar/roady/internal/infrastructure/mcp/server.go:308.3,308.19 1 1
github.com/felixgeelhaar/roady/internal/infrastructure/mcp/server.go:311.2,313.23 2 1
github.com/felixgeelhaar/roady/internal/infrastructure/mcp/server.go:316.85,318.16 2 1
github.com/felixgeelhaar/roady/internal/infrastructure/mcp/server.go:318.16,320.3 1 1
github.com/felixgeelhaar/roady/internal/infrastructure/mcp/server.go:321.2,321.25 1 1
[...]
github.com/felixgeelhaar/roady/internal/infrastructure/ai/anthropic.go:76.2,77.16 2 0
github.com/felixgeelhaar/roady/internal/infrastructure/ai/anthropic.go:77.16,79.3 1 0
github.com/felixgeelhaar/roady/internal/infrastructure/ai/anthropic.go:81.2,86.16 5 0
github.com/felixgeelhaar/roady/internal/infrastructure/ai/anthropic.go:86.16,88.3 1 0
github.com/felixgeelhaar/roady/internal/infrastructure/ai/anthropic.go:89.2,91.38 2 0
github.com/felixgeelhaar/roady/internal/infrastructure/ai/anthropic.go:91.38,93.3 1 0
github.com/felixgeelhaar/roady/internal/infrastructure/ai/anthropic.go:95.2,96.71 2 0
github.com/felixgeelhaar/roady/internal/infrastructure/ai/anthropic.go:96.71,98.3 1 0
github.com/felixgeelhaar/roady/internal/infrastructure/ai/anthropic.go:100.2,100.34 1 0
github.com/felixgeelhaar/roady/internal/infrastructure/ai/anthropic.go:100.34,102.3 1 0
github.com/felixgeelhaar/roady/internal/infrastructure/ai/anthropic.go:104.2,111.8 1 0
github.com/felixgeelhaar/roady/internal/infrastructure/ai/factory.go:10.78,11.22 1 0
github.com/felixgeelhaar/roady/internal/infrastructure/ai/factory.go:12.20,13.22 1 0
github.com/felixgeelhaar/roady/internal/infrastructure/ai/factory.go:13.22,15.4 1 0
github.com/felixgeelhaar/roady/internal/infrastructure/ai/factory.go:16.3,16.43 1 0
github.com/felixgeelhaar/roady/internal/infrastructure/ai/factory.go:17.14,18.46 1 0
github.com/felixgeelhaar/roady/internal/infrastructure/ai/factory.go:19.16,21.51 2 0
github.com/felixgeelhaar/roady/internal/infrastructure/ai/factory.go:22.19,24.54 2 0
github.com/felixgeelhaar/roady/internal/infrastructure/ai/factory.go:25.16,27.51 2 0
github.com/felixgeelhaar/roady/internal/infrastructure/ai/factory.go:28.10,29.70 1 0
github.com/felixgeelhaar/roady/internal/infrastructure/ai/factory.go:34.78,39.23 3 0
github.com/felixgeelhaar/roady/internal/infrastructure/ai/factory.go:39.23,41.3 1 0
github.com/felixgeelhaar/roady/internal/infrastructure/ai/factory.go:42.2,42.20 1 0
github.com/felixgeelhaar/roady/internal/infrastructure/ai/factory.go:42.20,44.3 1 0
github.com/felixgeelhaar/roady/internal/infrastructure/ai/factory.go:46.2,46.45 1 0
github.com/felixgeelhaar/roady/internal/infrastructure/ai/gemini.go:18.69,19.17 1 0
github.com/felixgeelhaar/roady/internal/infrastructure/ai/gemini.go:19.17,21.3 1 0
github.com/felixgeelhaar/roady/internal/infrastructure/ai/gemini.go:22.2,25.3 1 0
github.com/felixgeelhaar/roady/internal/infrastructure/ai/gemini.go:28.38,30.2 1 0
github.com/felixgeelhaar/roady/internal/infrastructure/ai/gemini.go:55.114,56.20 1 0
github.com/felixgeelhaar/roady/internal/infrastructure/ai/gemini.go:56.20,58.3 1 0
github.com/felixgeelhaar/roady/internal/infrastructure/ai/gemini.go:60.2,66.22 2 0
github.com/felixgeelhaar/roady/internal/infrastructure/ai/gemini.go:66.22,70.3 1 0
github.com/felixgeelhaar/roady/internal/infrastructure/ai/gemini.go:72.2,73.16 2 0
github.com/felixgeelhaar/roady/internal/infrastructure/ai/gemini.go:73.16,75.3 1 0
github.com/felixgeelhaar/roady/internal/infrastructure/ai/gemini.go:77.2,79.16 3 0
github.com/felixgeelhaar/roady/internal/infrastructure/ai/gemini.go:79.16,81.3 1 0
github.com/felixgeelhaar/roady/internal/infrastructure/ai/gemini.go:83.2,86.16 3 0
github.com/felixgeelhaar/roady/internal/infrastructure/ai/gemini.go:86.16,88.3 1 0
github.com/felixgeelhaar/roady/internal/infrastructure/ai/gemini.go:89.2,91.38 2 0
github.com/felixgeelhaar/roady/internal/infrastructure/ai/gemini.go:91.38,93.3 1 0
github.com/felixgeelhaar/roady/internal/infrastructure/ai/gemini.go:95.2,96.66 2 0
github.com/felixgeelhaar/roady/internal/infrastructure/ai/gemini.go:96.66,98.3 1 0
github.com/felixgeelhaar/roady/internal/infrastructure/ai/gemini.go:100.2,100.79 1 0
github.com/felixgeelhaar/roady/internal/infrastructure/ai/gemini.go:100.79,102.3 1 0
github.com/felixgeelhaar/roady/internal/infrastructure/ai/gemini.go:104.2,111.8 1 0
github.com/felixgeelhaar/roady/internal/infrastructure/ai/mock.go:15.36,17.2 1 0
github.com/felixgeelhaar/roady/internal/infrastructure/ai/mock.go:19.112,21.82 2 0
github.com/felixgeelhaar/roady/internal/infrastructure/ai/mock.go:21.82,23.3 1 0
github.com/felixgeelhaar/roady/internal/infrastructure/ai/mock.go:25.2,32.8 1 0
github.com/felixgeelhaar/roady/internal/infrastructure/ai/ollama.go:19.54,20.17 1 1
github.com/felixgeelhaar/roady/internal/infrastructure/ai/ollama.go:20.17,22.3 1 1
github.com/felixgeelhaar/roady/internal/infrastructure/ai/ollama.go:23.2,23.38 1 1
github.com/felixgeelhaar/roady/internal/infrastructure/ai/ollama.go:26.38,28.2 1 1
github.com/felixgeelhaar/roady/internal/infrastructure/ai/ollama.go:45.114,46.41 1 1
github.com/felixgeelhaar/roady/internal/infrastructure/ai/ollama.go:46.41,48.3 1 1
github.com/felixgeelhaar/roady/internal/infrastructure/ai/ollama.go:50.2,50.25 1 1
github.com/felixgeelhaar/roady/internal/infrastructure/ai/ollama.go:50.25,52.3 1 1
github.com/felixgeelhaar/roady/internal/infrastructure/ai/ollama.go:54.2,57.82 3 1
github.com/felixgeelhaar/roady/internal/infrastructure/ai/ollama.go:57.82,59.3 1 0
github.com/felixgeelhaar/roady/internal/infrastructure/ai/ollama.go:61.2,68.16 2 1
github.com/felixgeelhaar/roady/internal/infrastructure/ai/ollama.go:68.16,70.3 1 0
github.com/felixgeelhaar/roady/internal/infrastructure/ai/ollama.go:72.2,73.16 2 1
github.com/felixgeelhaar/roady/internal/infrastructure/ai/ollama.go:73.16,75.3 1 0
github.com/felixgeelhaar/roady/internal/infrastructure/ai/ollama.go:76.2,79.16 3 1
github.com/felixgeelhaar/roady/internal/infrastructure/ai/ollama.go:79.16,81.3 1 1
github.com/felixgeelhaar/roady/internal/infrastructure/ai/ollama.go:82.2,84.38 2 0
github.com/felixgeelhaar/roady/internal/infrastructure/ai/ollama.go:84.38,86.3 1 0
github.com/felixgeelhaar/roady/internal/infrastructure/ai/ollama.go:88.2,89.66 2 0
github.com/felixgeelhaar/roady/internal/infrastructure/ai/ollama.go:89.66,91.3 1 0
github.com/felixgeelhaar/roady/internal/infrastructure/ai/ollama.go:93.2,100.8 1 0
github.com/felixgeelhaar/roady/internal/infrastructure/ai/openai.go:18.69,19.17 1 0
github.com/felixgeelhaar/roady/internal/infrastructure/ai/openai.go:19.17,21.3 1 0
github.com/felixgeelhaar/roady/internal/infrastructure/ai/openai.go:22.2,25.3 1 0
github.com/felixgeelhaar/roady/internal/infrastructure/ai/openai.go:28.38,30.2 1 0
github.com/felixgeelhaar/roady/internal/infrastructure/ai/openai.go:52.114,53.20 1 0
github.com/felixgeelhaar/roady/internal/infrastructure/ai/openai.go:53.20,55.3 1 0
github.com/felixgeelhaar/roady/internal/infrastructure/ai/openai.go:57.2,58.22 2 0
github.com/felixgeelhaar/roady/internal/infrastructure/ai/openai.go:58.22,60.3 1 0
github.com/felixgeelhaar/roady/internal/infrastructure/ai/openai.go:61.2,67.16 3 0
github.com/felixgeelhaar/roady/internal/infrastructure/ai/openai.go:67.16,69.3 1 0
github.com/felixgeelhaar/roady/internal/infrastructure/ai/openai.go:71.2,72.16 2 0
github.com/felixgeelhaar/roady/internal/infrastructure/ai/openai.go:72.16,74.3 1 0
github.com/felixgeelhaar/roady/internal/infrastructure/ai/openai.go:76.2,80.16 4 0
github.com/felixgeelhaar/roady/internal/infrastructure/ai/openai.go:80.16,82.3 1 0
github.com/felixgeelhaar/roady/internal/infrastructure/ai/openai.go:83.2,85.38 2 0
github.com/felixgeelhaar/roady/internal/infrastructure/ai/openai.go:85.38,87.3 1 0
github.com/felixgeelhaar/roady/internal/infrastructure/ai/openai.go:89.2,90.71 2 0
github.com/felixgeelhaar/roady/internal/infrastructure/ai/openai.go:90.71,92.3 1 0
github.com/felixgeelhaar/roady/internal/infrastructure/ai/openai.go:94.2,94.34 1 0
github.com/felixgeelhaar/roady/internal/infrastructure/ai/openai.go:94.34,96.3 1 0
github.com/felixgeelhaar/roady/internal/infrastructure/ai/openai.go:98.2,105.8 1 0
github.com/felixgeelhaar/roady/internal/infrastructure/ai/resilient.go:16.65,18.2 1 1
github.com/felixgeelhaar/roady/internal/infrastructure/ai/resilient.go:20.41,22.2 1 0
github.com/felixgeelhaar/roady/internal/infrastructure/ai/resilient.go:24.117,42.99 3 1
github.com/felixgeelhaar/roady/internal/infrastructure/ai/resilient.go:42.99,43.83 1 1
github.com/felixgeelhaar/roady/internal/infrastructure/ai/resilient.go:43.83,45.4 1 1
github.com/felixgeelhaar/roady/internal/infrastructure/ai/resilient.go:46.3,46.18 1 1
github.com/felixgeelhaar/roady/internal/infrastructure/storage/filesystem.go:32.65,41.2 1 1
github.com/felixgeelhaar/roady/internal/infrastructure/storage/filesystem.go:44.77,45.20 1 1
github.com/felixgeelhaar/roady/internal/infrastructure/storage/filesystem.go:45.20,47.3 1 1
github.com/felixgeelhaar/roady/internal/infrastructure/storage/filesystem.go:50.2,55.82 4 1
github.com/felixgeelhaar/roady/internal/infrastructure/storage/filesystem.go:55.82,57.3 1 1
github.com/felixgeelhaar/roady/internal/infrastructure/storage/filesystem.go:59.2,59.23 1 1
github.com/felixgeelhaar/roady/internal/infrastructure/storage/filesystem.go:62.51,65.48 2 1
github.com/felixgeelhaar/roady/internal/infrastructure/storage/filesystem.go:65.48,67.3 1 1
github.com/felixgeelhaar/roady/internal/infrastructure/storage/filesystem.go:68.2,68.12 1 1
github.com/felixgeelhaar/roady/internal/infrastructure/storage/filesystem.go:71.53,74.2 2 1
github.com/felixgeelhaar/roady/internal/infrastructure/storage/filesystem.go:76.68,78.16 2 1
github.com/felixgeelhaar/roady/internal/infrastructure/storage/filesystem.go:78.16,80.3 1 0
github.com/felixgeelhaar/roady/internal/infrastructure/storage/filesystem.go:82.2,83.16 2 1
github.com/felixgeelhaar/roady/internal/infrastructure/storage/filesystem.go:83.16,85.3 1 0
github.com/felixgeelhaar/roady/internal/infrastructure/storage/filesystem.go:88.2,88.39 1 1
github.com/felixgeelhaar/roady/internal/infrastructure/storage/filesystem.go:91.70,94.95 2 1
github.com/felixgeelhaar/roady/internal/infrastructure/storage/filesystem.go:94.95,96.17 2 1
github.com/felixgeelhaar/roady/internal/infrastructure/storage/filesystem.go:96.17,98.4 1 0
github.com/felixgeelhaar/roady/internal/infrastructure/storage/filesystem.go:101.3,102.17 2 1
github.com/felixgeelhaar/roady/internal/infrastructure/storage/filesystem.go:102.17,104.4 1 1
github.com/felixgeelhaar/roady/internal/infrastructure/storage/filesystem.go:106.3,107.50 2 1
github.com/felixgeelhaar/roady/internal/infrastructure/storage/filesystem.go:107.50,109.4 1 1
github.com/felixgeelhaar/roady/internal/infrastructure/storage/filesystem.go:111.3,111.17 1 1
github.com/felixgeelhaar/roady/internal/infrastructure/storage/filesystem.go:115.72,117.16 2 1
github.com/felixgeelhaar/roady/internal/infrastructure/storage/filesystem.go:117.16,119.3 1 0
github.com/felixgeelhaar/roady/internal/infrastructure/storage/filesystem.go:121.2,122.16 2 1
github.com/felixgeelhaar/roady/internal/infrastructure/storage/filesystem.go:122.16,124.3 1 0
github.com/felixgeelhaar/roady/internal/infrastructure/storage/filesystem.go:126.2,126.39 1 1
github.com/felixgeelhaar/roady/internal/infrastructure/storage/filesystem.go:129.74,131.16 2 1
github.com/felixgeelhaar/roady/internal/infrastructure/storage/filesystem.go:131.16,133.3 1 0
github.com/felixgeelhaar/roady/internal/infrastructure/storage/filesystem.go:136.2,137.16 2 1
github.com/felixgeelhaar/roady/internal/infrastructure/storage/filesystem.go:137.16,139.3 1 0
github.com/felixgeelhaar/roady/internal/infrastructure/storage/filesystem.go:141.2,142.49 2 1
github.com/felixgeelhaar/roady/internal/infrastructure/storage/filesystem.go:142.49,144.3 1 0
github.com/felixgeelhaar/roady/internal/infrastructure/storage/filesystem.go:146.2,146.16 1 1
github.com/felixgeelhaar/roady/internal/infrastructure/storage/filesystem.go:149.75,151.16 2 1
github.com/felixgeelhaar/roady/internal/infrastructure/storage/filesystem.go:151.16,153.3 1 0
github.com/felixgeelhaar/roady/internal/infrastructure/storage/filesystem.go:155.2,156.16 2 1
github.com/felixgeelhaar/roady/internal/infrastructure/storage/filesystem.go:156.16,158.3 1 0
github.com/felixgeelhaar/roady/internal/infrastructure/storage/filesystem.go:160.2,160.39 1 1
github.com/felixgeelhaar/roady/internal/infrastructure/storage/filesystem.go:163.72,165.16 2 0
github.com/felixgeelhaar/roady/internal/infrastructure/storage/filesystem.go:165.16,167.3 1 0
github.com/felixgeelhaar/roady/internal/infrastructure/storage/filesystem.go:169.2,170.16 2 0
github.com/felixgeelhaar/roady/internal/infrastructure/storage/filesystem.go:170.16,171.25 1 0
github.com/felixgeelhaar/roady/internal/infrastructure/storage/filesystem.go:171.25,173.4 1 0
github.com/felixgeelhaar/roady/internal/infrastructure/storage/filesystem.go:174.3,174.63 1 0
github.com/felixgeelhaar/roady/internal/infrastructure/storage/filesystem.go:177.2,178.53 2 0
github.com/felixgeelhaar/roady/internal/infrastructure/storage/filesystem.go:178.53,180.3 1 0
github.com/felixgeelhaar/roady/internal/infrastructure/storage/filesystem.go:182.2,182.20 1 0
github.com/felixgeelhaar/roady/internal/infrastructure/storage/filesystem_audit.go:12.70,14.16 2 1
github.com/felixgeelhaar/roady/internal/infrastructure/storage/filesystem_audit.go:14.16,16.3 1 0
github.com/felixgeelhaar/roady/internal/infrastructure/storage/filesystem_audit.go:18.1,19.16 2 1
github.com/felixgeelhaar/roady/internal/infrastructure/storage/filesystem_audit.go:19.16,21.3 1 1
github.com/felixgeelhaar/roady/internal/infrastructure/storage/filesystem_audit.go:23.1,27.16 3 1
github.com/felixgeelhaar/roady/internal/infrastructure/storage/filesystem_audit.go:27.16,29.3 1 1
github.com/felixgeelhaar/roady/internal/infrastructure/storage/filesystem_audit.go:30.2,32.41 2 1
github.com/felixgeelhaar/roady/internal/infrastructure/storage/filesystem_audit.go:32.41,34.3 1 0
github.com/felixgeelhaar/roady/internal/infrastructure/storage/filesystem_audit.go:36.2,36.12 1 1
github.com/felixgeelhaar/roady/internal/infrastructure/storage/filesystem_audit.go:39.69,41.16 2 0
github.com/felixgeelhaar/roady/internal/infrastructure/storage/filesystem_audit.go:41.16,43.3 1 0
github.com/felixgeelhaar/roady/internal/infrastructure/storage/filesystem_audit.go:46.2,47.16 2 0
github.com/felixgeelhaar/roady/internal/infrastructure/storage/filesystem_audit.go:47.16,48.25 1 0
github.com/felixgeelhaar/roady/internal/infrastructure/storage/filesystem_audit.go:48.25,50.4 1 0
github.com/felixgeelhaar/roady/internal/infrastructure/storage/filesystem_audit.go:51.3,51.64 1 0
github.com/felixgeelhaar/roady/internal/infrastructure/storage/filesystem_audit.go:54.2,56.29 3 0
github.com/felixgeelhaar/roady/internal/infrastructure/storage/filesystem_audit.go:56.29,57.38 1 0
github.com/felixgeelhaar/roady/internal/infrastructure/storage/filesystem_audit.go:57.38,58.12 1 0
github.com/felixgeelhaar/roady/internal/infrastructure/storage/filesystem_audit.go:60.3,61.50 2 0
github.com/felixgeelhaar/roady/internal/infrastructure/storage/filesystem_audit.go:61.50,62.12 1 0
github.com/felixgeelhaar/roady/internal/infrastructure/storage/filesystem_audit.go:64.3,64.29 1 0
github.com/felixgeelhaar/roady/internal/infrastructure/storage/filesystem_audit.go:67.2,67.20 1 0
github.com/felixgeelhaar/roady/internal/infrastructure/storage/filesystem_plan.go:11.65,13.16 2 1
github.com/felixgeelhaar/roady/internal/infrastructure/storage/filesystem_plan.go:13.16,15.3 1 0
github.com/felixgeelhaar/roady/internal/infrastructure/storage/filesystem_plan.go:17.2,18.16 2 1
github.com/felixgeelhaar/roady/internal/infrastructure/storage/filesystem_plan.go:18.16,20.3 1 0
github.com/felixgeelhaar/roady/internal/infrastructure/storage/filesystem_plan.go:22.2,22.39 1 1
github.com/felixgeelhaar/roady/internal/infrastructure/storage/filesystem_plan.go:25.67,26.43 1 1
github.com/felixgeelhaar/roady/internal/infrastructure/storage/filesystem_plan.go:26.43,28.3 1 1
github.com/felixgeelhaar/roady/internal/infrastructure/storage/filesystem_plan.go:30.2,31.16 2 1
github.com/felixgeelhaar/roady/internal/infrastructure/storage/filesystem_plan.go:31.16,33.3 1 0
github.com/felixgeelhaar/roady/internal/infrastructure/storage/filesystem_plan.go:36.2,37.16 2 1
github.com/felixgeelhaar/roady/internal/infrastructure/storage/filesystem_plan.go:37.16,38.25 1 0
github.com/felixgeelhaar/roady/internal/infrastructure/storage/filesystem_plan.go:38.25,40.4 1 0
github.com/felixgeelhaar/roady/internal/infrastructure/storage/filesystem_plan.go:41.3,41.62 1 0
github.com/felixgeelhaar/roady/internal/infrastructure/storage/filesystem_plan.go:44.2,45.49 2 1
github.com/felixgeelhaar/roady/internal/infrastructure/storage/filesystem_plan.go:45.49,47.3 1 1
github.com/felixgeelhaar/roady/internal/infrastructure/storage/filesystem_plan.go:49.2,49.16 1 1
github.com/felixgeelhaar/roady/internal/infrastructure/storage/filesystem_policy.go:12.75,14.16 2 1
github.com/felixgeelhaar/roady/internal/infrastructure/storage/filesystem_policy.go:14.16,16.3 1 0
github.com/felixgeelhaar/roady/internal/infrastructure/storage/filesystem_policy.go:19.2,20.16 2 1
github.com/felixgeelhaar/roady/internal/infrastructure/storage/filesystem_policy.go:20.16,21.25 1 1
github.com/felixgeelhaar/roady/internal/infrastructure/storage/filesystem_policy.go:21.25,23.4 1 1
github.com/felixgeelhaar/roady/internal/infrastructure/storage/filesystem_policy.go:24.3,24.64 1 1
github.com/felixgeelhaar/roady/internal/infrastructure/storage/filesystem_policy.go:27.2,30.41 4 1
github.com/felixgeelhaar/roady/internal/infrastructure/storage/filesystem_policy.go:30.41,32.3 1 1
github.com/felixgeelhaar/roady/internal/infrastructure/storage/filesystem_policy.go:34.2,34.18 1 1
github.com/felixgeelhaar/roady/internal/infrastructure/storage/filesystem_policy.go:37.75,39.16 2 1
github.com/felixgeelhaar/roady/internal/infrastructure/storage/filesystem_policy.go:39.16,41.3 1 0
github.com/felixgeelhaar/roady/internal/infrastructure/storage/filesystem_policy.go:43.2,44.16 2 1
github.com/felixgeelhaar/roady/internal/infrastructure/storage/filesystem_policy.go:44.16,46.3 1 0
github.com/felixgeelhaar/roady/internal/infrastructure/storage/filesystem_policy.go:47.2,47.39 1 1
github.com/felixgeelhaar/roady/internal/infrastructure/storage/filesystem_state.go:11.76,13.16 2 0
github.com/felixgeelhaar/roady/internal/infrastructure/storage/filesystem_state.go:13.16,15.3 1 0
github.com/felixgeelhaar/roady/internal/infrastructure/storage/filesystem_state.go:17.2,18.16 2 0
github.com/felixgeelhaar/roady/internal/infrastructure/storage/filesystem_state.go:18.16,20.3 1 0
github.com/felixgeelhaar/roady/internal/infrastructure/storage/filesystem_state.go:22.2,22.39 1 0
github.com/felixgeelhaar/roady/internal/infrastructure/storage/filesystem_state.go:25.78,27.16 2 0
github.com/felixgeelhaar/roady/internal/infrastructure/storage/filesystem_state.go:27.16,29.3 1 0
github.com/felixgeelhaar/roady/internal/infrastructure/storage/filesystem_state.go:31.2,32.16 2 0
github.com/felixgeelhaar/roady/internal/infrastructure/storage/filesystem_state.go:32.16,33.25 1 0
github.com/felixgeelhaar/roady/internal/infrastructure/storage/filesystem_state.go:33.25,36.4 1 0
github.com/felixgeelhaar/roady/internal/infrastructure/storage/filesystem_state.go:37.3,37.63 1 0
github.com/felixgeelhaar/roady/internal/infrastructure/storage/filesystem_state.go:40.2,41.49 2 0
github.com/felixgeelhaar/roady/internal/infrastructure/storage/filesystem_state.go:41.49,43.3 1 0
github.com/felixgeelhaar/roady/internal/infrastructure/storage/filesystem_state.go:45.2,45.16 1 0
github.com/felixgeelhaar/roady/internal/infrastructure/plugin/loader.go:25.26,29.2 1 1
github.com/felixgeelhaar/roady/internal/infrastructure/plugin/loader.go:31.65,42.16 3 1
github.com/felixgeelhaar/roady/internal/infrastructure/plugin/loader.go:42.16,45.3 2 1
github.com/felixgeelhaar/roady/internal/infrastructure/plugin/loader.go:47.2,48.16 2 1
github.com/felixgeelhaar/roady/internal/infrastructure/plugin/loader.go:48.16,51.3 2 0
github.com/felixgeelhaar/roady/internal/infrastructure/plugin/loader.go:53.2,54.39 2 1
github.com/felixgeelhaar/roady/internal/infrastructure/plugin/loader.go:57.28,58.35 1 1
github.com/felixgeelhaar/roady/internal/infrastructure/plugin/loader.go:58.35,60.3 1 1
